This file contains any messages produced by compilers while
running configure, to aid debugging if configure makes a mistake.

It was created by bmake configure 20260406, which was
generated by GNU Autoconf 2.72.  Invocation command line was

  $ /home/ildar/kyronix-ports/tools/bmake/configure --with-default-sys-path=/usr/share/mk --prefix=/usr --with-mksrc=/home/ildar/kyronix-ports/tools/bmake/mk

## --------- ##
## Platform. ##
## --------- ##

hostname = anmitali-arch
uname -m = x86_64
uname -r = 7.0.12-arch1-1
uname -s = Linux
uname -v = #1 SMP PREEMPT_DYNAMIC Wed, 10 Jun 2026 08:58:02 +0000

/usr/bin/uname -p = unknown
/bin/uname -X     = unknown

/bin/arch              = unknown
/usr/bin/arch -k       = unknown
/usr/convex/getsysinfo = unknown
/usr/bin/hostinfo      = unknown
/bin/machine           = unknown
/usr/bin/oslevel       = unknown
/bin/universe          = unknown

PATH: /home/ildar/.local/share/zed/node/cache/_npx/cfcbd68c951be0df/node_modules/.bin/
PATH: /home/ildar/kyronix-ports/node_modules/.bin/
PATH: /home/ildar/node_modules/.bin/
PATH: /home/node_modules/.bin/
PATH: /node_modules/.bin/
PATH: /usr/lib/node_modules/npm/node_modules/@npmcli/run-script/lib/node-gyp-bin/
PATH: /usr/bin/
PATH: /home/ildar/.local/bin/
PATH: /usr/local/djgpp/bin/
PATH: /home/ildar/.npm-global/bin/
PATH: /home/ildar/.cargo/bin/
PATH: /home/ildar/go/bin/
PATH: /usr/local/go/bin/
PATH: /home/ildar/.local/share/gem/ruby/3.4.0/bin/
PATH: /home/ildar/.local/bin/
PATH: /usr/local/bin/
PATH: /usr/bin/
PATH: /bin/
PATH: /usr/sbin/
PATH: /sbin/
PATH: /home/ildar/.fzf/bin/
PATH: /home/ildar/.yarn/bin/


## ----------- ##
## Core tests. ##
## ----------- ##

configure:2616: looking for aux files: install-sh
configure:2629:  trying /home/ildar/kyronix-ports/tools/bmake/
configure:2640:   /home/ildar/kyronix-ports/tools/bmake/install-sh found
configure:3057: checking for gcc
configure:3090: result: musl-gcc -fno-link-libatomic
configure:3449: checking for C compiler version
configure:3458: musl-gcc -fno-link-libatomic --version >&5
gcc (GCC) 16.1.1 20260430
Copyright (C) 2026 Free Software Foundation, Inc.
This is free software; see the source for copying conditions.  There is NO
warranty; not even for MERCHANTABILITY or FITNESS FOR A PARTICULAR PURPOSE.

configure:3469: $? = 0
configure:3458: musl-gcc -fno-link-libatomic -v >&5
Using built-in specs.
Reading specs from /usr/lib/musl/lib/musl-gcc.specs
rename spec cpp_options to old_cpp_options
COLLECT_GCC=gcc
COLLECT_LTO_WRAPPER=/usr/lib/gcc/x86_64-pc-linux-gnu/16.1.1/lto-wrapper
Target: x86_64-pc-linux-gnu
Configured with: /build/gcc/src/gcc/configure --enable-languages=ada,c,c++,d,fortran,go,lto,m2,objc,obj-c++,rust,cobol --enable-bootstrap --prefix=/usr --libdir=/usr/lib --libexecdir=/usr/lib --mandir=/usr/share/man --infodir=/usr/share/info --with-bugurl=https://gitlab.archlinux.org/archlinux/packaging/packages/gcc/-/issues --with-build-config=bootstrap-lto --with-linker-hash-style=gnu --with-system-zlib --enable-cet=auto --enable-checking=release --enable-clocale=gnu --enable-default-pie --enable-default-ssp --enable-gnu-indirect-function --enable-gnu-unique-object --enable-libstdcxx-backtrace --enable-link-serialization=1 --enable-linker-build-id --enable-lto --enable-multilib --enable-plugin --enable-shared --enable-threads=posix --disable-libssp --disable-libstdcxx-pch --disable-werror --disable-fixincludes
Thread model: posix
Supported LTO compression algorithms: zlib zstd
gcc version 16.1.1 20260430 (GCC) 
... rest of stderr output deleted ...
configure:3469: $? = 0
configure:3458: musl-gcc -fno-link-libatomic -V >&5
gcc: error: unrecognized command-line option '-V'
gcc: fatal error: no input files
compilation terminated.
configure:3469: $? = 1
configure:3458: musl-gcc -fno-link-libatomic -qversion >&5
gcc: error: unrecognized command-line option '-qversion'; did you mean '--version'?
gcc: fatal error: no input files
compilation terminated.
configure:3469: $? = 1
configure:3458: musl-gcc -fno-link-libatomic -version >&5
gcc: error: unrecognized command-line option '-version'
gcc: fatal error: no input files
compilation terminated.
configure:3469: $? = 1
configure:3489: checking whether the C compiler works
configure:3511: musl-gcc -fno-link-libatomic    conftest.c  >&5
configure:3515: $? = 0
configure:3566: result: yes
configure:3570: checking for C compiler default output file name
configure:3572: result: a.out
configure:3578: checking for suffix of executables
configure:3585: musl-gcc -fno-link-libatomic -o conftest    conftest.c  >&5
configure:3589: $? = 0
configure:3613: result: 
configure:3637: checking whether we are cross compiling
configure:3645: musl-gcc -fno-link-libatomic -o conftest    conftest.c  >&5
configure:3649: $? = 0
configure:3656: ./conftest
configure:3660: $? = 0
configure:3675: result: no
configure:3681: checking for suffix of object files
configure:3704: musl-gcc -fno-link-libatomic -c   conftest.c >&5
configure:3708: $? = 0
configure:3732: result: o
configure:3736: checking whether the compiler supports GNU C
configure:3756: musl-gcc -fno-link-libatomic -c   conftest.c >&5
configure:3756: $? = 0
configure:3768: result: yes
configure:3779: checking whether musl-gcc -fno-link-libatomic accepts -g
configure:3800: musl-gcc -fno-link-libatomic -c -g  conftest.c >&5
configure:3800: $? = 0
configure:3847: result: yes
configure:3867: checking for musl-gcc -fno-link-libatomic option to enable C11 features
configure:3882: musl-gcc -fno-link-libatomic  -c -g -O2  conftest.c >&5
configure:3882: $? = 0
configure:3901: result: none needed
configure:4024: checking for stdio.h
configure:4024: musl-gcc -fno-link-libatomic -c -g -O2  conftest.c >&5
configure:4024: $? = 0
configure:4024: result: yes
configure:4024: checking for stdlib.h
configure:4024: musl-gcc -fno-link-libatomic -c -g -O2  conftest.c >&5
configure:4024: $? = 0
configure:4024: result: yes
configure:4024: checking for string.h
configure:4024: musl-gcc -fno-link-libatomic -c -g -O2  conftest.c >&5
configure:4024: $? = 0
configure:4024: result: yes
configure:4024: checking for inttypes.h
configure:4024: musl-gcc -fno-link-libatomic -c -g -O2  conftest.c >&5
configure:4024: $? = 0
configure:4024: result: yes
configure:4024: checking for stdint.h
configure:4024: musl-gcc -fno-link-libatomic -c -g -O2  conftest.c >&5
configure:4024: $? = 0
configure:4024: result: yes
configure:4024: checking for strings.h
configure:4024: musl-gcc -fno-link-libatomic -c -g -O2  conftest.c >&5
configure:4024: $? = 0
configure:4024: result: yes
configure:4024: checking for sys/stat.h
configure:4024: musl-gcc -fno-link-libatomic -c -g -O2  conftest.c >&5
configure:4024: $? = 0
configure:4024: result: yes
configure:4024: checking for sys/types.h
configure:4024: musl-gcc -fno-link-libatomic -c -g -O2  conftest.c >&5
configure:4024: $? = 0
configure:4024: result: yes
configure:4024: checking for unistd.h
configure:4024: musl-gcc -fno-link-libatomic -c -g -O2  conftest.c >&5
configure:4024: $? = 0
configure:4024: result: yes
configure:4024: checking for wchar.h
configure:4024: musl-gcc -fno-link-libatomic -c -g -O2  conftest.c >&5
configure:4024: $? = 0
configure:4024: result: yes
configure:4024: checking for minix/config.h
configure:4024: musl-gcc -fno-link-libatomic -c -g -O2  conftest.c >&5
conftest.c:47:10: fatal error: minix/config.h: No such file or directory
   47 | #include <minix/config.h>
      |          ^~~~~~~~~~~~~~~~
compilation terminated.
configure:4024: $? = 1
configure: failed program was:
| /* confdefs.h */
| #define PACKAGE_NAME "bmake"
| #define PACKAGE_TARNAME "bmake"
| #define PACKAGE_VERSION "20260406"
| #define PACKAGE_STRING "bmake 20260406"
| #define PACKAGE_BUGREPORT "sjg@NetBSD.org"
| #define PACKAGE_URL ""
| #define HAVE_STDIO_H 1
| #define HAVE_STDLIB_H 1
| #define HAVE_STRING_H 1
| #define HAVE_INTTYPES_H 1
| #define HAVE_STDINT_H 1
| #define HAVE_STRINGS_H 1
| #define HAVE_SYS_STAT_H 1
| #define HAVE_SYS_TYPES_H 1
| #define HAVE_UNISTD_H 1
| #define HAVE_WCHAR_H 1
| /* end confdefs.h.  */
| #include <stddef.h>
| #ifdef HAVE_STDIO_H
| # include <stdio.h>
| #endif
| #ifdef HAVE_STDLIB_H
| # include <stdlib.h>
| #endif
| #ifdef HAVE_STRING_H
| # include <string.h>
| #endif
| #ifdef HAVE_INTTYPES_H
| # include <inttypes.h>
| #endif
| #ifdef HAVE_STDINT_H
| # include <stdint.h>
| #endif
| #ifdef HAVE_STRINGS_H
| # include <strings.h>
| #endif
| #ifdef HAVE_SYS_TYPES_H
| # include <sys/types.h>
| #endif
| #ifdef HAVE_SYS_STAT_H
| # include <sys/stat.h>
| #endif
| #ifdef HAVE_UNISTD_H
| # include <unistd.h>
| #endif
| #include <minix/config.h>
configure:4024: result: no
configure:4024: checking for sys/time.h
configure:4024: musl-gcc -fno-link-libatomic -c -g -O2  conftest.c >&5
configure:4024: $? = 0
configure:4024: result: yes
configure:4024: checking for vfork.h
configure:4024: musl-gcc -fno-link-libatomic -c -g -O2  conftest.c >&5
conftest.c:48:10: fatal error: vfork.h: No such file or directory
   48 | #include <vfork.h>
      |          ^~~~~~~~~
compilation terminated.
configure:4024: $? = 1
configure: failed program was:
| /* confdefs.h */
| #define PACKAGE_NAME "bmake"
| #define PACKAGE_TARNAME "bmake"
| #define PACKAGE_VERSION "20260406"
| #define PACKAGE_STRING "bmake 20260406"
| #define PACKAGE_BUGREPORT "sjg@NetBSD.org"
| #define PACKAGE_URL ""
| #define HAVE_STDIO_H 1
| #define HAVE_STDLIB_H 1
| #define HAVE_STRING_H 1
| #define HAVE_INTTYPES_H 1
| #define HAVE_STDINT_H 1
| #define HAVE_STRINGS_H 1
| #define HAVE_SYS_STAT_H 1
| #define HAVE_SYS_TYPES_H 1
| #define HAVE_UNISTD_H 1
| #define HAVE_WCHAR_H 1
| #define HAVE_SYS_TIME_H 1
| /* end confdefs.h.  */
| #include <stddef.h>
| #ifdef HAVE_STDIO_H
| # include <stdio.h>
| #endif
| #ifdef HAVE_STDLIB_H
| # include <stdlib.h>
| #endif
| #ifdef HAVE_STRING_H
| # include <string.h>
| #endif
| #ifdef HAVE_INTTYPES_H
| # include <inttypes.h>
| #endif
| #ifdef HAVE_STDINT_H
| # include <stdint.h>
| #endif
| #ifdef HAVE_STRINGS_H
| # include <strings.h>
| #endif
| #ifdef HAVE_SYS_TYPES_H
| # include <sys/types.h>
| #endif
| #ifdef HAVE_SYS_STAT_H
| # include <sys/stat.h>
| #endif
| #ifdef HAVE_UNISTD_H
| # include <unistd.h>
| #endif
| #include <vfork.h>
configure:4024: result: no
configure:4055: checking whether it is safe to define __EXTENSIONS__
configure:4074: musl-gcc -fno-link-libatomic -c -g -O2  conftest.c >&5
configure:4074: $? = 0
configure:4084: result: yes
configure:4087: checking whether _XOPEN_SOURCE should be defined
configure:4109: musl-gcc -fno-link-libatomic -c -g -O2  conftest.c >&5
configure:4109: $? = 0
configure:4138: result: no
configure:4251: checking for gcc
configure:4284: result: musl-gcc -fno-link-libatomic
configure:4643: checking for C compiler version
configure:4652: musl-gcc -fno-link-libatomic --version >&5
gcc (GCC) 16.1.1 20260430
Copyright (C) 2026 Free Software Foundation, Inc.
This is free software; see the source for copying conditions.  There is NO
warranty; not even for MERCHANTABILITY or FITNESS FOR A PARTICULAR PURPOSE.

configure:4663: $? = 0
configure:4652: musl-gcc -fno-link-libatomic -v >&5
Using built-in specs.
Reading specs from /usr/lib/musl/lib/musl-gcc.specs
rename spec cpp_options to old_cpp_options
COLLECT_GCC=gcc
COLLECT_LTO_WRAPPER=/usr/lib/gcc/x86_64-pc-linux-gnu/16.1.1/lto-wrapper
Target: x86_64-pc-linux-gnu
Configured with: /build/gcc/src/gcc/configure --enable-languages=ada,c,c++,d,fortran,go,lto,m2,objc,obj-c++,rust,cobol --enable-bootstrap --prefix=/usr --libdir=/usr/lib --libexecdir=/usr/lib --mandir=/usr/share/man --infodir=/usr/share/info --with-bugurl=https://gitlab.archlinux.org/archlinux/packaging/packages/gcc/-/issues --with-build-config=bootstrap-lto --with-linker-hash-style=gnu --with-system-zlib --enable-cet=auto --enable-checking=release --enable-clocale=gnu --enable-default-pie --enable-default-ssp --enable-gnu-indirect-function --enable-gnu-unique-object --enable-libstdcxx-backtrace --enable-link-serialization=1 --enable-linker-build-id --enable-lto --enable-multilib --enable-plugin --enable-shared --enable-threads=posix --disable-libssp --disable-libstdcxx-pch --disable-werror --disable-fixincludes
Thread model: posix
Supported LTO compression algorithms: zlib zstd
gcc version 16.1.1 20260430 (GCC) 
... rest of stderr output deleted ...
configure:4663: $? = 0
configure:4652: musl-gcc -fno-link-libatomic -V >&5
gcc: error: unrecognized command-line option '-V'
gcc: fatal error: no input files
compilation terminated.
configure:4663: $? = 1
configure:4652: musl-gcc -fno-link-libatomic -qversion >&5
gcc: error: unrecognized command-line option '-qversion'; did you mean '--version'?
gcc: fatal error: no input files
compilation terminated.
configure:4663: $? = 1
configure:4652: musl-gcc -fno-link-libatomic -version >&5
gcc: error: unrecognized command-line option '-version'
gcc: fatal error: no input files
compilation terminated.
configure:4663: $? = 1
configure:4667: checking whether the compiler supports GNU C
configure:4699: result: yes
configure:4710: checking whether musl-gcc -fno-link-libatomic accepts -g
configure:4778: result: yes
configure:4798: checking for musl-gcc -fno-link-libatomic option to enable C11 features
configure:4832: result: none needed
configure:4966: checking for a BSD-compatible install
configure:5040: result: /usr/bin/install -c
configure:5094: checking for sys/wait.h that is POSIX.1 compatible
configure:5121: musl-gcc -fno-link-libatomic -c -g -O2  conftest.c >&5
configure:5121: $? = 0
configure:5131: result: yes
configure:5142: checking for dirent.h that defines DIR
configure:5162: musl-gcc -fno-link-libatomic -c -g -O2  conftest.c >&5
configure:5162: $? = 0
configure:5173: result: yes
configure:5187: checking for library containing opendir
configure:5223: musl-gcc -fno-link-libatomic -o conftest -g -O2   conftest.c  >&5
configure:5223: $? = 0
configure:5245: result: none required
configure:5324: checking for sys/param.h
configure:5324: musl-gcc -fno-link-libatomic -c -g -O2  conftest.c >&5
configure:5324: $? = 0
configure:5324: result: yes
configure:5331: checking for sys/sysctl.h
configure:5331: musl-gcc -fno-link-libatomic -c -g -O2  conftest.c >&5
conftest.c:46:10: fatal error: sys/sysctl.h: No such file or directory
   46 | #include <sys/sysctl.h>
      |          ^~~~~~~~~~~~~~
compilation terminated.
configure:5331: $? = 1
configure: failed program was:
| /* confdefs.h */
| #define PACKAGE_NAME "bmake"
| #define PACKAGE_TARNAME "bmake"
| #define PACKAGE_VERSION "20260406"
| #define PACKAGE_STRING "bmake 20260406"
| #define PACKAGE_BUGREPORT "sjg@NetBSD.org"
| #define PACKAGE_URL ""
| #define HAVE_STDIO_H 1
| #define HAVE_STDLIB_H 1
| #define HAVE_STRING_H 1
| #define HAVE_INTTYPES_H 1
| #define HAVE_STDINT_H 1
| #define HAVE_STRINGS_H 1
| #define HAVE_SYS_STAT_H 1
| #define HAVE_SYS_TYPES_H 1
| #define HAVE_UNISTD_H 1
| #define HAVE_WCHAR_H 1
| #define HAVE_SYS_TIME_H 1
| #define STDC_HEADERS 1
| #define _ALL_SOURCE 1
| #define _DARWIN_C_SOURCE 1
| #define _GNU_SOURCE 1
| #define _HPUX_ALT_XOPEN_SOCKET_API 1
| #define _NETBSD_SOURCE 1
| #define _OPENBSD_SOURCE 1
| #define _POSIX_PTHREAD_SEMANTICS 1
| #define __STDC_WANT_IEC_60559_ATTRIBS_EXT__ 1
| #define __STDC_WANT_IEC_60559_BFP_EXT__ 1
| #define __STDC_WANT_IEC_60559_DFP_EXT__ 1
| #define __STDC_WANT_IEC_60559_EXT__ 1
| #define __STDC_WANT_IEC_60559_FUNCS_EXT__ 1
| #define __STDC_WANT_IEC_60559_TYPES_EXT__ 1
| #define __STDC_WANT_LIB_EXT2__ 1
| #define __STDC_WANT_MATH_SPEC_FUNCS__ 1
| #define _TANDEM_SOURCE 1
| #define __EXTENSIONS__ 1
| #define HAVE_SYS_WAIT_H 1
| #define HAVE_DIRENT_H 1
| #define HAVE_SYS_PARAM_H 1
| /* end confdefs.h.  */
| #ifdef HAVE_SYS_PARAM_H
| # include <sys/param.h>
| # endif
| 
| 
| #include <sys/sysctl.h>
configure:5331: result: no
configure:5343: checking for ar.h
configure:5343: musl-gcc -fno-link-libatomic -c -g -O2  conftest.c >&5
configure:5343: $? = 0
configure:5343: result: yes
configure:5349: checking for err.h
configure:5349: musl-gcc -fno-link-libatomic -c -g -O2  conftest.c >&5
configure:5349: $? = 0
configure:5349: result: yes
configure:5355: checking for fcntl.h
configure:5355: musl-gcc -fno-link-libatomic -c -g -O2  conftest.c >&5
configure:5355: $? = 0
configure:5355: result: yes
configure:5361: checking for libgen.h
configure:5361: musl-gcc -fno-link-libatomic -c -g -O2  conftest.c >&5
configure:5361: $? = 0
configure:5361: result: yes
configure:5367: checking for limits.h
configure:5367: musl-gcc -fno-link-libatomic -c -g -O2  conftest.c >&5
configure:5367: $? = 0
configure:5367: result: yes
configure:5373: checking for paths.h
configure:5373: musl-gcc -fno-link-libatomic -c -g -O2  conftest.c >&5
configure:5373: $? = 0
configure:5373: result: yes
configure:5379: checking for poll.h
configure:5379: musl-gcc -fno-link-libatomic -c -g -O2  conftest.c >&5
configure:5379: $? = 0
configure:5379: result: yes
configure:5385: checking for ranlib.h
configure:5385: musl-gcc -fno-link-libatomic -c -g -O2  conftest.c >&5
conftest.c:76:10: fatal error: ranlib.h: No such file or directory
   76 | #include <ranlib.h>
      |          ^~~~~~~~~~
compilation terminated.
configure:5385: $? = 1
configure: failed program was:
| /* confdefs.h */
| #define PACKAGE_NAME "bmake"
| #define PACKAGE_TARNAME "bmake"
| #define PACKAGE_VERSION "20260406"
| #define PACKAGE_STRING "bmake 20260406"
| #define PACKAGE_BUGREPORT "sjg@NetBSD.org"
| #define PACKAGE_URL ""
| #define HAVE_STDIO_H 1
| #define HAVE_STDLIB_H 1
| #define HAVE_STRING_H 1
| #define HAVE_INTTYPES_H 1
| #define HAVE_STDINT_H 1
| #define HAVE_STRINGS_H 1
| #define HAVE_SYS_STAT_H 1
| #define HAVE_SYS_TYPES_H 1
| #define HAVE_UNISTD_H 1
| #define HAVE_WCHAR_H 1
| #define HAVE_SYS_TIME_H 1
| #define STDC_HEADERS 1
| #define _ALL_SOURCE 1
| #define _DARWIN_C_SOURCE 1
| #define _GNU_SOURCE 1
| #define _HPUX_ALT_XOPEN_SOCKET_API 1
| #define _NETBSD_SOURCE 1
| #define _OPENBSD_SOURCE 1
| #define _POSIX_PTHREAD_SEMANTICS 1
| #define __STDC_WANT_IEC_60559_ATTRIBS_EXT__ 1
| #define __STDC_WANT_IEC_60559_BFP_EXT__ 1
| #define __STDC_WANT_IEC_60559_DFP_EXT__ 1
| #define __STDC_WANT_IEC_60559_EXT__ 1
| #define __STDC_WANT_IEC_60559_FUNCS_EXT__ 1
| #define __STDC_WANT_IEC_60559_TYPES_EXT__ 1
| #define __STDC_WANT_LIB_EXT2__ 1
| #define __STDC_WANT_MATH_SPEC_FUNCS__ 1
| #define _TANDEM_SOURCE 1
| #define __EXTENSIONS__ 1
| #define HAVE_SYS_WAIT_H 1
| #define HAVE_DIRENT_H 1
| #define HAVE_SYS_PARAM_H 1
| #define HAVE_AR_H 1
| #define HAVE_ERR_H 1
| #define HAVE_FCNTL_H 1
| #define HAVE_LIBGEN_H 1
| #define HAVE_LIMITS_H 1
| #define HAVE_PATHS_H 1
| #define HAVE_POLL_H 1
| /* end confdefs.h.  */
| #include <stddef.h>
| #ifdef HAVE_STDIO_H
| # include <stdio.h>
| #endif
| #ifdef HAVE_STDLIB_H
| # include <stdlib.h>
| #endif
| #ifdef HAVE_STRING_H
| # include <string.h>
| #endif
| #ifdef HAVE_INTTYPES_H
| # include <inttypes.h>
| #endif
| #ifdef HAVE_STDINT_H
| # include <stdint.h>
| #endif
| #ifdef HAVE_STRINGS_H
| # include <strings.h>
| #endif
| #ifdef HAVE_SYS_TYPES_H
| # include <sys/types.h>
| #endif
| #ifdef HAVE_SYS_STAT_H
| # include <sys/stat.h>
| #endif
| #ifdef HAVE_UNISTD_H
| # include <unistd.h>
| #endif
| #include <ranlib.h>
configure:5385: result: no
configure:5391: checking for regex.h
configure:5391: musl-gcc -fno-link-libatomic -c -g -O2  conftest.c >&5
configure:5391: $? = 0
configure:5391: result: yes
configure:5397: checking for sys/mman.h
configure:5397: musl-gcc -fno-link-libatomic -c -g -O2  conftest.c >&5
configure:5397: $? = 0
configure:5397: result: yes
configure:5403: checking for sys/select.h
configure:5403: musl-gcc -fno-link-libatomic -c -g -O2  conftest.c >&5
configure:5403: $? = 0
configure:5403: result: yes
configure:5409: checking for sys/socket.h
configure:5409: musl-gcc -fno-link-libatomic -c -g -O2  conftest.c >&5
configure:5409: $? = 0
configure:5409: result: yes
configure:5415: checking for sys/time.h
configure:5415: result: yes
configure:5421: checking for sys/uio.h
configure:5421: musl-gcc -fno-link-libatomic -c -g -O2  conftest.c >&5
configure:5421: $? = 0
configure:5421: result: yes
configure:5427: checking for utime.h
configure:5427: musl-gcc -fno-link-libatomic -c -g -O2  conftest.c >&5
configure:5427: $? = 0
configure:5427: result: yes
configure:5435: checking for sys/cdefs.h
configure:5435: musl-gcc -fno-link-libatomic -c -g -O2  conftest.c >&5
conftest.c:83:10: fatal error: sys/cdefs.h: No such file or directory
   83 | #include <sys/cdefs.h>
      |          ^~~~~~~~~~~~~
compilation terminated.
configure:5435: $? = 1
configure: failed program was:
| /* confdefs.h */
| #define PACKAGE_NAME "bmake"
| #define PACKAGE_TARNAME "bmake"
| #define PACKAGE_VERSION "20260406"
| #define PACKAGE_STRING "bmake 20260406"
| #define PACKAGE_BUGREPORT "sjg@NetBSD.org"
| #define PACKAGE_URL ""
| #define HAVE_STDIO_H 1
| #define HAVE_STDLIB_H 1
| #define HAVE_STRING_H 1
| #define HAVE_INTTYPES_H 1
| #define HAVE_STDINT_H 1
| #define HAVE_STRINGS_H 1
| #define HAVE_SYS_STAT_H 1
| #define HAVE_SYS_TYPES_H 1
| #define HAVE_UNISTD_H 1
| #define HAVE_WCHAR_H 1
| #define HAVE_SYS_TIME_H 1
| #define STDC_HEADERS 1
| #define _ALL_SOURCE 1
| #define _DARWIN_C_SOURCE 1
| #define _GNU_SOURCE 1
| #define _HPUX_ALT_XOPEN_SOCKET_API 1
| #define _NETBSD_SOURCE 1
| #define _OPENBSD_SOURCE 1
| #define _POSIX_PTHREAD_SEMANTICS 1
| #define __STDC_WANT_IEC_60559_ATTRIBS_EXT__ 1
| #define __STDC_WANT_IEC_60559_BFP_EXT__ 1
| #define __STDC_WANT_IEC_60559_DFP_EXT__ 1
| #define __STDC_WANT_IEC_60559_EXT__ 1
| #define __STDC_WANT_IEC_60559_FUNCS_EXT__ 1
| #define __STDC_WANT_IEC_60559_TYPES_EXT__ 1
| #define __STDC_WANT_LIB_EXT2__ 1
| #define __STDC_WANT_MATH_SPEC_FUNCS__ 1
| #define _TANDEM_SOURCE 1
| #define __EXTENSIONS__ 1
| #define HAVE_SYS_WAIT_H 1
| #define HAVE_DIRENT_H 1
| #define HAVE_SYS_PARAM_H 1
| #define HAVE_AR_H 1
| #define HAVE_ERR_H 1
| #define HAVE_FCNTL_H 1
| #define HAVE_LIBGEN_H 1
| #define HAVE_LIMITS_H 1
| #define HAVE_PATHS_H 1
| #define HAVE_POLL_H 1
| #define HAVE_REGEX_H 1
| #define HAVE_SYS_MMAN_H 1
| #define HAVE_SYS_SELECT_H 1
| #define HAVE_SYS_SOCKET_H 1
| #define HAVE_SYS_TIME_H 1
| #define HAVE_SYS_UIO_H 1
| #define HAVE_UTIME_H 1
| /* end confdefs.h.  */
| #include <stddef.h>
| #ifdef HAVE_STDIO_H
| # include <stdio.h>
| #endif
| #ifdef HAVE_STDLIB_H
| # include <stdlib.h>
| #endif
| #ifdef HAVE_STRING_H
| # include <string.h>
| #endif
| #ifdef HAVE_INTTYPES_H
| # include <inttypes.h>
| #endif
| #ifdef HAVE_STDINT_H
| # include <stdint.h>
| #endif
| #ifdef HAVE_STRINGS_H
| # include <strings.h>
| #endif
| #ifdef HAVE_SYS_TYPES_H
| # include <sys/types.h>
| #endif
| #ifdef HAVE_SYS_STAT_H
| # include <sys/stat.h>
| #endif
| #ifdef HAVE_UNISTD_H
| # include <unistd.h>
| #endif
| #include <sys/cdefs.h>
configure:5435: result: no
configure:5446: checking for __attribute__
configure:5473: musl-gcc -fno-link-libatomic -o conftest -g -O2  -I/home/ildar/kyronix-ports/tools/bmake/missing  conftest.c  >&5
configure:5473: $? = 0
configure:5490: result: yes
configure:5493: checking whether byte ordering is bigendian
configure:5509: musl-gcc -fno-link-libatomic -c -g -O2  -I/home/ildar/kyronix-ports/tools/bmake/missing conftest.c >&5
conftest.c:57:16: error: unknown type name 'not'
   57 |                not a universal capable compiler
      |                ^~~
conftest.c:57:22: error: expected '=', ',', ';', 'asm' or '__attribute__' before 'universal'
   57 |                not a universal capable compiler
      |                      ^~~~~~~~~
conftest.c:57:22: error: unknown type name 'universal'
configure:5509: $? = 1
configure: failed program was:
| /* confdefs.h */
| #define PACKAGE_NAME "bmake"
| #define PACKAGE_TARNAME "bmake"
| #define PACKAGE_VERSION "20260406"
| #define PACKAGE_STRING "bmake 20260406"
| #define PACKAGE_BUGREPORT "sjg@NetBSD.org"
| #define PACKAGE_URL ""
| #define HAVE_STDIO_H 1
| #define HAVE_STDLIB_H 1
| #define HAVE_STRING_H 1
| #define HAVE_INTTYPES_H 1
| #define HAVE_STDINT_H 1
| #define HAVE_STRINGS_H 1
| #define HAVE_SYS_STAT_H 1
| #define HAVE_SYS_TYPES_H 1
| #define HAVE_UNISTD_H 1
| #define HAVE_WCHAR_H 1
| #define HAVE_SYS_TIME_H 1
| #define STDC_HEADERS 1
| #define _ALL_SOURCE 1
| #define _DARWIN_C_SOURCE 1
| #define _GNU_SOURCE 1
| #define _HPUX_ALT_XOPEN_SOCKET_API 1
| #define _NETBSD_SOURCE 1
| #define _OPENBSD_SOURCE 1
| #define _POSIX_PTHREAD_SEMANTICS 1
| #define __STDC_WANT_IEC_60559_ATTRIBS_EXT__ 1
| #define __STDC_WANT_IEC_60559_BFP_EXT__ 1
| #define __STDC_WANT_IEC_60559_DFP_EXT__ 1
| #define __STDC_WANT_IEC_60559_EXT__ 1
| #define __STDC_WANT_IEC_60559_FUNCS_EXT__ 1
| #define __STDC_WANT_IEC_60559_TYPES_EXT__ 1
| #define __STDC_WANT_LIB_EXT2__ 1
| #define __STDC_WANT_MATH_SPEC_FUNCS__ 1
| #define _TANDEM_SOURCE 1
| #define __EXTENSIONS__ 1
| #define HAVE_SYS_WAIT_H 1
| #define HAVE_DIRENT_H 1
| #define HAVE_SYS_PARAM_H 1
| #define HAVE_AR_H 1
| #define HAVE_ERR_H 1
| #define HAVE_FCNTL_H 1
| #define HAVE_LIBGEN_H 1
| #define HAVE_LIMITS_H 1
| #define HAVE_PATHS_H 1
| #define HAVE_POLL_H 1
| #define HAVE_REGEX_H 1
| #define HAVE_SYS_MMAN_H 1
| #define HAVE_SYS_SELECT_H 1
| #define HAVE_SYS_SOCKET_H 1
| #define HAVE_SYS_TIME_H 1
| #define HAVE_SYS_UIO_H 1
| #define HAVE_UTIME_H 1
| #define HAVE___ATTRIBUTE__ 1
| /* end confdefs.h.  */
| #ifndef __APPLE_CC__
| 	       not a universal capable compiler
| 	     #endif
| 	     typedef int dummy;
| 
configure:5555: musl-gcc -fno-link-libatomic -c -g -O2  -I/home/ildar/kyronix-ports/tools/bmake/missing conftest.c >&5
configure:5555: $? = 0
configure:5574: musl-gcc -fno-link-libatomic -c -g -O2  -I/home/ildar/kyronix-ports/tools/bmake/missing conftest.c >&5
conftest.c: In function 'main':
conftest.c:63:18: error: unknown type name 'not'; did you mean 'ino_t'?
   63 |                  not big endian
      |                  ^~~
      |                  ino_t
conftest.c:63:26: error: expected '=', ',', ';', 'asm' or '__attribute__' before 'endian'
   63 |                  not big endian
      |                          ^~~~~~
configure:5574: $? = 1
configure: failed program was:
| /* confdefs.h */
| #define PACKAGE_NAME "bmake"
| #define PACKAGE_TARNAME "bmake"
| #define PACKAGE_VERSION "20260406"
| #define PACKAGE_STRING "bmake 20260406"
| #define PACKAGE_BUGREPORT "sjg@NetBSD.org"
| #define PACKAGE_URL ""
| #define HAVE_STDIO_H 1
| #define HAVE_STDLIB_H 1
| #define HAVE_STRING_H 1
| #define HAVE_INTTYPES_H 1
| #define HAVE_STDINT_H 1
| #define HAVE_STRINGS_H 1
| #define HAVE_SYS_STAT_H 1
| #define HAVE_SYS_TYPES_H 1
| #define HAVE_UNISTD_H 1
| #define HAVE_WCHAR_H 1
| #define HAVE_SYS_TIME_H 1
| #define STDC_HEADERS 1
| #define _ALL_SOURCE 1
| #define _DARWIN_C_SOURCE 1
| #define _GNU_SOURCE 1
| #define _HPUX_ALT_XOPEN_SOCKET_API 1
| #define _NETBSD_SOURCE 1
| #define _OPENBSD_SOURCE 1
| #define _POSIX_PTHREAD_SEMANTICS 1
| #define __STDC_WANT_IEC_60559_ATTRIBS_EXT__ 1
| #define __STDC_WANT_IEC_60559_BFP_EXT__ 1
| #define __STDC_WANT_IEC_60559_DFP_EXT__ 1
| #define __STDC_WANT_IEC_60559_EXT__ 1
| #define __STDC_WANT_IEC_60559_FUNCS_EXT__ 1
| #define __STDC_WANT_IEC_60559_TYPES_EXT__ 1
| #define __STDC_WANT_LIB_EXT2__ 1
| #define __STDC_WANT_MATH_SPEC_FUNCS__ 1
| #define _TANDEM_SOURCE 1
| #define __EXTENSIONS__ 1
| #define HAVE_SYS_WAIT_H 1
| #define HAVE_DIRENT_H 1
| #define HAVE_SYS_PARAM_H 1
| #define HAVE_AR_H 1
| #define HAVE_ERR_H 1
| #define HAVE_FCNTL_H 1
| #define HAVE_LIBGEN_H 1
| #define HAVE_LIMITS_H 1
| #define HAVE_PATHS_H 1
| #define HAVE_POLL_H 1
| #define HAVE_REGEX_H 1
| #define HAVE_SYS_MMAN_H 1
| #define HAVE_SYS_SELECT_H 1
| #define HAVE_SYS_SOCKET_H 1
| #define HAVE_SYS_TIME_H 1
| #define HAVE_SYS_UIO_H 1
| #define HAVE_UTIME_H 1
| #define HAVE___ATTRIBUTE__ 1
| /* end confdefs.h.  */
| #include <sys/types.h>
| 		#include <sys/param.h>
| 
| int
| main (void)
| {
| #if BYTE_ORDER != BIG_ENDIAN
| 		 not big endian
| 		#endif
| 
|   ;
|   return 0;
| }
configure:5715: result: no
configure:5733: checking for an ANSI C-conforming const
configure:5800: musl-gcc -fno-link-libatomic -c -g -O2  -I/home/ildar/kyronix-ports/tools/bmake/missing conftest.c >&5
configure:5800: $? = 0
configure:5810: result: yes
configure:5818: checking for inline
configure:5835: musl-gcc -fno-link-libatomic -c -g -O2  -I/home/ildar/kyronix-ports/tools/bmake/missing conftest.c >&5
configure:5835: $? = 0
configure:5845: result: inline
configure:5863: checking for int64_t
configure:5863: musl-gcc -fno-link-libatomic -c -g -O2  -I/home/ildar/kyronix-ports/tools/bmake/missing conftest.c >&5
configure:5863: $? = 0
configure:5863: musl-gcc -fno-link-libatomic -c -g -O2  -I/home/ildar/kyronix-ports/tools/bmake/missing conftest.c >&5
conftest.c: In function 'main':
conftest.c:89:67: warning: integer overflow in expression of type 'long int' results in '-9223372036854775808' [-Woverflow]
   89 |                  < (int64_t) (((((int64_t) 1 << N) << N) - 1) * 2 + 2))];
      |                                                                   ^
conftest.c:88:12: error: storage size of 'test_array' isn't constant
   88 | static int test_array [1 - 2 * !((int64_t) (((((int64_t) 1 << N) << N) - 1) * 2 + 1)
      |            ^~~~~~~~~~
configure:5863: $? = 1
configure: failed program was:
| /* confdefs.h */
| #define PACKAGE_NAME "bmake"
| #define PACKAGE_TARNAME "bmake"
| #define PACKAGE_VERSION "20260406"
| #define PACKAGE_STRING "bmake 20260406"
| #define PACKAGE_BUGREPORT "sjg@NetBSD.org"
| #define PACKAGE_URL ""
| #define HAVE_STDIO_H 1
| #define HAVE_STDLIB_H 1
| #define HAVE_STRING_H 1
| #define HAVE_INTTYPES_H 1
| #define HAVE_STDINT_H 1
| #define HAVE_STRINGS_H 1
| #define HAVE_SYS_STAT_H 1
| #define HAVE_SYS_TYPES_H 1
| #define HAVE_UNISTD_H 1
| #define HAVE_WCHAR_H 1
| #define HAVE_SYS_TIME_H 1
| #define STDC_HEADERS 1
| #define _ALL_SOURCE 1
| #define _DARWIN_C_SOURCE 1
| #define _GNU_SOURCE 1
| #define _HPUX_ALT_XOPEN_SOCKET_API 1
| #define _NETBSD_SOURCE 1
| #define _OPENBSD_SOURCE 1
| #define _POSIX_PTHREAD_SEMANTICS 1
| #define __STDC_WANT_IEC_60559_ATTRIBS_EXT__ 1
| #define __STDC_WANT_IEC_60559_BFP_EXT__ 1
| #define __STDC_WANT_IEC_60559_DFP_EXT__ 1
| #define __STDC_WANT_IEC_60559_EXT__ 1
| #define __STDC_WANT_IEC_60559_FUNCS_EXT__ 1
| #define __STDC_WANT_IEC_60559_TYPES_EXT__ 1
| #define __STDC_WANT_LIB_EXT2__ 1
| #define __STDC_WANT_MATH_SPEC_FUNCS__ 1
| #define _TANDEM_SOURCE 1
| #define __EXTENSIONS__ 1
| #define HAVE_SYS_WAIT_H 1
| #define HAVE_DIRENT_H 1
| #define HAVE_SYS_PARAM_H 1
| #define HAVE_AR_H 1
| #define HAVE_ERR_H 1
| #define HAVE_FCNTL_H 1
| #define HAVE_LIBGEN_H 1
| #define HAVE_LIMITS_H 1
| #define HAVE_PATHS_H 1
| #define HAVE_POLL_H 1
| #define HAVE_REGEX_H 1
| #define HAVE_SYS_MMAN_H 1
| #define HAVE_SYS_SELECT_H 1
| #define HAVE_SYS_SOCKET_H 1
| #define HAVE_SYS_TIME_H 1
| #define HAVE_SYS_UIO_H 1
| #define HAVE_UTIME_H 1
| #define HAVE___ATTRIBUTE__ 1
| /* end confdefs.h.  */
| #include <stddef.h>
| #ifdef HAVE_STDIO_H
| # include <stdio.h>
| #endif
| #ifdef HAVE_STDLIB_H
| # include <stdlib.h>
| #endif
| #ifdef HAVE_STRING_H
| # include <string.h>
| #endif
| #ifdef HAVE_INTTYPES_H
| # include <inttypes.h>
| #endif
| #ifdef HAVE_STDINT_H
| # include <stdint.h>
| #endif
| #ifdef HAVE_STRINGS_H
| # include <strings.h>
| #endif
| #ifdef HAVE_SYS_TYPES_H
| # include <sys/types.h>
| #endif
| #ifdef HAVE_SYS_STAT_H
| # include <sys/stat.h>
| #endif
| #ifdef HAVE_UNISTD_H
| # include <unistd.h>
| #endif
| 	        enum { N = 64 / 2 - 1 };
| int
| main (void)
| {
| static int test_array [1 - 2 * !((int64_t) (((((int64_t) 1 << N) << N) - 1) * 2 + 1)
| 		 < (int64_t) (((((int64_t) 1 << N) << N) - 1) * 2 + 2))];
| test_array [0] = 0;
| return test_array [0];
| 
|   ;
|   return 0;
| }
configure:5863: result: yes
configure:5873: checking for unsigned long long int
configure:5915: musl-gcc -fno-link-libatomic -o conftest -g -O2  -I/home/ildar/kyronix-ports/tools/bmake/missing  conftest.c  >&5
configure:5915: $? = 0
configure:5927: result: yes
configure:5937: checking for long long int
configure:5979: musl-gcc -fno-link-libatomic -o conftest -g -O2  -I/home/ildar/kyronix-ports/tools/bmake/missing  conftest.c  >&5
configure:5979: $? = 0
configure:5979: ./conftest
configure:5979: $? = 0
configure:5995: result: yes
configure:6003: checking for mode_t
configure:6003: musl-gcc -fno-link-libatomic -c -g -O2  -I/home/ildar/kyronix-ports/tools/bmake/missing conftest.c >&5
configure:6003: $? = 0
configure:6003: musl-gcc -fno-link-libatomic -c -g -O2  -I/home/ildar/kyronix-ports/tools/bmake/missing conftest.c >&5
conftest.c: In function 'main':
conftest.c:89:21: error: expected expression before ')' token
   89 | if (sizeof ((mode_t)))
      |                     ^
configure:6003: $? = 1
configure: failed program was:
| /* confdefs.h */
| #define PACKAGE_NAME "bmake"
| #define PACKAGE_TARNAME "bmake"
| #define PACKAGE_VERSION "20260406"
| #define PACKAGE_STRING "bmake 20260406"
| #define PACKAGE_BUGREPORT "sjg@NetBSD.org"
| #define PACKAGE_URL ""
| #define HAVE_STDIO_H 1
| #define HAVE_STDLIB_H 1
| #define HAVE_STRING_H 1
| #define HAVE_INTTYPES_H 1
| #define HAVE_STDINT_H 1
| #define HAVE_STRINGS_H 1
| #define HAVE_SYS_STAT_H 1
| #define HAVE_SYS_TYPES_H 1
| #define HAVE_UNISTD_H 1
| #define HAVE_WCHAR_H 1
| #define HAVE_SYS_TIME_H 1
| #define STDC_HEADERS 1
| #define _ALL_SOURCE 1
| #define _DARWIN_C_SOURCE 1
| #define _GNU_SOURCE 1
| #define _HPUX_ALT_XOPEN_SOCKET_API 1
| #define _NETBSD_SOURCE 1
| #define _OPENBSD_SOURCE 1
| #define _POSIX_PTHREAD_SEMANTICS 1
| #define __STDC_WANT_IEC_60559_ATTRIBS_EXT__ 1
| #define __STDC_WANT_IEC_60559_BFP_EXT__ 1
| #define __STDC_WANT_IEC_60559_DFP_EXT__ 1
| #define __STDC_WANT_IEC_60559_EXT__ 1
| #define __STDC_WANT_IEC_60559_FUNCS_EXT__ 1
| #define __STDC_WANT_IEC_60559_TYPES_EXT__ 1
| #define __STDC_WANT_LIB_EXT2__ 1
| #define __STDC_WANT_MATH_SPEC_FUNCS__ 1
| #define _TANDEM_SOURCE 1
| #define __EXTENSIONS__ 1
| #define HAVE_SYS_WAIT_H 1
| #define HAVE_DIRENT_H 1
| #define HAVE_SYS_PARAM_H 1
| #define HAVE_AR_H 1
| #define HAVE_ERR_H 1
| #define HAVE_FCNTL_H 1
| #define HAVE_LIBGEN_H 1
| #define HAVE_LIMITS_H 1
| #define HAVE_PATHS_H 1
| #define HAVE_POLL_H 1
| #define HAVE_REGEX_H 1
| #define HAVE_SYS_MMAN_H 1
| #define HAVE_SYS_SELECT_H 1
| #define HAVE_SYS_SOCKET_H 1
| #define HAVE_SYS_TIME_H 1
| #define HAVE_SYS_UIO_H 1
| #define HAVE_UTIME_H 1
| #define HAVE___ATTRIBUTE__ 1
| #define HAVE_UNSIGNED_LONG_LONG_INT 1
| #define HAVE_LONG_LONG_INT 1
| /* end confdefs.h.  */
| #include <stddef.h>
| #ifdef HAVE_STDIO_H
| # include <stdio.h>
| #endif
| #ifdef HAVE_STDLIB_H
| # include <stdlib.h>
| #endif
| #ifdef HAVE_STRING_H
| # include <string.h>
| #endif
| #ifdef HAVE_INTTYPES_H
| # include <inttypes.h>
| #endif
| #ifdef HAVE_STDINT_H
| # include <stdint.h>
| #endif
| #ifdef HAVE_STRINGS_H
| # include <strings.h>
| #endif
| #ifdef HAVE_SYS_TYPES_H
| # include <sys/types.h>
| #endif
| #ifdef HAVE_SYS_STAT_H
| # include <sys/stat.h>
| #endif
| #ifdef HAVE_UNISTD_H
| # include <unistd.h>
| #endif
| int
| main (void)
| {
| if (sizeof ((mode_t)))
| 	    return 0;
|   ;
|   return 0;
| }
configure:6003: result: yes
configure:6014: checking for off_t
configure:6014: musl-gcc -fno-link-libatomic -c -g -O2  -I/home/ildar/kyronix-ports/tools/bmake/missing conftest.c >&5
configure:6014: $? = 0
configure:6014: musl-gcc -fno-link-libatomic -c -g -O2  -I/home/ildar/kyronix-ports/tools/bmake/missing conftest.c >&5
conftest.c: In function 'main':
conftest.c:89:20: error: expected expression before ')' token
   89 | if (sizeof ((off_t)))
      |                    ^
configure:6014: $? = 1
configure: failed program was:
| /* confdefs.h */
| #define PACKAGE_NAME "bmake"
| #define PACKAGE_TARNAME "bmake"
| #define PACKAGE_VERSION "20260406"
| #define PACKAGE_STRING "bmake 20260406"
| #define PACKAGE_BUGREPORT "sjg@NetBSD.org"
| #define PACKAGE_URL ""
| #define HAVE_STDIO_H 1
| #define HAVE_STDLIB_H 1
| #define HAVE_STRING_H 1
| #define HAVE_INTTYPES_H 1
| #define HAVE_STDINT_H 1
| #define HAVE_STRINGS_H 1
| #define HAVE_SYS_STAT_H 1
| #define HAVE_SYS_TYPES_H 1
| #define HAVE_UNISTD_H 1
| #define HAVE_WCHAR_H 1
| #define HAVE_SYS_TIME_H 1
| #define STDC_HEADERS 1
| #define _ALL_SOURCE 1
| #define _DARWIN_C_SOURCE 1
| #define _GNU_SOURCE 1
| #define _HPUX_ALT_XOPEN_SOCKET_API 1
| #define _NETBSD_SOURCE 1
| #define _OPENBSD_SOURCE 1
| #define _POSIX_PTHREAD_SEMANTICS 1
| #define __STDC_WANT_IEC_60559_ATTRIBS_EXT__ 1
| #define __STDC_WANT_IEC_60559_BFP_EXT__ 1
| #define __STDC_WANT_IEC_60559_DFP_EXT__ 1
| #define __STDC_WANT_IEC_60559_EXT__ 1
| #define __STDC_WANT_IEC_60559_FUNCS_EXT__ 1
| #define __STDC_WANT_IEC_60559_TYPES_EXT__ 1
| #define __STDC_WANT_LIB_EXT2__ 1
| #define __STDC_WANT_MATH_SPEC_FUNCS__ 1
| #define _TANDEM_SOURCE 1
| #define __EXTENSIONS__ 1
| #define HAVE_SYS_WAIT_H 1
| #define HAVE_DIRENT_H 1
| #define HAVE_SYS_PARAM_H 1
| #define HAVE_AR_H 1
| #define HAVE_ERR_H 1
| #define HAVE_FCNTL_H 1
| #define HAVE_LIBGEN_H 1
| #define HAVE_LIMITS_H 1
| #define HAVE_PATHS_H 1
| #define HAVE_POLL_H 1
| #define HAVE_REGEX_H 1
| #define HAVE_SYS_MMAN_H 1
| #define HAVE_SYS_SELECT_H 1
| #define HAVE_SYS_SOCKET_H 1
| #define HAVE_SYS_TIME_H 1
| #define HAVE_SYS_UIO_H 1
| #define HAVE_UTIME_H 1
| #define HAVE___ATTRIBUTE__ 1
| #define HAVE_UNSIGNED_LONG_LONG_INT 1
| #define HAVE_LONG_LONG_INT 1
| /* end confdefs.h.  */
| #include <stddef.h>
| #ifdef HAVE_STDIO_H
| # include <stdio.h>
| #endif
| #ifdef HAVE_STDLIB_H
| # include <stdlib.h>
| #endif
| #ifdef HAVE_STRING_H
| # include <string.h>
| #endif
| #ifdef HAVE_INTTYPES_H
| # include <inttypes.h>
| #endif
| #ifdef HAVE_STDINT_H
| # include <stdint.h>
| #endif
| #ifdef HAVE_STRINGS_H
| # include <strings.h>
| #endif
| #ifdef HAVE_SYS_TYPES_H
| # include <sys/types.h>
| #endif
| #ifdef HAVE_SYS_STAT_H
| # include <sys/stat.h>
| #endif
| #ifdef HAVE_UNISTD_H
| # include <unistd.h>
| #endif
| int
| main (void)
| {
| if (sizeof ((off_t)))
| 	    return 0;
|   ;
|   return 0;
| }
configure:6014: result: yes
configure:6026: checking for pid_t
configure:6026: musl-gcc -fno-link-libatomic -c -g -O2  -I/home/ildar/kyronix-ports/tools/bmake/missing conftest.c >&5
configure:6026: $? = 0
configure:6026: musl-gcc -fno-link-libatomic -c -g -O2  -I/home/ildar/kyronix-ports/tools/bmake/missing conftest.c >&5
conftest.c: In function 'main':
conftest.c:90:20: error: expected expression before ')' token
   90 | if (sizeof ((pid_t)))
      |                    ^
configure:6026: $? = 1
configure: failed program was:
| /* confdefs.h */
| #define PACKAGE_NAME "bmake"
| #define PACKAGE_TARNAME "bmake"
| #define PACKAGE_VERSION "20260406"
| #define PACKAGE_STRING "bmake 20260406"
| #define PACKAGE_BUGREPORT "sjg@NetBSD.org"
| #define PACKAGE_URL ""
| #define HAVE_STDIO_H 1
| #define HAVE_STDLIB_H 1
| #define HAVE_STRING_H 1
| #define HAVE_INTTYPES_H 1
| #define HAVE_STDINT_H 1
| #define HAVE_STRINGS_H 1
| #define HAVE_SYS_STAT_H 1
| #define HAVE_SYS_TYPES_H 1
| #define HAVE_UNISTD_H 1
| #define HAVE_WCHAR_H 1
| #define HAVE_SYS_TIME_H 1
| #define STDC_HEADERS 1
| #define _ALL_SOURCE 1
| #define _DARWIN_C_SOURCE 1
| #define _GNU_SOURCE 1
| #define _HPUX_ALT_XOPEN_SOCKET_API 1
| #define _NETBSD_SOURCE 1
| #define _OPENBSD_SOURCE 1
| #define _POSIX_PTHREAD_SEMANTICS 1
| #define __STDC_WANT_IEC_60559_ATTRIBS_EXT__ 1
| #define __STDC_WANT_IEC_60559_BFP_EXT__ 1
| #define __STDC_WANT_IEC_60559_DFP_EXT__ 1
| #define __STDC_WANT_IEC_60559_EXT__ 1
| #define __STDC_WANT_IEC_60559_FUNCS_EXT__ 1
| #define __STDC_WANT_IEC_60559_TYPES_EXT__ 1
| #define __STDC_WANT_LIB_EXT2__ 1
| #define __STDC_WANT_MATH_SPEC_FUNCS__ 1
| #define _TANDEM_SOURCE 1
| #define __EXTENSIONS__ 1
| #define HAVE_SYS_WAIT_H 1
| #define HAVE_DIRENT_H 1
| #define HAVE_SYS_PARAM_H 1
| #define HAVE_AR_H 1
| #define HAVE_ERR_H 1
| #define HAVE_FCNTL_H 1
| #define HAVE_LIBGEN_H 1
| #define HAVE_LIMITS_H 1
| #define HAVE_PATHS_H 1
| #define HAVE_POLL_H 1
| #define HAVE_REGEX_H 1
| #define HAVE_SYS_MMAN_H 1
| #define HAVE_SYS_SELECT_H 1
| #define HAVE_SYS_SOCKET_H 1
| #define HAVE_SYS_TIME_H 1
| #define HAVE_SYS_UIO_H 1
| #define HAVE_UTIME_H 1
| #define HAVE___ATTRIBUTE__ 1
| #define HAVE_UNSIGNED_LONG_LONG_INT 1
| #define HAVE_LONG_LONG_INT 1
| /* end confdefs.h.  */
| #include <stddef.h>
| #ifdef HAVE_STDIO_H
| # include <stdio.h>
| #endif
| #ifdef HAVE_STDLIB_H
| # include <stdlib.h>
| #endif
| #ifdef HAVE_STRING_H
| # include <string.h>
| #endif
| #ifdef HAVE_INTTYPES_H
| # include <inttypes.h>
| #endif
| #ifdef HAVE_STDINT_H
| # include <stdint.h>
| #endif
| #ifdef HAVE_STRINGS_H
| # include <strings.h>
| #endif
| #ifdef HAVE_SYS_TYPES_H
| # include <sys/types.h>
| #endif
| #ifdef HAVE_SYS_STAT_H
| # include <sys/stat.h>
| #endif
| #ifdef HAVE_UNISTD_H
| # include <unistd.h>
| #endif
| 
| int
| main (void)
| {
| if (sizeof ((pid_t)))
| 	    return 0;
|   ;
|   return 0;
| }
configure:6026: result: yes
configure:6064: checking for size_t
configure:6064: musl-gcc -fno-link-libatomic -c -g -O2  -I/home/ildar/kyronix-ports/tools/bmake/missing conftest.c >&5
configure:6064: $? = 0
configure:6064: musl-gcc -fno-link-libatomic -c -g -O2  -I/home/ildar/kyronix-ports/tools/bmake/missing conftest.c >&5
conftest.c: In function 'main':
conftest.c:89:21: error: expected expression before ')' token
   89 | if (sizeof ((size_t)))
      |                     ^
configure:6064: $? = 1
configure: failed program was:
| /* confdefs.h */
| #define PACKAGE_NAME "bmake"
| #define PACKAGE_TARNAME "bmake"
| #define PACKAGE_VERSION "20260406"
| #define PACKAGE_STRING "bmake 20260406"
| #define PACKAGE_BUGREPORT "sjg@NetBSD.org"
| #define PACKAGE_URL ""
| #define HAVE_STDIO_H 1
| #define HAVE_STDLIB_H 1
| #define HAVE_STRING_H 1
| #define HAVE_INTTYPES_H 1
| #define HAVE_STDINT_H 1
| #define HAVE_STRINGS_H 1
| #define HAVE_SYS_STAT_H 1
| #define HAVE_SYS_TYPES_H 1
| #define HAVE_UNISTD_H 1
| #define HAVE_WCHAR_H 1
| #define HAVE_SYS_TIME_H 1
| #define STDC_HEADERS 1
| #define _ALL_SOURCE 1
| #define _DARWIN_C_SOURCE 1
| #define _GNU_SOURCE 1
| #define _HPUX_ALT_XOPEN_SOCKET_API 1
| #define _NETBSD_SOURCE 1
| #define _OPENBSD_SOURCE 1
| #define _POSIX_PTHREAD_SEMANTICS 1
| #define __STDC_WANT_IEC_60559_ATTRIBS_EXT__ 1
| #define __STDC_WANT_IEC_60559_BFP_EXT__ 1
| #define __STDC_WANT_IEC_60559_DFP_EXT__ 1
| #define __STDC_WANT_IEC_60559_EXT__ 1
| #define __STDC_WANT_IEC_60559_FUNCS_EXT__ 1
| #define __STDC_WANT_IEC_60559_TYPES_EXT__ 1
| #define __STDC_WANT_LIB_EXT2__ 1
| #define __STDC_WANT_MATH_SPEC_FUNCS__ 1
| #define _TANDEM_SOURCE 1
| #define __EXTENSIONS__ 1
| #define HAVE_SYS_WAIT_H 1
| #define HAVE_DIRENT_H 1
| #define HAVE_SYS_PARAM_H 1
| #define HAVE_AR_H 1
| #define HAVE_ERR_H 1
| #define HAVE_FCNTL_H 1
| #define HAVE_LIBGEN_H 1
| #define HAVE_LIMITS_H 1
| #define HAVE_PATHS_H 1
| #define HAVE_POLL_H 1
| #define HAVE_REGEX_H 1
| #define HAVE_SYS_MMAN_H 1
| #define HAVE_SYS_SELECT_H 1
| #define HAVE_SYS_SOCKET_H 1
| #define HAVE_SYS_TIME_H 1
| #define HAVE_SYS_UIO_H 1
| #define HAVE_UTIME_H 1
| #define HAVE___ATTRIBUTE__ 1
| #define HAVE_UNSIGNED_LONG_LONG_INT 1
| #define HAVE_LONG_LONG_INT 1
| /* end confdefs.h.  */
| #include <stddef.h>
| #ifdef HAVE_STDIO_H
| # include <stdio.h>
| #endif
| #ifdef HAVE_STDLIB_H
| # include <stdlib.h>
| #endif
| #ifdef HAVE_STRING_H
| # include <string.h>
| #endif
| #ifdef HAVE_INTTYPES_H
| # include <inttypes.h>
| #endif
| #ifdef HAVE_STDINT_H
| # include <stdint.h>
| #endif
| #ifdef HAVE_STRINGS_H
| # include <strings.h>
| #endif
| #ifdef HAVE_SYS_TYPES_H
| # include <sys/types.h>
| #endif
| #ifdef HAVE_SYS_STAT_H
| # include <sys/stat.h>
| #endif
| #ifdef HAVE_UNISTD_H
| # include <unistd.h>
| #endif
| int
| main (void)
| {
| if (sizeof ((size_t)))
| 	    return 0;
|   ;
|   return 0;
| }
configure:6064: result: yes
configure:6075: checking for uint32_t
configure:6075: musl-gcc -fno-link-libatomic -c -g -O2  -I/home/ildar/kyronix-ports/tools/bmake/missing conftest.c >&5
configure:6075: $? = 0
configure:6075: result: yes
configure:6087: checking for musl-gcc -fno-link-libatomic options needed to detect all undeclared functions
configure:6109: musl-gcc -fno-link-libatomic -c -g -O2   -I/home/ildar/kyronix-ports/tools/bmake/missing conftest.c >&5
conftest.c: In function 'main':
conftest.c:62:8: error: 'strchr' undeclared (first use in this function)
   62 | (void) strchr;
      |        ^~~~~~
conftest.c:1:1: note: 'strchr' is defined in header '<string.h>'; this is probably fixable by adding '#include <string.h>'
    1 | /* confdefs.h */
conftest.c:62:8: note: each undeclared identifier is reported only once for each function it appears in
   62 | (void) strchr;
      |        ^~~~~~
configure:6109: $? = 1
configure: failed program was:
| /* confdefs.h */
| #define PACKAGE_NAME "bmake"
| #define PACKAGE_TARNAME "bmake"
| #define PACKAGE_VERSION "20260406"
| #define PACKAGE_STRING "bmake 20260406"
| #define PACKAGE_BUGREPORT "sjg@NetBSD.org"
| #define PACKAGE_URL ""
| #define HAVE_STDIO_H 1
| #define HAVE_STDLIB_H 1
| #define HAVE_STRING_H 1
| #define HAVE_INTTYPES_H 1
| #define HAVE_STDINT_H 1
| #define HAVE_STRINGS_H 1
| #define HAVE_SYS_STAT_H 1
| #define HAVE_SYS_TYPES_H 1
| #define HAVE_UNISTD_H 1
| #define HAVE_WCHAR_H 1
| #define HAVE_SYS_TIME_H 1
| #define STDC_HEADERS 1
| #define _ALL_SOURCE 1
| #define _DARWIN_C_SOURCE 1
| #define _GNU_SOURCE 1
| #define _HPUX_ALT_XOPEN_SOCKET_API 1
| #define _NETBSD_SOURCE 1
| #define _OPENBSD_SOURCE 1
| #define _POSIX_PTHREAD_SEMANTICS 1
| #define __STDC_WANT_IEC_60559_ATTRIBS_EXT__ 1
| #define __STDC_WANT_IEC_60559_BFP_EXT__ 1
| #define __STDC_WANT_IEC_60559_DFP_EXT__ 1
| #define __STDC_WANT_IEC_60559_EXT__ 1
| #define __STDC_WANT_IEC_60559_FUNCS_EXT__ 1
| #define __STDC_WANT_IEC_60559_TYPES_EXT__ 1
| #define __STDC_WANT_LIB_EXT2__ 1
| #define __STDC_WANT_MATH_SPEC_FUNCS__ 1
| #define _TANDEM_SOURCE 1
| #define __EXTENSIONS__ 1
| #define HAVE_SYS_WAIT_H 1
| #define HAVE_DIRENT_H 1
| #define HAVE_SYS_PARAM_H 1
| #define HAVE_AR_H 1
| #define HAVE_ERR_H 1
| #define HAVE_FCNTL_H 1
| #define HAVE_LIBGEN_H 1
| #define HAVE_LIMITS_H 1
| #define HAVE_PATHS_H 1
| #define HAVE_POLL_H 1
| #define HAVE_REGEX_H 1
| #define HAVE_SYS_MMAN_H 1
| #define HAVE_SYS_SELECT_H 1
| #define HAVE_SYS_SOCKET_H 1
| #define HAVE_SYS_TIME_H 1
| #define HAVE_SYS_UIO_H 1
| #define HAVE_UTIME_H 1
| #define HAVE___ATTRIBUTE__ 1
| #define HAVE_UNSIGNED_LONG_LONG_INT 1
| #define HAVE_LONG_LONG_INT 1
| /* end confdefs.h.  */
| 
| int
| main (void)
| {
| (void) strchr;
|   ;
|   return 0;
| }
configure:6136: musl-gcc -fno-link-libatomic -c -g -O2   -I/home/ildar/kyronix-ports/tools/bmake/missing conftest.c >&5
configure:6136: $? = 0
configure:6156: result: none needed
configure:6170: checking whether sys_siglist is declared
configure:6170: musl-gcc -fno-link-libatomic -c -g -O2   -I/home/ildar/kyronix-ports/tools/bmake/missing conftest.c >&5
conftest.c: In function 'main':
conftest.c:72:10: error: 'sys_siglist' undeclared (first use in this function)
   72 |   (void) sys_siglist;
      |          ^~~~~~~~~~~
conftest.c:72:10: note: each undeclared identifier is reported only once for each function it appears in
configure:6170: $? = 1
configure: failed program was:
| /* confdefs.h */
| #define PACKAGE_NAME "bmake"
| #define PACKAGE_TARNAME "bmake"
| #define PACKAGE_VERSION "20260406"
| #define PACKAGE_STRING "bmake 20260406"
| #define PACKAGE_BUGREPORT "sjg@NetBSD.org"
| #define PACKAGE_URL ""
| #define HAVE_STDIO_H 1
| #define HAVE_STDLIB_H 1
| #define HAVE_STRING_H 1
| #define HAVE_INTTYPES_H 1
| #define HAVE_STDINT_H 1
| #define HAVE_STRINGS_H 1
| #define HAVE_SYS_STAT_H 1
| #define HAVE_SYS_TYPES_H 1
| #define HAVE_UNISTD_H 1
| #define HAVE_WCHAR_H 1
| #define HAVE_SYS_TIME_H 1
| #define STDC_HEADERS 1
| #define _ALL_SOURCE 1
| #define _DARWIN_C_SOURCE 1
| #define _GNU_SOURCE 1
| #define _HPUX_ALT_XOPEN_SOCKET_API 1
| #define _NETBSD_SOURCE 1
| #define _OPENBSD_SOURCE 1
| #define _POSIX_PTHREAD_SEMANTICS 1
| #define __STDC_WANT_IEC_60559_ATTRIBS_EXT__ 1
| #define __STDC_WANT_IEC_60559_BFP_EXT__ 1
| #define __STDC_WANT_IEC_60559_DFP_EXT__ 1
| #define __STDC_WANT_IEC_60559_EXT__ 1
| #define __STDC_WANT_IEC_60559_FUNCS_EXT__ 1
| #define __STDC_WANT_IEC_60559_TYPES_EXT__ 1
| #define __STDC_WANT_LIB_EXT2__ 1
| #define __STDC_WANT_MATH_SPEC_FUNCS__ 1
| #define _TANDEM_SOURCE 1
| #define __EXTENSIONS__ 1
| #define HAVE_SYS_WAIT_H 1
| #define HAVE_DIRENT_H 1
| #define HAVE_SYS_PARAM_H 1
| #define HAVE_AR_H 1
| #define HAVE_ERR_H 1
| #define HAVE_FCNTL_H 1
| #define HAVE_LIBGEN_H 1
| #define HAVE_LIMITS_H 1
| #define HAVE_PATHS_H 1
| #define HAVE_POLL_H 1
| #define HAVE_REGEX_H 1
| #define HAVE_SYS_MMAN_H 1
| #define HAVE_SYS_SELECT_H 1
| #define HAVE_SYS_SOCKET_H 1
| #define HAVE_SYS_TIME_H 1
| #define HAVE_SYS_UIO_H 1
| #define HAVE_UTIME_H 1
| #define HAVE___ATTRIBUTE__ 1
| #define HAVE_UNSIGNED_LONG_LONG_INT 1
| #define HAVE_LONG_LONG_INT 1
| /* end confdefs.h.  */
| #include <signal.h>
| /* NetBSD declares sys_siglist in unistd.h.  */
| #ifdef HAVE_UNISTD_H
| # include <unistd.h>
| #endif
| 
| 
| int
| main (void)
| {
| #ifndef sys_siglist
| #ifdef __cplusplus
|   (void) sys_siglist;
| #else
|   (void) sys_siglist;
| #endif
| #endif
| 
|   ;
|   return 0;
| }
configure:6170: result: no
configure:6190: checking whether struct tm is in sys/time.h or time.h
configure:6211: musl-gcc -fno-link-libatomic -c -g -O2  -I/home/ildar/kyronix-ports/tools/bmake/missing conftest.c >&5
configure:6211: $? = 0
configure:6221: result: time.h
configure:6231: checking for sig_atomic_t
configure:6231: musl-gcc -fno-link-libatomic -c -g -O2  -I/home/ildar/kyronix-ports/tools/bmake/missing conftest.c >&5
configure:6231: $? = 0
configure:6231: musl-gcc -fno-link-libatomic -c -g -O2  -I/home/ildar/kyronix-ports/tools/bmake/missing conftest.c >&5
conftest.c: In function 'main':
conftest.c:69:27: error: expected expression before ')' token
   69 | if (sizeof ((sig_atomic_t)))
      |                           ^
configure:6231: $? = 1
configure: failed program was:
| /* confdefs.h */
| #define PACKAGE_NAME "bmake"
| #define PACKAGE_TARNAME "bmake"
| #define PACKAGE_VERSION "20260406"
| #define PACKAGE_STRING "bmake 20260406"
| #define PACKAGE_BUGREPORT "sjg@NetBSD.org"
| #define PACKAGE_URL ""
| #define HAVE_STDIO_H 1
| #define HAVE_STDLIB_H 1
| #define HAVE_STRING_H 1
| #define HAVE_INTTYPES_H 1
| #define HAVE_STDINT_H 1
| #define HAVE_STRINGS_H 1
| #define HAVE_SYS_STAT_H 1
| #define HAVE_SYS_TYPES_H 1
| #define HAVE_UNISTD_H 1
| #define HAVE_WCHAR_H 1
| #define HAVE_SYS_TIME_H 1
| #define STDC_HEADERS 1
| #define _ALL_SOURCE 1
| #define _DARWIN_C_SOURCE 1
| #define _GNU_SOURCE 1
| #define _HPUX_ALT_XOPEN_SOCKET_API 1
| #define _NETBSD_SOURCE 1
| #define _OPENBSD_SOURCE 1
| #define _POSIX_PTHREAD_SEMANTICS 1
| #define __STDC_WANT_IEC_60559_ATTRIBS_EXT__ 1
| #define __STDC_WANT_IEC_60559_BFP_EXT__ 1
| #define __STDC_WANT_IEC_60559_DFP_EXT__ 1
| #define __STDC_WANT_IEC_60559_EXT__ 1
| #define __STDC_WANT_IEC_60559_FUNCS_EXT__ 1
| #define __STDC_WANT_IEC_60559_TYPES_EXT__ 1
| #define __STDC_WANT_LIB_EXT2__ 1
| #define __STDC_WANT_MATH_SPEC_FUNCS__ 1
| #define _TANDEM_SOURCE 1
| #define __EXTENSIONS__ 1
| #define HAVE_SYS_WAIT_H 1
| #define HAVE_DIRENT_H 1
| #define HAVE_SYS_PARAM_H 1
| #define HAVE_AR_H 1
| #define HAVE_ERR_H 1
| #define HAVE_FCNTL_H 1
| #define HAVE_LIBGEN_H 1
| #define HAVE_LIMITS_H 1
| #define HAVE_PATHS_H 1
| #define HAVE_POLL_H 1
| #define HAVE_REGEX_H 1
| #define HAVE_SYS_MMAN_H 1
| #define HAVE_SYS_SELECT_H 1
| #define HAVE_SYS_SOCKET_H 1
| #define HAVE_SYS_TIME_H 1
| #define HAVE_SYS_UIO_H 1
| #define HAVE_UTIME_H 1
| #define HAVE___ATTRIBUTE__ 1
| #define HAVE_UNSIGNED_LONG_LONG_INT 1
| #define HAVE_LONG_LONG_INT 1
| #define HAVE_DECL_SYS_SIGLIST 0
| /* end confdefs.h.  */
| 
| #ifdef HAVE_SYS_TYPES_H
| #include <sys/types.h>
| #endif
| #include <signal.h>
| 
| 
| int
| main (void)
| {
| if (sizeof ((sig_atomic_t)))
| 	    return 0;
|   ;
|   return 0;
| }
configure:6231: result: yes
configure:6252: checking for fork
configure:6252: musl-gcc -fno-link-libatomic -o conftest -g -O2  -I/home/ildar/kyronix-ports/tools/bmake/missing  conftest.c  >&5
conftest.c:76:6: warning: conflicting types for built-in function 'fork'; expected 'int(void)' [-Wbuiltin-declaration-mismatch]
   76 | char fork (void);
      |      ^~~~
configure:6252: $? = 0
configure:6252: result: yes
configure:6252: checking for vfork
configure:6252: musl-gcc -fno-link-libatomic -o conftest -g -O2  -I/home/ildar/kyronix-ports/tools/bmake/missing  conftest.c  >&5
configure:6252: $? = 0
configure:6252: result: yes
configure:6252: checking for vprintf
configure:6252: musl-gcc -fno-link-libatomic -o conftest -g -O2  -I/home/ildar/kyronix-ports/tools/bmake/missing  conftest.c  >&5
conftest.c:78:6: warning: conflicting types for built-in function 'vprintf'; expected 'int(const char *, __va_list_tag *)' [-Wbuiltin-declaration-mismatch]
   78 | char vprintf (void);
      |      ^~~~~~~
conftest.c:70:1: note: 'vprintf' is declared in header '<stdio.h>'
   69 | #include <limits.h>
   70 | #undef vprintf
configure:6252: $? = 0
configure:6252: result: yes
configure:6265: checking for working fork
configure:6289: musl-gcc -fno-link-libatomic -o conftest -g -O2  -I/home/ildar/kyronix-ports/tools/bmake/missing  conftest.c  >&5
configure:6289: $? = 0
configure:6289: ./conftest
configure:6289: $? = 0
configure:6303: result: yes
configure:6324: checking for working vfork
configure:6456: result: yes
configure:6494: checking for wait3 that fills in rusage
configure:6542: musl-gcc -fno-link-libatomic -o conftest -g -O2  -I/home/ildar/kyronix-ports/tools/bmake/missing  conftest.c  >&5
configure:6542: $? = 0
configure:6542: ./conftest
configure:6542: $? = 0
configure:6556: result: yes
configure:6564: checking for err
configure:6564: musl-gcc -fno-link-libatomic -o conftest -g -O2  -I/home/ildar/kyronix-ports/tools/bmake/missing  conftest.c  >&5
configure:6564: $? = 0
configure:6564: result: yes
configure:6570: checking for errx
configure:6570: musl-gcc -fno-link-libatomic -o conftest -g -O2  -I/home/ildar/kyronix-ports/tools/bmake/missing  conftest.c  >&5
configure:6570: $? = 0
configure:6570: result: yes
configure:6576: checking for getcwd
configure:6576: musl-gcc -fno-link-libatomic -o conftest -g -O2  -I/home/ildar/kyronix-ports/tools/bmake/missing  conftest.c  >&5
configure:6576: $? = 0
configure:6576: result: yes
configure:6582: checking for getenv
configure:6582: musl-gcc -fno-link-libatomic -o conftest -g -O2  -I/home/ildar/kyronix-ports/tools/bmake/missing  conftest.c  >&5
configure:6582: $? = 0
configure:6582: result: yes
configure:6588: checking for getwd
configure:6588: musl-gcc -fno-link-libatomic -o conftest -g -O2  -I/home/ildar/kyronix-ports/tools/bmake/missing  conftest.c  >&5
/usr/bin/ld: /tmp/cctJyMHT.o: in function `main':
/home/ildar/kyronix-ports/tools/bmake/obj-musl/conftest.c:97:(.text.startup+0x5): undefined reference to `getwd'
collect2: error: ld returned 1 exit status
configure:6588: $? = 1
configure: failed program was:
| /* confdefs.h */
| #define PACKAGE_NAME "bmake"
| #define PACKAGE_TARNAME "bmake"
| #define PACKAGE_VERSION "20260406"
| #define PACKAGE_STRING "bmake 20260406"
| #define PACKAGE_BUGREPORT "sjg@NetBSD.org"
| #define PACKAGE_URL ""
| #define HAVE_STDIO_H 1
| #define HAVE_STDLIB_H 1
| #define HAVE_STRING_H 1
| #define HAVE_INTTYPES_H 1
| #define HAVE_STDINT_H 1
| #define HAVE_STRINGS_H 1
| #define HAVE_SYS_STAT_H 1
| #define HAVE_SYS_TYPES_H 1
| #define HAVE_UNISTD_H 1
| #define HAVE_WCHAR_H 1
| #define HAVE_SYS_TIME_H 1
| #define STDC_HEADERS 1
| #define _ALL_SOURCE 1
| #define _DARWIN_C_SOURCE 1
| #define _GNU_SOURCE 1
| #define _HPUX_ALT_XOPEN_SOCKET_API 1
| #define _NETBSD_SOURCE 1
| #define _OPENBSD_SOURCE 1
| #define _POSIX_PTHREAD_SEMANTICS 1
| #define __STDC_WANT_IEC_60559_ATTRIBS_EXT__ 1
| #define __STDC_WANT_IEC_60559_BFP_EXT__ 1
| #define __STDC_WANT_IEC_60559_DFP_EXT__ 1
| #define __STDC_WANT_IEC_60559_EXT__ 1
| #define __STDC_WANT_IEC_60559_FUNCS_EXT__ 1
| #define __STDC_WANT_IEC_60559_TYPES_EXT__ 1
| #define __STDC_WANT_LIB_EXT2__ 1
| #define __STDC_WANT_MATH_SPEC_FUNCS__ 1
| #define _TANDEM_SOURCE 1
| #define __EXTENSIONS__ 1
| #define HAVE_SYS_WAIT_H 1
| #define HAVE_DIRENT_H 1
| #define HAVE_SYS_PARAM_H 1
| #define HAVE_AR_H 1
| #define HAVE_ERR_H 1
| #define HAVE_FCNTL_H 1
| #define HAVE_LIBGEN_H 1
| #define HAVE_LIMITS_H 1
| #define HAVE_PATHS_H 1
| #define HAVE_POLL_H 1
| #define HAVE_REGEX_H 1
| #define HAVE_SYS_MMAN_H 1
| #define HAVE_SYS_SELECT_H 1
| #define HAVE_SYS_SOCKET_H 1
| #define HAVE_SYS_TIME_H 1
| #define HAVE_SYS_UIO_H 1
| #define HAVE_UTIME_H 1
| #define HAVE___ATTRIBUTE__ 1
| #define HAVE_UNSIGNED_LONG_LONG_INT 1
| #define HAVE_LONG_LONG_INT 1
| #define HAVE_DECL_SYS_SIGLIST 0
| #define HAVE_SIG_ATOMIC_T 1
| #define HAVE_FORK 1
| #define HAVE_VFORK 1
| #define HAVE_VPRINTF 1
| #define HAVE_WORKING_VFORK 1
| #define HAVE_WORKING_FORK 1
| #define HAVE_WAIT3 1
| #define HAVE_ERR 1
| #define HAVE_ERRX 1
| #define HAVE_GETCWD 1
| #define HAVE_GETENV 1
| /* end confdefs.h.  */
| /* Define getwd to an innocuous variant, in case <limits.h> declares getwd.
|    For example, HP-UX 11i <limits.h> declares gettimeofday.  */
| #define getwd innocuous_getwd
| 
| /* System header to define __stub macros and hopefully few prototypes,
|    which can conflict with char getwd (void); below.  */
| 
| #include <limits.h>
| #undef getwd
| 
| /* Override any GCC internal prototype to avoid an error.
|    Use char because int might match the return type of a GCC
|    builtin and then its argument prototype would still apply.  */
| #ifdef __cplusplus
| extern "C"
| #endif
| char getwd (void);
| /* The GNU C library defines this for functions which it implements
|     to always fail with ENOSYS.  Some functions are actually named
|     something starting with __ and the normal name is an alias.  */
| #if defined __stub_getwd || defined __stub___getwd
| choke me
| #endif
| 
| int
| main (void)
| {
| return getwd ();
|   ;
|   return 0;
| }
configure:6588: result: no
configure:6594: checking for killpg
configure:6594: musl-gcc -fno-link-libatomic -o conftest -g -O2  -I/home/ildar/kyronix-ports/tools/bmake/missing  conftest.c  >&5
configure:6594: $? = 0
configure:6594: result: yes
configure:6600: checking for putenv
configure:6600: musl-gcc -fno-link-libatomic -o conftest -g -O2  -I/home/ildar/kyronix-ports/tools/bmake/missing  conftest.c  >&5
configure:6600: $? = 0
configure:6600: result: yes
configure:6606: checking for select
configure:6606: musl-gcc -fno-link-libatomic -o conftest -g -O2  -I/home/ildar/kyronix-ports/tools/bmake/missing  conftest.c  >&5
configure:6606: $? = 0
configure:6606: result: yes
configure:6612: checking for setenv
configure:6612: musl-gcc -fno-link-libatomic -o conftest -g -O2  -I/home/ildar/kyronix-ports/tools/bmake/missing  conftest.c  >&5
configure:6612: $? = 0
configure:6612: result: yes
configure:6618: checking for setpgid
configure:6618: musl-gcc -fno-link-libatomic -o conftest -g -O2  -I/home/ildar/kyronix-ports/tools/bmake/missing  conftest.c  >&5
configure:6618: $? = 0
configure:6618: result: yes
configure:6624: checking for setrlimit
configure:6624: musl-gcc -fno-link-libatomic -o conftest -g -O2  -I/home/ildar/kyronix-ports/tools/bmake/missing  conftest.c  >&5
configure:6624: $? = 0
configure:6624: result: yes
configure:6630: checking for setsid
configure:6630: musl-gcc -fno-link-libatomic -o conftest -g -O2  -I/home/ildar/kyronix-ports/tools/bmake/missing  conftest.c  >&5
configure:6630: $? = 0
configure:6630: result: yes
configure:6636: checking for sigaddset
configure:6636: musl-gcc -fno-link-libatomic -o conftest -g -O2  -I/home/ildar/kyronix-ports/tools/bmake/missing  conftest.c  >&5
configure:6636: $? = 0
configure:6636: result: yes
configure:6642: checking for sigpending
configure:6642: musl-gcc -fno-link-libatomic -o conftest -g -O2  -I/home/ildar/kyronix-ports/tools/bmake/missing  conftest.c  >&5
configure:6642: $? = 0
configure:6642: result: yes
configure:6648: checking for sigprocmask
configure:6648: musl-gcc -fno-link-libatomic -o conftest -g -O2  -I/home/ildar/kyronix-ports/tools/bmake/missing  conftest.c  >&5
configure:6648: $? = 0
configure:6648: result: yes
configure:6654: checking for sigsetmask
configure:6654: musl-gcc -fno-link-libatomic -o conftest -g -O2  -I/home/ildar/kyronix-ports/tools/bmake/missing  conftest.c  >&5
/usr/bin/ld: /tmp/cczcSKce.o: in function `main':
/home/ildar/kyronix-ports/tools/bmake/obj-musl/conftest.c:107:(.text.startup+0x5): undefined reference to `sigsetmask'
collect2: error: ld returned 1 exit status
configure:6654: $? = 1
configure: failed program was:
| /* confdefs.h */
| #define PACKAGE_NAME "bmake"
| #define PACKAGE_TARNAME "bmake"
| #define PACKAGE_VERSION "20260406"
| #define PACKAGE_STRING "bmake 20260406"
| #define PACKAGE_BUGREPORT "sjg@NetBSD.org"
| #define PACKAGE_URL ""
| #define HAVE_STDIO_H 1
| #define HAVE_STDLIB_H 1
| #define HAVE_STRING_H 1
| #define HAVE_INTTYPES_H 1
| #define HAVE_STDINT_H 1
| #define HAVE_STRINGS_H 1
| #define HAVE_SYS_STAT_H 1
| #define HAVE_SYS_TYPES_H 1
| #define HAVE_UNISTD_H 1
| #define HAVE_WCHAR_H 1
| #define HAVE_SYS_TIME_H 1
| #define STDC_HEADERS 1
| #define _ALL_SOURCE 1
| #define _DARWIN_C_SOURCE 1
| #define _GNU_SOURCE 1
| #define _HPUX_ALT_XOPEN_SOCKET_API 1
| #define _NETBSD_SOURCE 1
| #define _OPENBSD_SOURCE 1
| #define _POSIX_PTHREAD_SEMANTICS 1
| #define __STDC_WANT_IEC_60559_ATTRIBS_EXT__ 1
| #define __STDC_WANT_IEC_60559_BFP_EXT__ 1
| #define __STDC_WANT_IEC_60559_DFP_EXT__ 1
| #define __STDC_WANT_IEC_60559_EXT__ 1
| #define __STDC_WANT_IEC_60559_FUNCS_EXT__ 1
| #define __STDC_WANT_IEC_60559_TYPES_EXT__ 1
| #define __STDC_WANT_LIB_EXT2__ 1
| #define __STDC_WANT_MATH_SPEC_FUNCS__ 1
| #define _TANDEM_SOURCE 1
| #define __EXTENSIONS__ 1
| #define HAVE_SYS_WAIT_H 1
| #define HAVE_DIRENT_H 1
| #define HAVE_SYS_PARAM_H 1
| #define HAVE_AR_H 1
| #define HAVE_ERR_H 1
| #define HAVE_FCNTL_H 1
| #define HAVE_LIBGEN_H 1
| #define HAVE_LIMITS_H 1
| #define HAVE_PATHS_H 1
| #define HAVE_POLL_H 1
| #define HAVE_REGEX_H 1
| #define HAVE_SYS_MMAN_H 1
| #define HAVE_SYS_SELECT_H 1
| #define HAVE_SYS_SOCKET_H 1
| #define HAVE_SYS_TIME_H 1
| #define HAVE_SYS_UIO_H 1
| #define HAVE_UTIME_H 1
| #define HAVE___ATTRIBUTE__ 1
| #define HAVE_UNSIGNED_LONG_LONG_INT 1
| #define HAVE_LONG_LONG_INT 1
| #define HAVE_DECL_SYS_SIGLIST 0
| #define HAVE_SIG_ATOMIC_T 1
| #define HAVE_FORK 1
| #define HAVE_VFORK 1
| #define HAVE_VPRINTF 1
| #define HAVE_WORKING_VFORK 1
| #define HAVE_WORKING_FORK 1
| #define HAVE_WAIT3 1
| #define HAVE_ERR 1
| #define HAVE_ERRX 1
| #define HAVE_GETCWD 1
| #define HAVE_GETENV 1
| #define HAVE_KILLPG 1
| #define HAVE_PUTENV 1
| #define HAVE_SELECT 1
| #define HAVE_SETENV 1
| #define HAVE_SETPGID 1
| #define HAVE_SETRLIMIT 1
| #define HAVE_SETSID 1
| #define HAVE_SIGADDSET 1
| #define HAVE_SIGPENDING 1
| #define HAVE_SIGPROCMASK 1
| /* end confdefs.h.  */
| /* Define sigsetmask to an innocuous variant, in case <limits.h> declares sigsetmask.
|    For example, HP-UX 11i <limits.h> declares gettimeofday.  */
| #define sigsetmask innocuous_sigsetmask
| 
| /* System header to define __stub macros and hopefully few prototypes,
|    which can conflict with char sigsetmask (void); below.  */
| 
| #include <limits.h>
| #undef sigsetmask
| 
| /* Override any GCC internal prototype to avoid an error.
|    Use char because int might match the return type of a GCC
|    builtin and then its argument prototype would still apply.  */
| #ifdef __cplusplus
| extern "C"
| #endif
| char sigsetmask (void);
| /* The GNU C library defines this for functions which it implements
|     to always fail with ENOSYS.  Some functions are actually named
|     something starting with __ and the normal name is an alias.  */
| #if defined __stub_sigsetmask || defined __stub___sigsetmask
| choke me
| #endif
| 
| int
| main (void)
| {
| return sigsetmask ();
|   ;
|   return 0;
| }
configure:6654: result: no
configure:6660: checking for sigsuspend
configure:6660: musl-gcc -fno-link-libatomic -o conftest -g -O2  -I/home/ildar/kyronix-ports/tools/bmake/missing  conftest.c  >&5
configure:6660: $? = 0
configure:6660: result: yes
configure:6666: checking for sigvec
configure:6666: musl-gcc -fno-link-libatomic -o conftest -g -O2  -I/home/ildar/kyronix-ports/tools/bmake/missing  conftest.c  >&5
/usr/bin/ld: /tmp/ccP2nu9u.o: in function `main':
/home/ildar/kyronix-ports/tools/bmake/obj-musl/conftest.c:108:(.text.startup+0x5): undefined reference to `sigvec'
collect2: error: ld returned 1 exit status
configure:6666: $? = 1
configure: failed program was:
| /* confdefs.h */
| #define PACKAGE_NAME "bmake"
| #define PACKAGE_TARNAME "bmake"
| #define PACKAGE_VERSION "20260406"
| #define PACKAGE_STRING "bmake 20260406"
| #define PACKAGE_BUGREPORT "sjg@NetBSD.org"
| #define PACKAGE_URL ""
| #define HAVE_STDIO_H 1
| #define HAVE_STDLIB_H 1
| #define HAVE_STRING_H 1
| #define HAVE_INTTYPES_H 1
| #define HAVE_STDINT_H 1
| #define HAVE_STRINGS_H 1
| #define HAVE_SYS_STAT_H 1
| #define HAVE_SYS_TYPES_H 1
| #define HAVE_UNISTD_H 1
| #define HAVE_WCHAR_H 1
| #define HAVE_SYS_TIME_H 1
| #define STDC_HEADERS 1
| #define _ALL_SOURCE 1
| #define _DARWIN_C_SOURCE 1
| #define _GNU_SOURCE 1
| #define _HPUX_ALT_XOPEN_SOCKET_API 1
| #define _NETBSD_SOURCE 1
| #define _OPENBSD_SOURCE 1
| #define _POSIX_PTHREAD_SEMANTICS 1
| #define __STDC_WANT_IEC_60559_ATTRIBS_EXT__ 1
| #define __STDC_WANT_IEC_60559_BFP_EXT__ 1
| #define __STDC_WANT_IEC_60559_DFP_EXT__ 1
| #define __STDC_WANT_IEC_60559_EXT__ 1
| #define __STDC_WANT_IEC_60559_FUNCS_EXT__ 1
| #define __STDC_WANT_IEC_60559_TYPES_EXT__ 1
| #define __STDC_WANT_LIB_EXT2__ 1
| #define __STDC_WANT_MATH_SPEC_FUNCS__ 1
| #define _TANDEM_SOURCE 1
| #define __EXTENSIONS__ 1
| #define HAVE_SYS_WAIT_H 1
| #define HAVE_DIRENT_H 1
| #define HAVE_SYS_PARAM_H 1
| #define HAVE_AR_H 1
| #define HAVE_ERR_H 1
| #define HAVE_FCNTL_H 1
| #define HAVE_LIBGEN_H 1
| #define HAVE_LIMITS_H 1
| #define HAVE_PATHS_H 1
| #define HAVE_POLL_H 1
| #define HAVE_REGEX_H 1
| #define HAVE_SYS_MMAN_H 1
| #define HAVE_SYS_SELECT_H 1
| #define HAVE_SYS_SOCKET_H 1
| #define HAVE_SYS_TIME_H 1
| #define HAVE_SYS_UIO_H 1
| #define HAVE_UTIME_H 1
| #define HAVE___ATTRIBUTE__ 1
| #define HAVE_UNSIGNED_LONG_LONG_INT 1
| #define HAVE_LONG_LONG_INT 1
| #define HAVE_DECL_SYS_SIGLIST 0
| #define HAVE_SIG_ATOMIC_T 1
| #define HAVE_FORK 1
| #define HAVE_VFORK 1
| #define HAVE_VPRINTF 1
| #define HAVE_WORKING_VFORK 1
| #define HAVE_WORKING_FORK 1
| #define HAVE_WAIT3 1
| #define HAVE_ERR 1
| #define HAVE_ERRX 1
| #define HAVE_GETCWD 1
| #define HAVE_GETENV 1
| #define HAVE_KILLPG 1
| #define HAVE_PUTENV 1
| #define HAVE_SELECT 1
| #define HAVE_SETENV 1
| #define HAVE_SETPGID 1
| #define HAVE_SETRLIMIT 1
| #define HAVE_SETSID 1
| #define HAVE_SIGADDSET 1
| #define HAVE_SIGPENDING 1
| #define HAVE_SIGPROCMASK 1
| #define HAVE_SIGSUSPEND 1
| /* end confdefs.h.  */
| /* Define sigvec to an innocuous variant, in case <limits.h> declares sigvec.
|    For example, HP-UX 11i <limits.h> declares gettimeofday.  */
| #define sigvec innocuous_sigvec
| 
| /* System header to define __stub macros and hopefully few prototypes,
|    which can conflict with char sigvec (void); below.  */
| 
| #include <limits.h>
| #undef sigvec
| 
| /* Override any GCC internal prototype to avoid an error.
|    Use char because int might match the return type of a GCC
|    builtin and then its argument prototype would still apply.  */
| #ifdef __cplusplus
| extern "C"
| #endif
| char sigvec (void);
| /* The GNU C library defines this for functions which it implements
|     to always fail with ENOSYS.  Some functions are actually named
|     something starting with __ and the normal name is an alias.  */
| #if defined __stub_sigvec || defined __stub___sigvec
| choke me
| #endif
| 
| int
| main (void)
| {
| return sigvec ();
|   ;
|   return 0;
| }
configure:6666: result: no
configure:6672: checking for snprintf
configure:6672: musl-gcc -fno-link-libatomic -o conftest -g -O2  -I/home/ildar/kyronix-ports/tools/bmake/missing  conftest.c  >&5
conftest.c:97:6: warning: conflicting types for built-in function 'snprintf'; expected 'int(char *, long unsigned int,  const char *, ...)' [-Wbuiltin-declaration-mismatch]
   97 | char snprintf (void);
      |      ^~~~~~~~
conftest.c:89:1: note: 'snprintf' is declared in header '<stdio.h>'
   88 | #include <limits.h>
   89 | #undef snprintf
configure:6672: $? = 0
configure:6672: result: yes
configure:6678: checking for strerror
configure:6678: musl-gcc -fno-link-libatomic -o conftest -g -O2  -I/home/ildar/kyronix-ports/tools/bmake/missing  conftest.c  >&5
configure:6678: $? = 0
configure:6678: result: yes
configure:6684: checking for stresep
configure:6684: musl-gcc -fno-link-libatomic -o conftest -g -O2  -I/home/ildar/kyronix-ports/tools/bmake/missing  conftest.c  >&5
/usr/bin/ld: /tmp/ccT5mhSf.o: in function `main':
/home/ildar/kyronix-ports/tools/bmake/obj-musl/conftest.c:110:(.text.startup+0x5): undefined reference to `stresep'
collect2: error: ld returned 1 exit status
configure:6684: $? = 1
configure: failed program was:
| /* confdefs.h */
| #define PACKAGE_NAME "bmake"
| #define PACKAGE_TARNAME "bmake"
| #define PACKAGE_VERSION "20260406"
| #define PACKAGE_STRING "bmake 20260406"
| #define PACKAGE_BUGREPORT "sjg@NetBSD.org"
| #define PACKAGE_URL ""
| #define HAVE_STDIO_H 1
| #define HAVE_STDLIB_H 1
| #define HAVE_STRING_H 1
| #define HAVE_INTTYPES_H 1
| #define HAVE_STDINT_H 1
| #define HAVE_STRINGS_H 1
| #define HAVE_SYS_STAT_H 1
| #define HAVE_SYS_TYPES_H 1
| #define HAVE_UNISTD_H 1
| #define HAVE_WCHAR_H 1
| #define HAVE_SYS_TIME_H 1
| #define STDC_HEADERS 1
| #define _ALL_SOURCE 1
| #define _DARWIN_C_SOURCE 1
| #define _GNU_SOURCE 1
| #define _HPUX_ALT_XOPEN_SOCKET_API 1
| #define _NETBSD_SOURCE 1
| #define _OPENBSD_SOURCE 1
| #define _POSIX_PTHREAD_SEMANTICS 1
| #define __STDC_WANT_IEC_60559_ATTRIBS_EXT__ 1
| #define __STDC_WANT_IEC_60559_BFP_EXT__ 1
| #define __STDC_WANT_IEC_60559_DFP_EXT__ 1
| #define __STDC_WANT_IEC_60559_EXT__ 1
| #define __STDC_WANT_IEC_60559_FUNCS_EXT__ 1
| #define __STDC_WANT_IEC_60559_TYPES_EXT__ 1
| #define __STDC_WANT_LIB_EXT2__ 1
| #define __STDC_WANT_MATH_SPEC_FUNCS__ 1
| #define _TANDEM_SOURCE 1
| #define __EXTENSIONS__ 1
| #define HAVE_SYS_WAIT_H 1
| #define HAVE_DIRENT_H 1
| #define HAVE_SYS_PARAM_H 1
| #define HAVE_AR_H 1
| #define HAVE_ERR_H 1
| #define HAVE_FCNTL_H 1
| #define HAVE_LIBGEN_H 1
| #define HAVE_LIMITS_H 1
| #define HAVE_PATHS_H 1
| #define HAVE_POLL_H 1
| #define HAVE_REGEX_H 1
| #define HAVE_SYS_MMAN_H 1
| #define HAVE_SYS_SELECT_H 1
| #define HAVE_SYS_SOCKET_H 1
| #define HAVE_SYS_TIME_H 1
| #define HAVE_SYS_UIO_H 1
| #define HAVE_UTIME_H 1
| #define HAVE___ATTRIBUTE__ 1
| #define HAVE_UNSIGNED_LONG_LONG_INT 1
| #define HAVE_LONG_LONG_INT 1
| #define HAVE_DECL_SYS_SIGLIST 0
| #define HAVE_SIG_ATOMIC_T 1
| #define HAVE_FORK 1
| #define HAVE_VFORK 1
| #define HAVE_VPRINTF 1
| #define HAVE_WORKING_VFORK 1
| #define HAVE_WORKING_FORK 1
| #define HAVE_WAIT3 1
| #define HAVE_ERR 1
| #define HAVE_ERRX 1
| #define HAVE_GETCWD 1
| #define HAVE_GETENV 1
| #define HAVE_KILLPG 1
| #define HAVE_PUTENV 1
| #define HAVE_SELECT 1
| #define HAVE_SETENV 1
| #define HAVE_SETPGID 1
| #define HAVE_SETRLIMIT 1
| #define HAVE_SETSID 1
| #define HAVE_SIGADDSET 1
| #define HAVE_SIGPENDING 1
| #define HAVE_SIGPROCMASK 1
| #define HAVE_SIGSUSPEND 1
| #define HAVE_SNPRINTF 1
| #define HAVE_STRERROR 1
| /* end confdefs.h.  */
| /* Define stresep to an innocuous variant, in case <limits.h> declares stresep.
|    For example, HP-UX 11i <limits.h> declares gettimeofday.  */
| #define stresep innocuous_stresep
| 
| /* System header to define __stub macros and hopefully few prototypes,
|    which can conflict with char stresep (void); below.  */
| 
| #include <limits.h>
| #undef stresep
| 
| /* Override any GCC internal prototype to avoid an error.
|    Use char because int might match the return type of a GCC
|    builtin and then its argument prototype would still apply.  */
| #ifdef __cplusplus
| extern "C"
| #endif
| char stresep (void);
| /* The GNU C library defines this for functions which it implements
|     to always fail with ENOSYS.  Some functions are actually named
|     something starting with __ and the normal name is an alias.  */
| #if defined __stub_stresep || defined __stub___stresep
| choke me
| #endif
| 
| int
| main (void)
| {
| return stresep ();
|   ;
|   return 0;
| }
configure:6684: result: no
configure:6690: checking for strftime
configure:6690: musl-gcc -fno-link-libatomic -o conftest -g -O2  -I/home/ildar/kyronix-ports/tools/bmake/missing  conftest.c  >&5
conftest.c:99:6: warning: conflicting types for built-in function 'strftime'; expected 'long unsigned int(char *, long unsigned int,  const char *, const void *)' [-Wbuiltin-declaration-mismatch]
   99 | char strftime (void);
      |      ^~~~~~~~
conftest.c:91:1: note: 'strftime' is declared in header '<time.h>'
   90 | #include <limits.h>
   91 | #undef strftime
configure:6690: $? = 0
configure:6690: result: yes
configure:6696: checking for strsep
configure:6696: musl-gcc -fno-link-libatomic -o conftest -g -O2  -I/home/ildar/kyronix-ports/tools/bmake/missing  conftest.c  >&5
configure:6696: $? = 0
configure:6696: result: yes
configure:6702: checking for strtod
configure:6702: musl-gcc -fno-link-libatomic -o conftest -g -O2  -I/home/ildar/kyronix-ports/tools/bmake/missing  conftest.c  >&5
configure:6702: $? = 0
configure:6702: result: yes
configure:6708: checking for strtol
configure:6708: musl-gcc -fno-link-libatomic -o conftest -g -O2  -I/home/ildar/kyronix-ports/tools/bmake/missing  conftest.c  >&5
configure:6708: $? = 0
configure:6708: result: yes
configure:6714: checking for strtoll
configure:6714: musl-gcc -fno-link-libatomic -o conftest -g -O2  -I/home/ildar/kyronix-ports/tools/bmake/missing  conftest.c  >&5
configure:6714: $? = 0
configure:6714: result: yes
configure:6720: checking for strtoul
configure:6720: musl-gcc -fno-link-libatomic -o conftest -g -O2  -I/home/ildar/kyronix-ports/tools/bmake/missing  conftest.c  >&5
configure:6720: $? = 0
configure:6720: result: yes
configure:6726: checking for sysctl
configure:6726: musl-gcc -fno-link-libatomic -o conftest -g -O2  -I/home/ildar/kyronix-ports/tools/bmake/missing  conftest.c  >&5
/usr/bin/ld: /tmp/cc9mem6j.o: in function `main':
/home/ildar/kyronix-ports/tools/bmake/obj-musl/conftest.c:116:(.text.startup+0x5): undefined reference to `sysctl'
collect2: error: ld returned 1 exit status
configure:6726: $? = 1
configure: failed program was:
| /* confdefs.h */
| #define PACKAGE_NAME "bmake"
| #define PACKAGE_TARNAME "bmake"
| #define PACKAGE_VERSION "20260406"
| #define PACKAGE_STRING "bmake 20260406"
| #define PACKAGE_BUGREPORT "sjg@NetBSD.org"
| #define PACKAGE_URL ""
| #define HAVE_STDIO_H 1
| #define HAVE_STDLIB_H 1
| #define HAVE_STRING_H 1
| #define HAVE_INTTYPES_H 1
| #define HAVE_STDINT_H 1
| #define HAVE_STRINGS_H 1
| #define HAVE_SYS_STAT_H 1
| #define HAVE_SYS_TYPES_H 1
| #define HAVE_UNISTD_H 1
| #define HAVE_WCHAR_H 1
| #define HAVE_SYS_TIME_H 1
| #define STDC_HEADERS 1
| #define _ALL_SOURCE 1
| #define _DARWIN_C_SOURCE 1
| #define _GNU_SOURCE 1
| #define _HPUX_ALT_XOPEN_SOCKET_API 1
| #define _NETBSD_SOURCE 1
| #define _OPENBSD_SOURCE 1
| #define _POSIX_PTHREAD_SEMANTICS 1
| #define __STDC_WANT_IEC_60559_ATTRIBS_EXT__ 1
| #define __STDC_WANT_IEC_60559_BFP_EXT__ 1
| #define __STDC_WANT_IEC_60559_DFP_EXT__ 1
| #define __STDC_WANT_IEC_60559_EXT__ 1
| #define __STDC_WANT_IEC_60559_FUNCS_EXT__ 1
| #define __STDC_WANT_IEC_60559_TYPES_EXT__ 1
| #define __STDC_WANT_LIB_EXT2__ 1
| #define __STDC_WANT_MATH_SPEC_FUNCS__ 1
| #define _TANDEM_SOURCE 1
| #define __EXTENSIONS__ 1
| #define HAVE_SYS_WAIT_H 1
| #define HAVE_DIRENT_H 1
| #define HAVE_SYS_PARAM_H 1
| #define HAVE_AR_H 1
| #define HAVE_ERR_H 1
| #define HAVE_FCNTL_H 1
| #define HAVE_LIBGEN_H 1
| #define HAVE_LIMITS_H 1
| #define HAVE_PATHS_H 1
| #define HAVE_POLL_H 1
| #define HAVE_REGEX_H 1
| #define HAVE_SYS_MMAN_H 1
| #define HAVE_SYS_SELECT_H 1
| #define HAVE_SYS_SOCKET_H 1
| #define HAVE_SYS_TIME_H 1
| #define HAVE_SYS_UIO_H 1
| #define HAVE_UTIME_H 1
| #define HAVE___ATTRIBUTE__ 1
| #define HAVE_UNSIGNED_LONG_LONG_INT 1
| #define HAVE_LONG_LONG_INT 1
| #define HAVE_DECL_SYS_SIGLIST 0
| #define HAVE_SIG_ATOMIC_T 1
| #define HAVE_FORK 1
| #define HAVE_VFORK 1
| #define HAVE_VPRINTF 1
| #define HAVE_WORKING_VFORK 1
| #define HAVE_WORKING_FORK 1
| #define HAVE_WAIT3 1
| #define HAVE_ERR 1
| #define HAVE_ERRX 1
| #define HAVE_GETCWD 1
| #define HAVE_GETENV 1
| #define HAVE_KILLPG 1
| #define HAVE_PUTENV 1
| #define HAVE_SELECT 1
| #define HAVE_SETENV 1
| #define HAVE_SETPGID 1
| #define HAVE_SETRLIMIT 1
| #define HAVE_SETSID 1
| #define HAVE_SIGADDSET 1
| #define HAVE_SIGPENDING 1
| #define HAVE_SIGPROCMASK 1
| #define HAVE_SIGSUSPEND 1
| #define HAVE_SNPRINTF 1
| #define HAVE_STRERROR 1
| #define HAVE_STRFTIME 1
| #define HAVE_STRSEP 1
| #define HAVE_STRTOD 1
| #define HAVE_STRTOL 1
| #define HAVE_STRTOLL 1
| #define HAVE_STRTOUL 1
| /* end confdefs.h.  */
| /* Define sysctl to an innocuous variant, in case <limits.h> declares sysctl.
|    For example, HP-UX 11i <limits.h> declares gettimeofday.  */
| #define sysctl innocuous_sysctl
| 
| /* System header to define __stub macros and hopefully few prototypes,
|    which can conflict with char sysctl (void); below.  */
| 
| #include <limits.h>
| #undef sysctl
| 
| /* Override any GCC internal prototype to avoid an error.
|    Use char because int might match the return type of a GCC
|    builtin and then its argument prototype would still apply.  */
| #ifdef __cplusplus
| extern "C"
| #endif
| char sysctl (void);
| /* The GNU C library defines this for functions which it implements
|     to always fail with ENOSYS.  Some functions are actually named
|     something starting with __ and the normal name is an alias.  */
| #if defined __stub_sysctl || defined __stub___sysctl
| choke me
| #endif
| 
| int
| main (void)
| {
| return sysctl ();
|   ;
|   return 0;
| }
configure:6726: result: no
configure:6732: checking for unsetenv
configure:6732: musl-gcc -fno-link-libatomic -o conftest -g -O2  -I/home/ildar/kyronix-ports/tools/bmake/missing  conftest.c  >&5
configure:6732: $? = 0
configure:6732: result: yes
configure:6738: checking for vsnprintf
configure:6738: musl-gcc -fno-link-libatomic -o conftest -g -O2  -I/home/ildar/kyronix-ports/tools/bmake/missing  conftest.c  >&5
conftest.c:106:6: warning: conflicting types for built-in function 'vsnprintf'; expected 'int(char *, long unsigned int,  const char *, __va_list_tag *)' [-Wbuiltin-declaration-mismatch]
  106 | char vsnprintf (void);
      |      ^~~~~~~~~
conftest.c:98:1: note: 'vsnprintf' is declared in header '<stdio.h>'
   97 | #include <limits.h>
   98 | #undef vsnprintf
configure:6738: $? = 0
configure:6738: result: yes
configure:6744: checking for wait3
configure:6744: musl-gcc -fno-link-libatomic -o conftest -g -O2  -I/home/ildar/kyronix-ports/tools/bmake/missing  conftest.c  >&5
configure:6744: $? = 0
configure:6744: result: yes
configure:6750: checking for wait4
configure:6750: musl-gcc -fno-link-libatomic -o conftest -g -O2  -I/home/ildar/kyronix-ports/tools/bmake/missing  conftest.c  >&5
configure:6750: $? = 0
configure:6750: result: yes
configure:6756: checking for waitpid
configure:6756: musl-gcc -fno-link-libatomic -o conftest -g -O2  -I/home/ildar/kyronix-ports/tools/bmake/missing  conftest.c  >&5
configure:6756: $? = 0
configure:6756: result: yes
configure:6762: checking for warn
configure:6762: musl-gcc -fno-link-libatomic -o conftest -g -O2  -I/home/ildar/kyronix-ports/tools/bmake/missing  conftest.c  >&5
configure:6762: $? = 0
configure:6762: result: yes
configure:6768: checking for warnx
configure:6768: musl-gcc -fno-link-libatomic -o conftest -g -O2  -I/home/ildar/kyronix-ports/tools/bmake/missing  conftest.c  >&5
configure:6768: $? = 0
configure:6768: result: yes
configure:6776: checking for getopt
configure:6776: musl-gcc -fno-link-libatomic -o conftest -g -O2  -I/home/ildar/kyronix-ports/tools/bmake/missing  conftest.c  >&5
configure:6776: $? = 0
configure:6776: result: yes
configure:6790: checking for realpath
configure:6790: musl-gcc -fno-link-libatomic -o conftest -g -O2  -I/home/ildar/kyronix-ports/tools/bmake/missing  conftest.c  >&5
configure:6790: $? = 0
configure:6790: result: yes
configure:6804: checking for dirname
configure:6804: musl-gcc -fno-link-libatomic -o conftest -g -O2  -I/home/ildar/kyronix-ports/tools/bmake/missing  conftest.c  >&5
configure:6804: $? = 0
configure:6804: result: yes
configure:6818: checking for sigaction
configure:6818: musl-gcc -fno-link-libatomic -o conftest -g -O2  -I/home/ildar/kyronix-ports/tools/bmake/missing  conftest.c  >&5
configure:6818: $? = 0
configure:6818: result: yes
configure:6832: checking for stresep
configure:6832: result: no
configure:6846: checking for strlcpy
configure:6846: musl-gcc -fno-link-libatomic -o conftest -g -O2  -I/home/ildar/kyronix-ports/tools/bmake/missing  conftest.c  >&5
configure:6846: $? = 0
configure:6846: result: yes
configure:6862: checking for emalloc in -lutil
configure:6891: musl-gcc -fno-link-libatomic -o conftest -g -O2  -I/home/ildar/kyronix-ports/tools/bmake/missing  conftest.c -lutil   >&5
/usr/bin/ld: /tmp/ccZdPKSd.o: in function `main':
/home/ildar/kyronix-ports/tools/bmake/obj-musl/conftest.c:115:(.text.startup+0x5): undefined reference to `emalloc'
collect2: error: ld returned 1 exit status
configure:6891: $? = 1
configure: failed program was:
| /* confdefs.h */
| #define PACKAGE_NAME "bmake"
| #define PACKAGE_TARNAME "bmake"
| #define PACKAGE_VERSION "20260406"
| #define PACKAGE_STRING "bmake 20260406"
| #define PACKAGE_BUGREPORT "sjg@NetBSD.org"
| #define PACKAGE_URL ""
| #define HAVE_STDIO_H 1
| #define HAVE_STDLIB_H 1
| #define HAVE_STRING_H 1
| #define HAVE_INTTYPES_H 1
| #define HAVE_STDINT_H 1
| #define HAVE_STRINGS_H 1
| #define HAVE_SYS_STAT_H 1
| #define HAVE_SYS_TYPES_H 1
| #define HAVE_UNISTD_H 1
| #define HAVE_WCHAR_H 1
| #define HAVE_SYS_TIME_H 1
| #define STDC_HEADERS 1
| #define _ALL_SOURCE 1
| #define _DARWIN_C_SOURCE 1
| #define _GNU_SOURCE 1
| #define _HPUX_ALT_XOPEN_SOCKET_API 1
| #define _NETBSD_SOURCE 1
| #define _OPENBSD_SOURCE 1
| #define _POSIX_PTHREAD_SEMANTICS 1
| #define __STDC_WANT_IEC_60559_ATTRIBS_EXT__ 1
| #define __STDC_WANT_IEC_60559_BFP_EXT__ 1
| #define __STDC_WANT_IEC_60559_DFP_EXT__ 1
| #define __STDC_WANT_IEC_60559_EXT__ 1
| #define __STDC_WANT_IEC_60559_FUNCS_EXT__ 1
| #define __STDC_WANT_IEC_60559_TYPES_EXT__ 1
| #define __STDC_WANT_LIB_EXT2__ 1
| #define __STDC_WANT_MATH_SPEC_FUNCS__ 1
| #define _TANDEM_SOURCE 1
| #define __EXTENSIONS__ 1
| #define HAVE_SYS_WAIT_H 1
| #define HAVE_DIRENT_H 1
| #define HAVE_SYS_PARAM_H 1
| #define HAVE_AR_H 1
| #define HAVE_ERR_H 1
| #define HAVE_FCNTL_H 1
| #define HAVE_LIBGEN_H 1
| #define HAVE_LIMITS_H 1
| #define HAVE_PATHS_H 1
| #define HAVE_POLL_H 1
| #define HAVE_REGEX_H 1
| #define HAVE_SYS_MMAN_H 1
| #define HAVE_SYS_SELECT_H 1
| #define HAVE_SYS_SOCKET_H 1
| #define HAVE_SYS_TIME_H 1
| #define HAVE_SYS_UIO_H 1
| #define HAVE_UTIME_H 1
| #define HAVE___ATTRIBUTE__ 1
| #define HAVE_UNSIGNED_LONG_LONG_INT 1
| #define HAVE_LONG_LONG_INT 1
| #define HAVE_DECL_SYS_SIGLIST 0
| #define HAVE_SIG_ATOMIC_T 1
| #define HAVE_FORK 1
| #define HAVE_VFORK 1
| #define HAVE_VPRINTF 1
| #define HAVE_WORKING_VFORK 1
| #define HAVE_WORKING_FORK 1
| #define HAVE_WAIT3 1
| #define HAVE_ERR 1
| #define HAVE_ERRX 1
| #define HAVE_GETCWD 1
| #define HAVE_GETENV 1
| #define HAVE_KILLPG 1
| #define HAVE_PUTENV 1
| #define HAVE_SELECT 1
| #define HAVE_SETENV 1
| #define HAVE_SETPGID 1
| #define HAVE_SETRLIMIT 1
| #define HAVE_SETSID 1
| #define HAVE_SIGADDSET 1
| #define HAVE_SIGPENDING 1
| #define HAVE_SIGPROCMASK 1
| #define HAVE_SIGSUSPEND 1
| #define HAVE_SNPRINTF 1
| #define HAVE_STRERROR 1
| #define HAVE_STRFTIME 1
| #define HAVE_STRSEP 1
| #define HAVE_STRTOD 1
| #define HAVE_STRTOL 1
| #define HAVE_STRTOLL 1
| #define HAVE_STRTOUL 1
| #define HAVE_UNSETENV 1
| #define HAVE_VSNPRINTF 1
| #define HAVE_WAIT3 1
| #define HAVE_WAIT4 1
| #define HAVE_WAITPID 1
| #define HAVE_WARN 1
| #define HAVE_WARNX 1
| #define HAVE_GETOPT 1
| #define HAVE_REALPATH 1
| #define HAVE_DIRNAME 1
| #define HAVE_SIGACTION 1
| #define HAVE_STRLCPY 1
| /* end confdefs.h.  */
| 
| /* Override any GCC internal prototype to avoid an error.
|    Use char because int might match the return type of a GCC
|    builtin and then its argument prototype would still apply.
|    The 'extern "C"' is for builds by C++ compilers;
|    although this is not generally supported in C code supporting it here
|    has little cost and some practical benefit (sr 110532).  */
| #ifdef __cplusplus
| extern "C"
| #endif
| char emalloc (void);
| int
| main (void)
| {
| return emalloc ();
|   ;
|   return 0;
| }
configure:6903: result: no
configure:7053: checking whether stat file-mode macros are broken
configure:7081: musl-gcc -fno-link-libatomic -c -g -O2  -I/home/ildar/kyronix-ports/tools/bmake/missing conftest.c >&5
configure:7081: $? = 0
configure:7091: result: no
configure:7117: musl-gcc -fno-link-libatomic -c -g -O2  -I/home/ildar/kyronix-ports/tools/bmake/missing conftest.c >&5
configure:7117: $? = 0
/home/ildar/kyronix-ports/tools/bmake/configure: line 7154: -I/home/ildar/kyronix-ports/tools/bmake/missing: No such file or directory
configure:7463: creating ./config.status

## ---------------------- ##
## Running config.status. ##
## ---------------------- ##

This file was extended by bmake config.status 20260406, which was
generated by GNU Autoconf 2.72.  Invocation command line was

  CONFIG_FILES    = 
  CONFIG_HEADERS  = 
  CONFIG_LINKS    = 
  CONFIG_COMMANDS = 
  $ ./config.status 

on anmitali-arch

config.status:899: creating makefile
config.status:899: creating Makefile.config
config.status:899: creating unit-tests/Makefile.config
config.status:899: creating make-bootstrap.sh
config.status:899: creating config.h

## ---------------- ##
## Cache variables. ##
## ---------------- ##

ac_cv___attribute__=yes
ac_cv_c_bigendian=no
ac_cv_c_compiler_gnu=yes
ac_cv_c_const=yes
ac_cv_c_inline=inline
ac_cv_c_int64_t=yes
ac_cv_c_uint32_t=yes
ac_cv_c_undeclared_builtin_options='none needed'
ac_cv_env_CC_set=set
ac_cv_env_CC_value='musl-gcc -fno-link-libatomic'
ac_cv_env_CFLAGS_set=
ac_cv_env_CFLAGS_value=
ac_cv_env_CPPFLAGS_set=
ac_cv_env_CPPFLAGS_value=
ac_cv_env_LDFLAGS_set=
ac_cv_env_LDFLAGS_value=
ac_cv_env_LIBS_set=
ac_cv_env_LIBS_value=
ac_cv_env_build_alias_set=
ac_cv_env_build_alias_value=
ac_cv_env_host_alias_set=
ac_cv_env_host_alias_value=
ac_cv_env_target_alias_set=
ac_cv_env_target_alias_value=
ac_cv_func_dirname=yes
ac_cv_func_err=yes
ac_cv_func_errx=yes
ac_cv_func_fork=yes
ac_cv_func_fork_works=yes
ac_cv_func_getcwd=yes
ac_cv_func_getenv=yes
ac_cv_func_getopt=yes
ac_cv_func_getwd=no
ac_cv_func_killpg=yes
ac_cv_func_putenv=yes
ac_cv_func_realpath=yes
ac_cv_func_select=yes
ac_cv_func_setenv=yes
ac_cv_func_setpgid=yes
ac_cv_func_setrlimit=yes
ac_cv_func_setsid=yes
ac_cv_func_sigaction=yes
ac_cv_func_sigaddset=yes
ac_cv_func_sigpending=yes
ac_cv_func_sigprocmask=yes
ac_cv_func_sigsetmask=no
ac_cv_func_sigsuspend=yes
ac_cv_func_sigvec=no
ac_cv_func_snprintf=yes
ac_cv_func_strerror=yes
ac_cv_func_stresep=no
ac_cv_func_strftime=yes
ac_cv_func_strlcpy=yes
ac_cv_func_strsep=yes
ac_cv_func_strtod=yes
ac_cv_func_strtol=yes
ac_cv_func_strtoll=yes
ac_cv_func_strtoul=yes
ac_cv_func_sysctl=no
ac_cv_func_unsetenv=yes
ac_cv_func_vfork=yes
ac_cv_func_vfork_works=yes
ac_cv_func_vprintf=yes
ac_cv_func_vsnprintf=yes
ac_cv_func_wait3=yes
ac_cv_func_wait3_rusage=yes
ac_cv_func_wait4=yes
ac_cv_func_waitpid=yes
ac_cv_func_warn=yes
ac_cv_func_warnx=yes
ac_cv_have_decl_sys_siglist=no
ac_cv_header_ar_h=yes
ac_cv_header_dirent_dirent_h=yes
ac_cv_header_err_h=yes
ac_cv_header_fcntl_h=yes
ac_cv_header_inttypes_h=yes
ac_cv_header_libgen_h=yes
ac_cv_header_limits_h=yes
ac_cv_header_minix_config_h=no
ac_cv_header_paths_h=yes
ac_cv_header_poll_h=yes
ac_cv_header_ranlib_h=no
ac_cv_header_regex_h=yes
ac_cv_header_stat_broken=no
ac_cv_header_stdint_h=yes
ac_cv_header_stdio_h=yes
ac_cv_header_stdlib_h=yes
ac_cv_header_string_h=yes
ac_cv_header_strings_h=yes
ac_cv_header_sys_cdefs_h=no
ac_cv_header_sys_mman_h=yes
ac_cv_header_sys_param_h=yes
ac_cv_header_sys_select_h=yes
ac_cv_header_sys_socket_h=yes
ac_cv_header_sys_stat_h=yes
ac_cv_header_sys_sysctl_h=no
ac_cv_header_sys_time_h=yes
ac_cv_header_sys_types_h=yes
ac_cv_header_sys_uio_h=yes
ac_cv_header_sys_wait_h=yes
ac_cv_header_unistd_h=yes
ac_cv_header_utime_h=yes
ac_cv_header_vfork_h=no
ac_cv_header_wchar_h=yes
ac_cv_lib_util_emalloc=no
ac_cv_objext=o
ac_cv_path_install='/usr/bin/install -c'
ac_cv_prog_ac_ct_CC='musl-gcc -fno-link-libatomic'
ac_cv_prog_cc_c11=
ac_cv_prog_cc_g=yes
ac_cv_prog_cc_stdc=
ac_cv_safe_to_define___extensions__=yes
ac_cv_search_opendir='none required'
ac_cv_should_define__xopen_source=no
ac_cv_struct_tm=time.h
ac_cv_type_long_long_int=yes
ac_cv_type_mode_t=yes
ac_cv_type_off_t=yes
ac_cv_type_pid_t=yes
ac_cv_type_sig_atomic_t=yes
ac_cv_type_size_t=yes
ac_cv_type_unsigned_long_long_int=yes

## ----------------- ##
## Output variables. ##
## ----------------- ##

CC='musl-gcc -fno-link-libatomic'
CFLAGS='-g -O2'
CPPFLAGS=' -I/home/ildar/kyronix-ports/tools/bmake/missing'
DEFS='-DHAVE_CONFIG_H'
ECHO_C=''
ECHO_N='-n'
ECHO_T=''
EXEEXT=''
GCC='yes'
INSTALL='/usr/bin/install -c'
INSTALL_DATA='${INSTALL} -m 644'
INSTALL_PROGRAM='${INSTALL}'
INSTALL_SCRIPT='${INSTALL}'
LDFLAGS=''
LIBOBJS=' ${LIBOBJDIR}stresep$U.o'
LIBS=''
LTLIBOBJS=' ${LIBOBJDIR}stresep$U.lo'
OBJEXT='o'
PACKAGE_BUGREPORT='sjg@NetBSD.org'
PACKAGE_NAME='bmake'
PACKAGE_STRING='bmake 20260406'
PACKAGE_TARNAME='bmake'
PACKAGE_URL=''
PACKAGE_VERSION='20260406'
PATH_SEPARATOR=':'
SHELL='/bin/sh'
UTC_1='Europe/Berlin'
_MAKE_VERSION='20260619'
ac_ct_CC='musl-gcc -fno-link-libatomic'
ac_exe_suffix=''
bindir='${exec_prefix}/bin'
bmake_path_max='1024'
build_alias=''
datadir='${datarootdir}'
datarootdir='${prefix}/share'
default_sys_path='/usr/share/mk'
diff='diff'
diff_u='-u'
docdir='${datarootdir}/doc/${PACKAGE_TARNAME}'
dvidir='${docdir}'
egrep='grep -E'
exec_prefix='${prefix}'
filemon_h='no'
force_machine=''
force_machine_arch=''
force_make_os=''
host_alias=''
htmldir='${docdir}'
includedir='${prefix}/include'
infodir='${datarootdir}/info'
libdir='${exec_prefix}/lib'
libexecdir='${exec_prefix}/libexec'
localedir='${datarootdir}/locale'
localstatedir='${prefix}/var'
lua=''
machine='x86_64'
machine_arch='x86_64'
make_os=''
mandir='${datarootdir}/man'
mksrc='${srcdir}/mk'
oldincludedir='/usr/include'
pdfdir='${docdir}'
prefix='/usr'
program_transform_name='s,x,x,'
psdir='${docdir}'
runstatedir='${localstatedir}/run'
save_dollars='no'
sbindir='${exec_prefix}/sbin'
sharedstatedir='${prefix}/com'
sysconfdir='${prefix}/etc'
target_alias=''
use_filemon='no'
use_meta='yes'

## ----------- ##
## confdefs.h. ##
## ----------- ##

/* confdefs.h */
#define PACKAGE_NAME "bmake"
#define PACKAGE_TARNAME "bmake"
#define PACKAGE_VERSION "20260406"
#define PACKAGE_STRING "bmake 20260406"
#define PACKAGE_BUGREPORT "sjg@NetBSD.org"
#define PACKAGE_URL ""
#define HAVE_STDIO_H 1
#define HAVE_STDLIB_H 1
#define HAVE_STRING_H 1
#define HAVE_INTTYPES_H 1
#define HAVE_STDINT_H 1
#define HAVE_STRINGS_H 1
#define HAVE_SYS_STAT_H 1
#define HAVE_SYS_TYPES_H 1
#define HAVE_UNISTD_H 1
#define HAVE_WCHAR_H 1
#define HAVE_SYS_TIME_H 1
#define STDC_HEADERS 1
#define _ALL_SOURCE 1
#define _DARWIN_C_SOURCE 1
#define _GNU_SOURCE 1
#define _HPUX_ALT_XOPEN_SOCKET_API 1
#define _NETBSD_SOURCE 1
#define _OPENBSD_SOURCE 1
#define _POSIX_PTHREAD_SEMANTICS 1
#define __STDC_WANT_IEC_60559_ATTRIBS_EXT__ 1
#define __STDC_WANT_IEC_60559_BFP_EXT__ 1
#define __STDC_WANT_IEC_60559_DFP_EXT__ 1
#define __STDC_WANT_IEC_60559_EXT__ 1
#define __STDC_WANT_IEC_60559_FUNCS_EXT__ 1
#define __STDC_WANT_IEC_60559_TYPES_EXT__ 1
#define __STDC_WANT_LIB_EXT2__ 1
#define __STDC_WANT_MATH_SPEC_FUNCS__ 1
#define _TANDEM_SOURCE 1
#define __EXTENSIONS__ 1
#define HAVE_SYS_WAIT_H 1
#define HAVE_DIRENT_H 1
#define HAVE_SYS_PARAM_H 1
#define HAVE_AR_H 1
#define HAVE_ERR_H 1
#define HAVE_FCNTL_H 1
#define HAVE_LIBGEN_H 1
#define HAVE_LIMITS_H 1
#define HAVE_PATHS_H 1
#define HAVE_POLL_H 1
#define HAVE_REGEX_H 1
#define HAVE_SYS_MMAN_H 1
#define HAVE_SYS_SELECT_H 1
#define HAVE_SYS_SOCKET_H 1
#define HAVE_SYS_TIME_H 1
#define HAVE_SYS_UIO_H 1
#define HAVE_UTIME_H 1
#define HAVE___ATTRIBUTE__ 1
#define HAVE_UNSIGNED_LONG_LONG_INT 1
#define HAVE_LONG_LONG_INT 1
#define HAVE_DECL_SYS_SIGLIST 0
#define HAVE_SIG_ATOMIC_T 1
#define HAVE_FORK 1
#define HAVE_VFORK 1
#define HAVE_VPRINTF 1
#define HAVE_WORKING_VFORK 1
#define HAVE_WORKING_FORK 1
#define HAVE_WAIT3 1
#define HAVE_ERR 1
#define HAVE_ERRX 1
#define HAVE_GETCWD 1
#define HAVE_GETENV 1
#define HAVE_KILLPG 1
#define HAVE_PUTENV 1
#define HAVE_SELECT 1
#define HAVE_SETENV 1
#define HAVE_SETPGID 1
#define HAVE_SETRLIMIT 1
#define HAVE_SETSID 1
#define HAVE_SIGADDSET 1
#define HAVE_SIGPENDING 1
#define HAVE_SIGPROCMASK 1
#define HAVE_SIGSUSPEND 1
#define HAVE_SNPRINTF 1
#define HAVE_STRERROR 1
#define HAVE_STRFTIME 1
#define HAVE_STRSEP 1
#define HAVE_STRTOD 1
#define HAVE_STRTOL 1
#define HAVE_STRTOLL 1
#define HAVE_STRTOUL 1
#define HAVE_UNSETENV 1
#define HAVE_VSNPRINTF 1
#define HAVE_WAIT3 1
#define HAVE_WAIT4 1
#define HAVE_WAITPID 1
#define HAVE_WARN 1
#define HAVE_WARNX 1
#define HAVE_GETOPT 1
#define HAVE_REALPATH 1
#define HAVE_DIRNAME 1
#define HAVE_SIGACTION 1
#define HAVE_STRLCPY 1

configure: exit 0
