This file contains any messages produced by compilers while
running configure, to aid debugging if configure makes a mistake.

It was created by jwm configure 2.4.7, which was
generated by GNU Autoconf 2.73.  Invocation command line was

  $ ./configure --host=x86_64-linux-musl CC=musl-gcc --x-includes=/tmp/kyronix-x11-include --x-libraries=/usr/lib64 'CFLAGS=-I/usr/include/freetype2 -fno-link-libatomic' LDFLAGS=-Wl,--rpath-link,/usr/lib64 --disable-rsvg --disable-pango --disable-cairo --disable-xft --disable-confirm

## --------- ##
## Platform. ##
## --------- ##

hostname = laptop
uname -m = x86_64
uname -r = 7.0.12-arch1-1
uname -s = Linux
uname -v = #1 SMP PREEMPT_DYNAMIC Wed, 10 Jun 2026 08:58:02 +0000

/usr/bin/uname -p = unknown
/bin/uname -X     = unknown

/bin/arch              = unknown
/usr/bin/arch -k       = unknown
/usr/convex/getsysinfo = unknown
/usr/bin/hostinfo      = unknown
/bin/machine           = unknown
/usr/bin/oslevel       = unknown
/bin/universe          = unknown

PATH: /home/zennix/.opencode/bin/
PATH: /home/zennix/.local/bin/
PATH: /usr/local/bin/
PATH: /home/zennix/.cargo/bin/
PATH: /usr/share/archcraft/scripts/
PATH: /usr/local/sbin/
PATH: /usr/local/bin/
PATH: /usr/bin/
PATH: /usr/bin/site_perl/
PATH: /usr/bin/vendor_perl/
PATH: /usr/bin/core_perl/


## ----------- ##
## Core tests. ##
## ----------- ##

configure:2691: looking for aux files: config.rpath config.guess config.sub compile missing install-sh
configure:2704:  trying ./
configure:2733:   ./config.rpath found
configure:2733:   ./config.guess found
configure:2733:   ./config.sub found
configure:2733:   ./compile found
configure:2733:   ./missing found
configure:2715:   ./install-sh found
configure:2897: checking for a BSD-compatible install
configure:2971: result: /usr/bin/install -c
configure:2982: checking whether sleep supports fractional seconds
configure:2998: result: yes
configure:3001: checking filesystem timestamp resolution
configure:3136: result: 0.01
configure:3141: checking whether build environment is sane
configure:3186: result: yes
configure:3252: checking for x86_64-linux-musl-strip
configure:3288: result: no
configure:3298: checking for strip
configure:3319: found /usr/bin/strip
configure:3331: result: strip
configure:3357: checking for a race-free mkdir -p
configure:3400: result: /usr/bin/mkdir -p
configure:3407: checking for gawk
configure:3428: found /usr/bin/gawk
configure:3440: result: gawk
configure:3451: checking whether make sets $(MAKE)
configure:3475: result: yes
configure:3501: checking whether make supports nested variables
configure:3520: result: yes
configure:3534: checking xargs -n works
configure:3550: result: yes
configure:3635: checking whether UID '1000' is supported by ustar format
configure:3641: result: yes
configure:3648: checking whether GID '1000' is supported by ustar format
configure:3654: result: yes
configure:3662: checking how to create a ustar tar archive
configure:3673: tar --version
tar (GNU tar) 1.35
Copyright (C) 2023 Free Software Foundation, Inc.
License GPLv3+: GNU GPL version 3 or later <https://gnu.org/licenses/gpl.html>.
This is free software: you are free to change and redistribute it.
There is NO WARRANTY, to the extent permitted by law.

Written by John Gilmore and Jay Fenlason.
configure:3676: $? = 0
configure:3716: tardir=conftest.dir && eval tar --format=ustar -chf - "$tardir" >conftest.tar
configure:3719: $? = 0
configure:3723: tar -xf - <conftest.tar
configure:3726: $? = 0
configure:3728: cat conftest.dir/file
GrepMe
configure:3731: $? = 0
configure:3746: result: gnutar
configure:3793: checking for x86_64-linux-musl-gcc
configure:3826: result: musl-gcc
configure:4231: checking for C compiler version
configure:4240: musl-gcc --version >&5
gcc (GCC) 16.1.1 20260430
Copyright (C) 2026 Free Software Foundation, Inc.
This is free software; see the source for copying conditions.  There is NO
warranty; not even for MERCHANTABILITY or FITNESS FOR A PARTICULAR PURPOSE.

configure:4251: $? = 0
configure:4240: musl-gcc -v >&5
Using built-in specs.
Reading specs from /usr/lib/musl/lib/musl-gcc.specs
rename spec cpp_options to old_cpp_options
COLLECT_GCC=gcc
COLLECT_LTO_WRAPPER=/usr/lib/gcc/x86_64-pc-linux-gnu/16.1.1/lto-wrapper
Target: x86_64-pc-linux-gnu
Configured with: /build/gcc/src/gcc/configure --enable-languages=ada,c,c++,d,fortran,go,lto,m2,objc,obj-c++,rust,cobol --enable-bootstrap --prefix=/usr --libdir=/usr/lib --libexecdir=/usr/lib --mandir=/usr/share/man --infodir=/usr/share/info --with-bugurl=https://gitlab.archlinux.org/archlinux/packaging/packages/gcc/-/issues --with-build-config=bootstrap-lto --with-linker-hash-style=gnu --with-system-zlib --enable-cet=auto --enable-checking=release --enable-clocale=gnu --enable-default-pie --enable-default-ssp --enable-gnu-indirect-function --enable-gnu-unique-object --enable-libstdcxx-backtrace --enable-link-serialization=1 --enable-linker-build-id --enable-lto --enable-multilib --enable-plugin --enable-shared --enable-threads=posix --disable-libssp --disable-libstdcxx-pch --disable-werror --disable-fixincludes
Thread model: posix
Supported LTO compression algorithms: zlib zstd
gcc version 16.1.1 20260430 (GCC) 
... rest of stderr output deleted ...
configure:4251: $? = 0
configure:4240: musl-gcc -V >&5
gcc: error: unrecognized command-line option '-V'
gcc: fatal error: no input files
compilation terminated.
configure:4251: $? = 1
configure:4240: musl-gcc -qversion >&5
gcc: error: unrecognized command-line option '-qversion'; did you mean '--version'?
gcc: fatal error: no input files
compilation terminated.
configure:4251: $? = 1
configure:4240: musl-gcc -version >&5
gcc: error: unrecognized command-line option '-version'
gcc: fatal error: no input files
compilation terminated.
configure:4251: $? = 1
configure:4271: checking whether the C compiler works
configure:4293: musl-gcc -I/usr/include/freetype2 -fno-link-libatomic  -Wl,--rpath-link,/usr/lib64 conftest.c  >&5
configure:4297: $? = 0
configure:4348: result: yes
configure:4352: checking for C compiler default output file name
configure:4354: result: a.out
configure:4360: checking for suffix of executables
configure:4367: musl-gcc -o conftest -I/usr/include/freetype2 -fno-link-libatomic  -Wl,--rpath-link,/usr/lib64 conftest.c  >&5
configure:4371: $? = 0
configure:4395: result: 
configure:4419: checking whether we are cross compiling
configure:4427: musl-gcc -o conftest -I/usr/include/freetype2 -fno-link-libatomic  -Wl,--rpath-link,/usr/lib64 conftest.c  >&5
configure:4431: $? = 0
configure:4438: ./conftest
Error relocating /usr/lib/libgtk-nocsd.so: __strncpy_chk: symbol not found
Error relocating /usr/lib/libgtk-nocsd.so: __fprintf_chk: symbol not found
Error relocating /usr/lib/libgtk-nocsd.so: __memcpy_chk: symbol not found
Error relocating /usr/lib/libgtk-nocsd.so: __strcat_chk: symbol not found
Error relocating /usr/lib/libgtk-nocsd.so: __sprintf_chk: symbol not found
Error relocating /lib/libgio-2.0.so.0: __strncpy_chk: symbol not found
Error relocating /lib/libgio-2.0.so.0: __memcpy_chk: symbol not found
Error relocating /lib/libgio-2.0.so.0: __vsnprintf_chk: symbol not found
Error relocating /lib/libgio-2.0.so.0: __strcat_chk: symbol not found
Error relocating /lib/libgio-2.0.so.0: __res_ninit: symbol not found
Error relocating /lib/libgio-2.0.so.0: __isoc23_sscanf: symbol not found
Error relocating /lib/libgio-2.0.so.0: fcntl64: symbol not found
Error relocating /lib/libgio-2.0.so.0: res_nquery: symbol not found
Error relocating /lib/libgio-2.0.so.0: __memset_chk: symbol not found
Error relocating /lib/libgio-2.0.so.0: __isoc23_strtol: symbol not found
Error relocating /lib/libgio-2.0.so.0: __res_nclose: symbol not found
Error relocating /lib/libgio-2.0.so.0: __isoc23_strtoul: symbol not found
Error relocating /lib/libgobject-2.0.so.0: __memcpy_chk: symbol not found
Error relocating /lib/libgobject-2.0.so.0: __strncpy_chk: symbol not found
Error relocating /lib/libgobject-2.0.so.0: __memset_chk: symbol not found
Error relocating /lib/libglib-2.0.so.0: __isoc23_strtoul: symbol not found
Error relocating /lib/libglib-2.0.so.0: __snprintf_chk: symbol not found
Error relocating /lib/libglib-2.0.so.0: __vfprintf_chk: symbol not found
Error relocating /lib/libglib-2.0.so.0: __isoc23_fscanf: symbol not found
Error relocating /lib/libglib-2.0.so.0: __read_chk: symbol not found
Error relocating /lib/libglib-2.0.so.0: __getcwd_chk: symbol not found
Error relocating /lib/libglib-2.0.so.0: __isoc23_strtoll_l: symbol not found
Error relocating /lib/libglib-2.0.so.0: __fdelt_chk: symbol not found
Error relocating /lib/libglib-2.0.so.0: free_aligned_sized: symbol not found
Error relocating /lib/libglib-2.0.so.0: free_sized: symbol not found
Error relocating /lib/libglib-2.0.so.0: __memmove_chk: symbol not found
Error relocating /lib/libglib-2.0.so.0: __memcpy_chk: symbol not found
Error relocating /lib/libglib-2.0.so.0: __isoc23_strtol: symbol not found
Error relocating /lib/libglib-2.0.so.0: __vasprintf_chk: symbol not found
Error relocating /lib/libglib-2.0.so.0: __vsnprintf_chk: symbol not found
Error relocating /lib/libglib-2.0.so.0: __strncpy_chk: symbol not found
Error relocating /lib/libglib-2.0.so.0: __strcpy_chk: symbol not found
Error relocating /lib/libglib-2.0.so.0: __printf_chk: symbol not found
Error relocating /lib/libglib-2.0.so.0: fcntl64: symbol not found
Error relocating /lib/libglib-2.0.so.0: __syslog_chk: symbol not found
Error relocating /lib/libglib-2.0.so.0: __isoc23_strtoull_l: symbol not found
Error relocating /lib/libglib-2.0.so.0: close_range: symbol not found
Error relocating /lib/libglib-2.0.so.0: __memset_chk: symbol not found
Error relocating /lib/libglib-2.0.so.0: __fprintf_chk: symbol not found
Error relocating /lib/libglib-2.0.so.0: __vsprintf_chk: symbol not found
Error relocating /lib/libz.so.1: __snprintf_chk: symbol not found
Error relocating /lib/libz.so.1: __vsnprintf_chk: symbol not found
Error relocating /lib/libmount.so.1: fsopen: symbol not found
Error relocating /lib/libmount.so.1: __openat64_2: symbol not found
Error relocating /lib/libmount.so.1: __isoc23_strtoimax: symbol not found
Error relocating /lib/libmount.so.1: __fprintf_chk: symbol not found
Error relocating /lib/libmount.so.1: __memcpy_chk: symbol not found
Error relocating /lib/libmount.so.1: __isoc23_fscanf: symbol not found
Error relocating /lib/libmount.so.1: open_tree: symbol not found
Error relocating /lib/libmount.so.1: __vsnprintf_chk: symbol not found
Error relocating /lib/libmount.so.1: __getgroups_chk: symbol not found
Error relocating /lib/libmount.so.1: fsconfig: symbol not found
Error relocating /lib/libmount.so.1: __asprintf_chk: symbol not found
Error relocating /lib/libmount.so.1: __vfprintf_chk: symbol not found
Error relocating /lib/libmount.so.1: __mempcpy_chk: symbol not found
Error relocating /lib/libmount.so.1: __read_chk: symbol not found
Error relocating /lib/libmount.so.1: __isoc23_vfscanf: symbol not found
Error relocating /lib/libmount.so.1: fsmount: symbol not found
Error relocating /lib/libmount.so.1: fspick: symbol not found
Error relocating /lib/libmount.so.1: __isoc23_sscanf: symbol not found
Error relocating /lib/libmount.so.1: __open64_2: symbol not found
Error relocating /lib/libmount.so.1: move_mount: symbol not found
Error relocating /lib/libmount.so.1: __memset_chk: symbol not found
Error relocating /lib/libmount.so.1: scandirat64: symbol not found
Error relocating /lib/libmount.so.1: __isoc23_strtol: symbol not found
Error relocating /lib/libmount.so.1: mount_setattr: symbol not found
Error relocating /lib/libmount.so.1: __isoc23_strtoumax: symbol not found
Error relocating /lib/libmount.so.1: __snprintf_chk: symbol not found
Error relocating /lib/libmount.so.1: __memmove_chk: symbol not found
Error relocating /lib/libmount.so.1: __isoc23_strtoul: symbol not found
Error relocating /lib/libmount.so.1: __vasprintf_chk: symbol not found
Error relocating /lib/libffi.so.8: __memcpy_chk: symbol not found
Error relocating /lib/libffi.so.8: __memset_chk: symbol not found
Error relocating /lib/libpcre2-8.so.0: __memmove_chk: symbol not found
Error relocating /lib/libpcre2-8.so.0: __memcpy_chk: symbol not found
Error relocating /lib/libblkid.so.1: __isoc23_strtoul: symbol not found
Error relocating /lib/libblkid.so.1: __snprintf_chk: symbol not found
Error relocating /lib/libblkid.so.1: __vfprintf_chk: symbol not found
Error relocating /lib/libblkid.so.1: __mempcpy_chk: symbol not found
Error relocating /lib/libblkid.so.1: __isoc23_strtoull: symbol not found
Error relocating /lib/libblkid.so.1: __isoc23_fscanf: symbol not found
Error relocating /lib/libblkid.so.1: __read_chk: symbol not found
Error relocating /lib/libblkid.so.1: __isoc23_sscanf: symbol not found
Error relocating /lib/libblkid.so.1: __openat64_2: symbol not found
Error relocating /lib/libblkid.so.1: __memcpy_chk: symbol not found
Error relocating /lib/libblkid.so.1: __isoc23_strtoumax: symbol not found
Error relocating /lib/libblkid.so.1: __isoc23_strtol: symbol not found
Error relocating /lib/libblkid.so.1: __open64_2: symbol not found
Error relocating /lib/libblkid.so.1: __vasprintf_chk: symbol not found
Error relocating /lib/libblkid.so.1: __fgets_chk: symbol not found
Error relocating /lib/libblkid.so.1: __vsnprintf_chk: symbol not found
Error relocating /lib/libblkid.so.1: fcntl64: symbol not found
Error relocating /lib/libblkid.so.1: __isoc23_vfscanf: symbol not found
Error relocating /lib/libblkid.so.1: __memset_chk: symbol not found
Error relocating /lib/libblkid.so.1: __fprintf_chk: symbol not found
Error relocating /lib/libsystemd.so.0: __stpcpy_chk: symbol not found
Error relocating /lib/libsystemd.so.0: __strncpy_chk: symbol not found
Error relocating /lib/libsystemd.so.0: __openat64_2: symbol not found
Error relocating /lib/libsystemd.so.0: parse_printf_format: symbol not found
Error relocating /lib/libsystemd.so.0: __fprintf_chk: symbol not found
Error relocating /lib/libsystemd.so.0: __register_atfork: symbol not found
Error relocating /lib/libsystemd.so.0: strerrorname_np: symbol not found
Error relocating /lib/libsystemd.so.0: __readlinkat_chk: symbol not found
Error relocating /lib/libsystemd.so.0: __memcpy_chk: symbol not found
Error relocating /lib/libsystemd.so.0: __isoc23_fscanf: symbol not found
Error relocating /lib/libsystemd.so.0: open_tree: symbol not found
Error relocating /lib/libsystemd.so.0: __vsnprintf_chk: symbol not found
Error relocating /lib/libsystemd.so.0: pidfd_open: symbol not found
Error relocating /lib/libsystemd.so.0: __asprintf_chk: symbol not found
Error relocating /lib/libsystemd.so.0: close_range: symbol not found
Error relocating /lib/libsystemd.so.0: __mempcpy_chk: symbol not found
Error relocating /lib/libsystemd.so.0: __read_chk: symbol not found
Error relocating /lib/libsystemd.so.0: __explicit_bzero_chk: symbol not found
Error relocating /lib/libsystemd.so.0: mallinfo2: symbol not found
Error relocating /lib/libsystemd.so.0: __isoc23_sscanf: symbol not found
Error relocating /lib/libsystemd.so.0: fcntl64: symbol not found
Error relocating /lib/libsystemd.so.0: __strcpy_chk: symbol not found
Error relocating /lib/libsystemd.so.0: __isoc23_strtoull: symbol not found
Error relocating /lib/libsystemd.so.0: __isoc23_strtoll: symbol not found
Error relocating /lib/libsystemd.so.0: __open64_2: symbol not found
Error relocating /lib/libsystemd.so.0: __memset_chk: symbol not found
Error relocating /lib/libsystemd.so.0: __fread_chk: symbol not found
Error relocating /lib/libsystemd.so.0: pidfd_send_signal: symbol not found
Error relocating /lib/libsystemd.so.0: __isoc23_strtol: symbol not found
Error relocating /lib/libsystemd.so.0: __sprintf_chk: symbol not found
Error relocating /lib/libsystemd.so.0: __snprintf_chk: symbol not found
Error relocating /lib/libsystemd.so.0: __memmove_chk: symbol not found
Error relocating /lib/libsystemd.so.0: __isoc23_strtoul: symbol not found
Error relocating /lib/libsystemd.so.0: epoll_pwait2: symbol not found
Error relocating /lib/libsystemd.so.0: __vasprintf_chk: symbol not found
Error relocating /lib/libsystemd.so.0: __strncat_chk: symbol not found
Error relocating /lib/libsystemd.so.0: malloc_trim: symbol not found
Error relocating /lib/libgcc_s.so.1: __cpu_indicator_init: symbol not found
Error relocating /lib/libgcc_s.so.1: __cpu_model: symbol not found
Error relocating /lib/libgcc_s.so.1: _dl_find_object: symbol not found
Error relocating /lib/libgcc_s.so.1: __memset_chk: symbol not found
Error relocating /lib/ld-linux-x86-64.so.2: unsupported relocation type 37
configure:4442: $? = 127
configure:4457: result: yes
configure:4463: checking for suffix of object files
configure:4486: musl-gcc -c -I/usr/include/freetype2 -fno-link-libatomic  conftest.c >&5
configure:4490: $? = 0
configure:4514: result: o
configure:4518: checking whether the compiler supports GNU C
configure:4538: musl-gcc -c -I/usr/include/freetype2 -fno-link-libatomic  conftest.c >&5
configure:4538: $? = 0
configure:4550: result: yes
configure:4561: checking whether musl-gcc accepts -g
configure:4582: musl-gcc -c -g  conftest.c >&5
configure:4582: $? = 0
configure:4629: result: yes
configure:4649: checking for musl-gcc option to enable C23 features
configure:4664: musl-gcc  -c -I/usr/include/freetype2 -fno-link-libatomic  conftest.c >&5
conftest.c:74:11: error: unknown type name 'nullptr_t'
   74 | constexpr nullptr_t null_pointer = nullptr;
      |           ^~~~~~~~~
conftest.c:74:36: error: incompatible types when initializing type 'int' using type 'typeof (nullptr)'
   74 | constexpr nullptr_t null_pointer = nullptr;
      |                                    ^~~~~~~
configure:4664: $? = 1
configure: failed program was:
| /* confdefs.h */
| #define PACKAGE_NAME "jwm"
| #define PACKAGE_TARNAME "jwm"
| #define PACKAGE_VERSION "2.4.7"
| #define PACKAGE_STRING "jwm 2.4.7"
| #define PACKAGE_BUGREPORT "joewing@joewing.net"
| #define PACKAGE_URL ""
| #define PACKAGE "jwm"
| #define VERSION "2.4.7"
| /* end confdefs.h.  */
| 
| /* Does the compiler advertise conformance to C17 or earlier?
|    Although GCC 14 does not do that, even with -std=gnu23,
|    it is close enough, and defines __STDC_VERSION == 202000L.  */
| #if !defined __STDC_VERSION__ || __STDC_VERSION__ <= 201710L
| # error "Compiler advertises conformance to C17 or earlier"
| #endif
| 
| // Check alignas.
| char alignas (double) c23_aligned_as_double;
| char alignas (0) c23_no_special_alignment;
| extern char c23_aligned_as_int;
| char alignas (0) alignas (int) c23_aligned_as_int;
| 
| // Check alignof.
| enum
| {
|   c23_int_alignment = alignof (int),
|   c23_int_array_alignment = alignof (int[100]),
|   c23_char_alignment = alignof (char)
| };
| static_assert (0 < -alignof (int), "alignof is signed");
| 
| int function_with_unnamed_parameter (int) { return 0; }
| 
| void c23_noreturn ();
| 
| /* Test parsing of string and char UTF-8 literals (including hex escapes).
|    The parens pacify GCC 15.  */
| bool use_u8 = (!sizeof u8"\xFF") == (!u8'x');
| 
| bool check_that_bool_works = true | false | !nullptr;
| #if !true
| # error "true does not work in #if"
| #endif
| #if false
| #elifdef __STDC_VERSION__
| #else
| # error "#elifdef does not work"
| #endif
| 
| #ifndef __has_c_attribute
| # error "__has_c_attribute not defined"
| #endif
| 
| #ifndef __has_include
| # error "__has_include not defined"
| #endif
| 
| #define LPAREN() (
| #define FORTY_TWO(x) 42
| #define VA_OPT_TEST(r, x, ...) __VA_OPT__ (FORTY_TWO r x))
| static_assert (VA_OPT_TEST (LPAREN (), 0, <:-) == 42);
| 
| static_assert (0b101010 == 42);
| static_assert (0B101010 == 42);
| static_assert (0xDEAD'BEEF == 3'735'928'559);
| static_assert (0.500'000'000 == 0.5);
| 
| enum unsignedish : unsigned int { uione = 1 };
| static_assert (0 < -uione);
| 
| #include <stddef.h>
| constexpr nullptr_t null_pointer = nullptr;
| 
| static typeof (1 + 1L) two () { return 2; }
| static long int three () { return 3; }
| 
| 
| int
| main (int, char **)
| {
|   int ok = 0;
|   
|   {
|     label_before_declaration:
|       int arr[10] = {};
|       if (arr[0])
|         goto label_before_declaration;
|       if (!arr[0])
|         goto label_at_end_of_block;
|     label_at_end_of_block:
|   }
|   ok |= !null_pointer;
|   ok |= two != three;
| 
|   return ok;
| }
| 
configure:4664: musl-gcc -std=gnu23 -c -I/usr/include/freetype2 -fno-link-libatomic  conftest.c >&5
conftest.c:74:11: error: unknown type name 'nullptr_t'
   74 | constexpr nullptr_t null_pointer = nullptr;
      |           ^~~~~~~~~
conftest.c:74:36: error: incompatible types when initializing type 'int' using type 'typeof (nullptr)'
   74 | constexpr nullptr_t null_pointer = nullptr;
      |                                    ^~~~~~~
configure:4664: $? = 1
configure: failed program was:
| /* confdefs.h */
| #define PACKAGE_NAME "jwm"
| #define PACKAGE_TARNAME "jwm"
| #define PACKAGE_VERSION "2.4.7"
| #define PACKAGE_STRING "jwm 2.4.7"
| #define PACKAGE_BUGREPORT "joewing@joewing.net"
| #define PACKAGE_URL ""
| #define PACKAGE "jwm"
| #define VERSION "2.4.7"
| /* end confdefs.h.  */
| 
| /* Does the compiler advertise conformance to C17 or earlier?
|    Although GCC 14 does not do that, even with -std=gnu23,
|    it is close enough, and defines __STDC_VERSION == 202000L.  */
| #if !defined __STDC_VERSION__ || __STDC_VERSION__ <= 201710L
| # error "Compiler advertises conformance to C17 or earlier"
| #endif
| 
| // Check alignas.
| char alignas (double) c23_aligned_as_double;
| char alignas (0) c23_no_special_alignment;
| extern char c23_aligned_as_int;
| char alignas (0) alignas (int) c23_aligned_as_int;
| 
| // Check alignof.
| enum
| {
|   c23_int_alignment = alignof (int),
|   c23_int_array_alignment = alignof (int[100]),
|   c23_char_alignment = alignof (char)
| };
| static_assert (0 < -alignof (int), "alignof is signed");
| 
| int function_with_unnamed_parameter (int) { return 0; }
| 
| void c23_noreturn ();
| 
| /* Test parsing of string and char UTF-8 literals (including hex escapes).
|    The parens pacify GCC 15.  */
| bool use_u8 = (!sizeof u8"\xFF") == (!u8'x');
| 
| bool check_that_bool_works = true | false | !nullptr;
| #if !true
| # error "true does not work in #if"
| #endif
| #if false
| #elifdef __STDC_VERSION__
| #else
| # error "#elifdef does not work"
| #endif
| 
| #ifndef __has_c_attribute
| # error "__has_c_attribute not defined"
| #endif
| 
| #ifndef __has_include
| # error "__has_include not defined"
| #endif
| 
| #define LPAREN() (
| #define FORTY_TWO(x) 42
| #define VA_OPT_TEST(r, x, ...) __VA_OPT__ (FORTY_TWO r x))
| static_assert (VA_OPT_TEST (LPAREN (), 0, <:-) == 42);
| 
| static_assert (0b101010 == 42);
| static_assert (0B101010 == 42);
| static_assert (0xDEAD'BEEF == 3'735'928'559);
| static_assert (0.500'000'000 == 0.5);
| 
| enum unsignedish : unsigned int { uione = 1 };
| static_assert (0 < -uione);
| 
| #include <stddef.h>
| constexpr nullptr_t null_pointer = nullptr;
| 
| static typeof (1 + 1L) two () { return 2; }
| static long int three () { return 3; }
| 
| 
| int
| main (int, char **)
| {
|   int ok = 0;
|   
|   {
|     label_before_declaration:
|       int arr[10] = {};
|       if (arr[0])
|         goto label_before_declaration;
|       if (!arr[0])
|         goto label_at_end_of_block;
|     label_at_end_of_block:
|   }
|   ok |= !null_pointer;
|   ok |= two != three;
| 
|   return ok;
| }
| 
configure:4678: result: unsupported
configure:4698: checking for musl-gcc option to enable C11 features
configure:4713: musl-gcc  -c -I/usr/include/freetype2 -fno-link-libatomic  conftest.c >&5
configure:4713: $? = 0
configure:4732: result: none needed
configure:4856: checking whether musl-gcc understands -c and -o together
configure:4879: musl-gcc -c conftest.c -o conftest2.o
configure:4882: $? = 0
configure:4879: musl-gcc -c conftest.c -o conftest2.o
configure:4882: $? = 0
configure:4898: result: yes
configure:4918: checking whether make supports the include directive
configure:4933: make -f confmf.GNU && cat confinc.out
this is the am__doit target
configure:4936: $? = 0
configure:4955: result: yes (GNU style)
configure:4981: checking dependency style of musl-gcc
configure:5094: result: none
configure:5114: checking how to run the C preprocessor
configure:5140: musl-gcc -E  conftest.c
configure:5140: $? = 0
configure:5156: musl-gcc -E  conftest.c
conftest.c:11:10: fatal error: ac_nonexistent.h: No such file or directory
   11 | #include <ac_nonexistent.h>
      |          ^~~~~~~~~~~~~~~~~~
compilation terminated.
configure:5156: $? = 1
configure: failed program was:
| /* confdefs.h */
| #define PACKAGE_NAME "jwm"
| #define PACKAGE_TARNAME "jwm"
| #define PACKAGE_VERSION "2.4.7"
| #define PACKAGE_STRING "jwm 2.4.7"
| #define PACKAGE_BUGREPORT "joewing@joewing.net"
| #define PACKAGE_URL ""
| #define PACKAGE "jwm"
| #define VERSION "2.4.7"
| /* end confdefs.h.  */
| #include <ac_nonexistent.h>
configure:5185: result: musl-gcc -E
configure:5199: musl-gcc -E  conftest.c
configure:5199: $? = 0
configure:5215: musl-gcc -E  conftest.c
conftest.c:11:10: fatal error: ac_nonexistent.h: No such file or directory
   11 | #include <ac_nonexistent.h>
      |          ^~~~~~~~~~~~~~~~~~
compilation terminated.
configure:5215: $? = 1
configure: failed program was:
| /* confdefs.h */
| #define PACKAGE_NAME "jwm"
| #define PACKAGE_TARNAME "jwm"
| #define PACKAGE_VERSION "2.4.7"
| #define PACKAGE_STRING "jwm 2.4.7"
| #define PACKAGE_BUGREPORT "joewing@joewing.net"
| #define PACKAGE_URL ""
| #define PACKAGE "jwm"
| #define VERSION "2.4.7"
| /* end confdefs.h.  */
| #include <ac_nonexistent.h>
configure:5255: checking if _XOPEN_SOURCE should be defined
configure:5272: musl-gcc -c -I/usr/include/freetype2 -fno-link-libatomic  conftest.c >&5
configure:5272: $? = 0
configure:5280: result: yes
configure:5305: checking for X
configure:5533: result: libraries /usr/lib64, headers /tmp/kyronix-x11-include
configure:5549: checking for XOpenDisplay in -lX11
configure:5578: musl-gcc -o conftest -I/usr/include/freetype2 -fno-link-libatomic -I/tmp/kyronix-x11-include  -Wl,--rpath-link,/usr/lib64 -L/usr/lib64 conftest.c -lX11   >&5
configure:5578: $? = 0
configure:5590: result: yes
configure:5601: checking for Xutf8TextPropertyToTextList in -lX11
configure:5630: musl-gcc -o conftest -I/usr/include/freetype2 -fno-link-libatomic -I/tmp/kyronix-x11-include  -Wl,--rpath-link,/usr/lib64 -L/usr/lib64 -lX11 conftest.c -lX11   >&5
configure:5630: $? = 0
configure:5642: result: yes
configure:5663: checking for stdio.h
configure:5663: musl-gcc -c -I/usr/include/freetype2 -fno-link-libatomic -I/tmp/kyronix-x11-include  conftest.c >&5
configure:5663: $? = 0
configure:5663: result: yes
configure:5663: checking for stdlib.h
configure:5663: musl-gcc -c -I/usr/include/freetype2 -fno-link-libatomic -I/tmp/kyronix-x11-include  conftest.c >&5
configure:5663: $? = 0
configure:5663: result: yes
configure:5663: checking for string.h
configure:5663: musl-gcc -c -I/usr/include/freetype2 -fno-link-libatomic -I/tmp/kyronix-x11-include  conftest.c >&5
configure:5663: $? = 0
configure:5663: result: yes
configure:5663: checking for inttypes.h
configure:5663: musl-gcc -c -I/usr/include/freetype2 -fno-link-libatomic -I/tmp/kyronix-x11-include  conftest.c >&5
configure:5663: $? = 0
configure:5663: result: yes
configure:5663: checking for stdint.h
configure:5663: musl-gcc -c -I/usr/include/freetype2 -fno-link-libatomic -I/tmp/kyronix-x11-include  conftest.c >&5
configure:5663: $? = 0
configure:5663: result: yes
configure:5663: checking for strings.h
configure:5663: musl-gcc -c -I/usr/include/freetype2 -fno-link-libatomic -I/tmp/kyronix-x11-include  conftest.c >&5
configure:5663: $? = 0
configure:5663: result: yes
configure:5663: checking for sys/stat.h
configure:5663: musl-gcc -c -I/usr/include/freetype2 -fno-link-libatomic -I/tmp/kyronix-x11-include  conftest.c >&5
configure:5663: $? = 0
configure:5663: result: yes
configure:5663: checking for sys/types.h
configure:5663: musl-gcc -c -I/usr/include/freetype2 -fno-link-libatomic -I/tmp/kyronix-x11-include  conftest.c >&5
configure:5663: $? = 0
configure:5663: result: yes
configure:5663: checking for unistd.h
configure:5663: musl-gcc -c -I/usr/include/freetype2 -fno-link-libatomic -I/tmp/kyronix-x11-include  conftest.c >&5
configure:5663: $? = 0
configure:5663: result: yes
configure:5691: checking for stdarg.h
configure:5691: musl-gcc -c -I/usr/include/freetype2 -fno-link-libatomic -I/tmp/kyronix-x11-include  conftest.c >&5
configure:5691: $? = 0
configure:5691: result: yes
configure:5691: checking for stdio.h
configure:5691: result: yes
configure:5691: checking for stdlib.h
configure:5691: result: yes
configure:5691: checking for ctype.h
configure:5691: musl-gcc -c -I/usr/include/freetype2 -fno-link-libatomic -I/tmp/kyronix-x11-include  conftest.c >&5
configure:5691: $? = 0
configure:5691: result: yes
configure:5705: checking for sys/select.h
configure:5705: musl-gcc -c -I/usr/include/freetype2 -fno-link-libatomic -I/tmp/kyronix-x11-include  conftest.c >&5
configure:5705: $? = 0
configure:5705: result: yes
configure:5711: checking for signal.h
configure:5711: musl-gcc -c -I/usr/include/freetype2 -fno-link-libatomic -I/tmp/kyronix-x11-include  conftest.c >&5
configure:5711: $? = 0
configure:5711: result: yes
configure:5717: checking for unistd.h
configure:5717: result: yes
configure:5723: checking for time.h
configure:5723: musl-gcc -c -I/usr/include/freetype2 -fno-link-libatomic -I/tmp/kyronix-x11-include  conftest.c >&5
configure:5723: $? = 0
configure:5723: result: yes
configure:5729: checking for sys/wait.h
configure:5729: musl-gcc -c -I/usr/include/freetype2 -fno-link-libatomic -I/tmp/kyronix-x11-include  conftest.c >&5
configure:5729: $? = 0
configure:5729: result: yes
configure:5735: checking for sys/time.h
configure:5735: musl-gcc -c -I/usr/include/freetype2 -fno-link-libatomic -I/tmp/kyronix-x11-include  conftest.c >&5
configure:5735: $? = 0
configure:5735: result: yes
configure:5743: checking for langinfo.h
configure:5743: musl-gcc -c -I/usr/include/freetype2 -fno-link-libatomic -I/tmp/kyronix-x11-include  conftest.c >&5
configure:5743: $? = 0
configure:5743: result: yes
configure:5749: checking for iconv.h
configure:5749: musl-gcc -c -I/usr/include/freetype2 -fno-link-libatomic -I/tmp/kyronix-x11-include  conftest.c >&5
configure:5749: $? = 0
configure:5749: result: yes
configure:5757: checking for locale.h
configure:5757: musl-gcc -c -I/usr/include/freetype2 -fno-link-libatomic -I/tmp/kyronix-x11-include  conftest.c >&5
configure:5757: $? = 0
configure:5757: result: yes
configure:5763: checking for libintl.h
configure:5763: musl-gcc -c -I/usr/include/freetype2 -fno-link-libatomic -I/tmp/kyronix-x11-include  conftest.c >&5
configure:5763: $? = 0
configure:5763: result: yes
configure:5773: checking for X11/Xlib.h
configure:5773: musl-gcc -c -I/usr/include/freetype2 -fno-link-libatomic -I/tmp/kyronix-x11-include  conftest.c >&5
configure:5773: $? = 0
configure:5773: result: yes
configure:5788: checking for X11/Xutil.h
configure:5788: musl-gcc -c -I/usr/include/freetype2 -fno-link-libatomic -I/tmp/kyronix-x11-include  conftest.c >&5
configure:5788: $? = 0
configure:5788: result: yes
configure:5797: checking for X11/cursorfont.h
configure:5797: musl-gcc -c -I/usr/include/freetype2 -fno-link-libatomic -I/tmp/kyronix-x11-include  conftest.c >&5
configure:5797: $? = 0
configure:5797: result: yes
configure:5806: checking for X11/Xproto.h
configure:5806: musl-gcc -c -I/usr/include/freetype2 -fno-link-libatomic -I/tmp/kyronix-x11-include  conftest.c >&5
configure:5806: $? = 0
configure:5806: result: yes
configure:5815: checking for X11/Xatom.h
configure:5815: musl-gcc -c -I/usr/include/freetype2 -fno-link-libatomic -I/tmp/kyronix-x11-include  conftest.c >&5
configure:5815: $? = 0
configure:5815: result: yes
configure:5824: checking for X11/keysym.h
configure:5824: musl-gcc -c -I/usr/include/freetype2 -fno-link-libatomic -I/tmp/kyronix-x11-include  conftest.c >&5
configure:5824: $? = 0
configure:5824: result: yes
configure:5833: checking for X11/Xresource.h
configure:5833: musl-gcc -c -I/usr/include/freetype2 -fno-link-libatomic -I/tmp/kyronix-x11-include  conftest.c >&5
configure:5833: $? = 0
configure:5833: result: yes
configure:5844: checking for unsetenv
configure:5844: musl-gcc -o conftest -I/usr/include/freetype2 -fno-link-libatomic -I/tmp/kyronix-x11-include  -Wl,--rpath-link,/usr/lib64 -L/usr/lib64 -lX11 conftest.c  >&5
configure:5844: $? = 0
configure:5844: result: yes
configure:5850: checking for putenv
configure:5850: musl-gcc -o conftest -I/usr/include/freetype2 -fno-link-libatomic -I/tmp/kyronix-x11-include  -Wl,--rpath-link,/usr/lib64 -L/usr/lib64 -lX11 conftest.c  >&5
configure:5850: $? = 0
configure:5850: result: yes
configure:5856: checking for setlocale
configure:5856: musl-gcc -o conftest -I/usr/include/freetype2 -fno-link-libatomic -I/tmp/kyronix-x11-include  -Wl,--rpath-link,/usr/lib64 -L/usr/lib64 -lX11 conftest.c  >&5
configure:5856: $? = 0
configure:5856: result: yes
configure:5863: checking for size_t
configure:5863: musl-gcc -c -I/usr/include/freetype2 -fno-link-libatomic -I/tmp/kyronix-x11-include  conftest.c >&5
configure:5863: $? = 0
configure:5863: musl-gcc -c -I/usr/include/freetype2 -fno-link-libatomic -I/tmp/kyronix-x11-include  conftest.c >&5
conftest.c: In function 'main':
conftest.c:80:21: error: expected expression before ')' token
   80 | if (sizeof ((size_t)))
      |                     ^
configure:5863: $? = 1
configure: failed program was:
| /* confdefs.h */
| #define PACKAGE_NAME "jwm"
| #define PACKAGE_TARNAME "jwm"
| #define PACKAGE_VERSION "2.4.7"
| #define PACKAGE_STRING "jwm 2.4.7"
| #define PACKAGE_BUGREPORT "joewing@joewing.net"
| #define PACKAGE_URL ""
| #define PACKAGE "jwm"
| #define VERSION "2.4.7"
| #define _XOPEN_SOURCE 600L
| #define _XOPEN_SOURCE_EXTENDED 1
| #define __EXTENSIONS__ 1
| #define USE_XUTF8 1
| #define HAVE_STDIO_H 1
| #define HAVE_STDLIB_H 1
| #define HAVE_STRING_H 1
| #define HAVE_INTTYPES_H 1
| #define HAVE_STDINT_H 1
| #define HAVE_STRINGS_H 1
| #define HAVE_SYS_STAT_H 1
| #define HAVE_SYS_TYPES_H 1
| #define HAVE_UNISTD_H 1
| #define STDC_HEADERS 1
| #define HAVE_STDARG_H 1
| #define HAVE_STDIO_H 1
| #define HAVE_STDLIB_H 1
| #define HAVE_CTYPE_H 1
| #define HAVE_SYS_SELECT_H 1
| #define HAVE_SIGNAL_H 1
| #define HAVE_UNISTD_H 1
| #define HAVE_TIME_H 1
| #define HAVE_SYS_WAIT_H 1
| #define HAVE_SYS_TIME_H 1
| #define HAVE_LANGINFO_H 1
| #define HAVE_ICONV_H 1
| #define HAVE_LOCALE_H 1
| #define HAVE_LIBINTL_H 1
| #define HAVE_X11_XLIB_H 1
| #define HAVE_X11_XUTIL_H 1
| #define HAVE_X11_CURSORFONT_H 1
| #define HAVE_X11_XPROTO_H 1
| #define HAVE_X11_XATOM_H 1
| #define HAVE_X11_KEYSYM_H 1
| #define HAVE_X11_XRESOURCE_H 1
| #define HAVE_UNSETENV 1
| #define HAVE_PUTENV 1
| #define HAVE_SETLOCALE 1
| /* end confdefs.h.  */
| #include <stddef.h>
| #ifdef HAVE_STDIO_H
| # include <stdio.h>
| #endif
| #ifdef HAVE_STDLIB_H
| # include <stdlib.h>
| #endif
| #ifdef HAVE_STRING_H
| # include <string.h>
| #endif
| #ifdef HAVE_INTTYPES_H
| # include <inttypes.h>
| #endif
| #ifdef HAVE_STDINT_H
| # include <stdint.h>
| #endif
| #ifdef HAVE_STRINGS_H
| # include <strings.h>
| #endif
| #ifdef HAVE_SYS_TYPES_H
| # include <sys/types.h>
| #endif
| #ifdef HAVE_SYS_STAT_H
| # include <sys/stat.h>
| #endif
| #ifdef HAVE_UNISTD_H
| # include <unistd.h>
| #endif
| int
| main (void)
| {
| if (sizeof ((size_t)))
| 	    return 0;
|   ;
|   return 0;
| }
configure:5863: result: yes
configure:5876: checking for working alloca.h
configure:5894: musl-gcc -o conftest -I/usr/include/freetype2 -fno-link-libatomic -I/tmp/kyronix-x11-include  -Wl,--rpath-link,/usr/lib64 -L/usr/lib64 -lX11 conftest.c  >&5
configure:5894: $? = 0
configure:5905: result: yes
configure:5913: checking for alloca
configure:5958: result: yes
configure:6039: checking for x86_64-linux-musl-pkg-config
configure:6078: result: no
configure:6088: checking for pkg-config
configure:6111: found /usr/bin/pkg-config
configure:6124: result: /usr/bin/pkg-config
configure:6136: WARNING: using cross tools not prefixed with host triplet
configure:6149: checking if pkg-config knows about libpng
configure:6156: result: yes
configure:6165: checking if pkg-config knows about libjpeg
configure:6172: result: yes
configure:6181: checking if pkg-config knows about cairo
configure:6188: result: yes
configure:6197: checking if pkg-config knows about librsvg-2.0
configure:6204: result: yes
configure:6213: checking if pkg-config knows about xft
configure:6220: result: yes
configure:6229: checking if pkg-config knows about xrender
configure:6236: result: yes
configure:6245: checking if pkg-config knows about pangoxft
configure:6252: result: yes
configure:6766: checking for X11/extensions/Xrender.h
configure:6766: musl-gcc -c -I/usr/include/freetype2 -fno-link-libatomic -I/tmp/kyronix-x11-include -I/usr/include/libpng16   conftest.c >&5
configure:6766: $? = 0
configure:6766: result: yes
configure:6787: checking for XRenderComposite in -lXrender
configure:6816: musl-gcc -o conftest -I/usr/include/freetype2 -fno-link-libatomic -I/tmp/kyronix-x11-include -I/usr/include/libpng16   -Wl,--rpath-link,/usr/lib64 -L/usr/lib64 -lX11 -lpng16 -ljpeg conftest.c -lXrender  -lXrender -lX11   >&5
configure:6816: $? = 0
configure:6828: result: yes
configure:6956: checking for X11/xpm.h
configure:6956: musl-gcc -c -I/usr/include/freetype2 -fno-link-libatomic -I/tmp/kyronix-x11-include -I/usr/include/libpng16    conftest.c >&5
configure:6956: $? = 0
configure:6956: result: yes
configure:6975: checking for musl-gcc options to detect undeclared functions
configure:6997: musl-gcc -c -I/usr/include/freetype2 -fno-link-libatomic -I/tmp/kyronix-x11-include -I/usr/include/libpng16     conftest.c >&5
conftest.c: In function 'main':
conftest.c:62:8: error: 'strchr' undeclared (first use in this function)
   62 | (void) strchr;
      |        ^~~~~~
conftest.c:1:1: note: 'strchr' is defined in header '<string.h>'; this is probably fixable by adding '#include <string.h>'
    1 | /* confdefs.h */
conftest.c:62:8: note: each undeclared identifier is reported only once for each function it appears in
   62 | (void) strchr;
      |        ^~~~~~
configure:6997: $? = 1
configure: failed program was:
| /* confdefs.h */
| #define PACKAGE_NAME "jwm"
| #define PACKAGE_TARNAME "jwm"
| #define PACKAGE_VERSION "2.4.7"
| #define PACKAGE_STRING "jwm 2.4.7"
| #define PACKAGE_BUGREPORT "joewing@joewing.net"
| #define PACKAGE_URL ""
| #define PACKAGE "jwm"
| #define VERSION "2.4.7"
| #define _XOPEN_SOURCE 600L
| #define _XOPEN_SOURCE_EXTENDED 1
| #define __EXTENSIONS__ 1
| #define USE_XUTF8 1
| #define HAVE_STDIO_H 1
| #define HAVE_STDLIB_H 1
| #define HAVE_STRING_H 1
| #define HAVE_INTTYPES_H 1
| #define HAVE_STDINT_H 1
| #define HAVE_STRINGS_H 1
| #define HAVE_SYS_STAT_H 1
| #define HAVE_SYS_TYPES_H 1
| #define HAVE_UNISTD_H 1
| #define STDC_HEADERS 1
| #define HAVE_STDARG_H 1
| #define HAVE_STDIO_H 1
| #define HAVE_STDLIB_H 1
| #define HAVE_CTYPE_H 1
| #define HAVE_SYS_SELECT_H 1
| #define HAVE_SIGNAL_H 1
| #define HAVE_UNISTD_H 1
| #define HAVE_TIME_H 1
| #define HAVE_SYS_WAIT_H 1
| #define HAVE_SYS_TIME_H 1
| #define HAVE_LANGINFO_H 1
| #define HAVE_ICONV_H 1
| #define HAVE_LOCALE_H 1
| #define HAVE_LIBINTL_H 1
| #define HAVE_X11_XLIB_H 1
| #define HAVE_X11_XUTIL_H 1
| #define HAVE_X11_CURSORFONT_H 1
| #define HAVE_X11_XPROTO_H 1
| #define HAVE_X11_XATOM_H 1
| #define HAVE_X11_KEYSYM_H 1
| #define HAVE_X11_XRESOURCE_H 1
| #define HAVE_UNSETENV 1
| #define HAVE_PUTENV 1
| #define HAVE_SETLOCALE 1
| #define HAVE_ALLOCA_H 1
| #define HAVE_ALLOCA 1
| #define DISABLE_CONFIRM 1
| #define USE_ICONS 1
| #define USE_PNG 1
| #define USE_JPEG 1
| #define HAVE_X11_EXTENSIONS_XRENDER_H 1
| #define USE_XRENDER 1
| #define HAVE_X11_XPM_H 1
| /* end confdefs.h.  */
| 
| int
| main (void)
| {
| (void) strchr;
|   ;
|   return 0;
| }
configure:7024: musl-gcc -c -I/usr/include/freetype2 -fno-link-libatomic -I/tmp/kyronix-x11-include -I/usr/include/libpng16     conftest.c >&5
configure:7024: $? = 0
configure:7044: result: none needed
configure:7058: checking for musl-gcc options to ignore future-version functions
configure:7080: musl-gcc -c -I/usr/include/freetype2 -fno-link-libatomic -I/tmp/kyronix-x11-include -I/usr/include/libpng16    conftest.c >&5 -Werror=unguarded-availability-new
cc1: error: '-Werror=unguarded-availability-new': no option '-Wunguarded-availability-new'
configure:7080: $? = 1
configure: failed program was:
| /* confdefs.h */
| #define PACKAGE_NAME "jwm"
| #define PACKAGE_TARNAME "jwm"
| #define PACKAGE_VERSION "2.4.7"
| #define PACKAGE_STRING "jwm 2.4.7"
| #define PACKAGE_BUGREPORT "joewing@joewing.net"
| #define PACKAGE_URL ""
| #define PACKAGE "jwm"
| #define VERSION "2.4.7"
| #define _XOPEN_SOURCE 600L
| #define _XOPEN_SOURCE_EXTENDED 1
| #define __EXTENSIONS__ 1
| #define USE_XUTF8 1
| #define HAVE_STDIO_H 1
| #define HAVE_STDLIB_H 1
| #define HAVE_STRING_H 1
| #define HAVE_INTTYPES_H 1
| #define HAVE_STDINT_H 1
| #define HAVE_STRINGS_H 1
| #define HAVE_SYS_STAT_H 1
| #define HAVE_SYS_TYPES_H 1
| #define HAVE_UNISTD_H 1
| #define STDC_HEADERS 1
| #define HAVE_STDARG_H 1
| #define HAVE_STDIO_H 1
| #define HAVE_STDLIB_H 1
| #define HAVE_CTYPE_H 1
| #define HAVE_SYS_SELECT_H 1
| #define HAVE_SIGNAL_H 1
| #define HAVE_UNISTD_H 1
| #define HAVE_TIME_H 1
| #define HAVE_SYS_WAIT_H 1
| #define HAVE_SYS_TIME_H 1
| #define HAVE_LANGINFO_H 1
| #define HAVE_ICONV_H 1
| #define HAVE_LOCALE_H 1
| #define HAVE_LIBINTL_H 1
| #define HAVE_X11_XLIB_H 1
| #define HAVE_X11_XUTIL_H 1
| #define HAVE_X11_CURSORFONT_H 1
| #define HAVE_X11_XPROTO_H 1
| #define HAVE_X11_XATOM_H 1
| #define HAVE_X11_KEYSYM_H 1
| #define HAVE_X11_XRESOURCE_H 1
| #define HAVE_UNSETENV 1
| #define HAVE_PUTENV 1
| #define HAVE_SETLOCALE 1
| #define HAVE_ALLOCA_H 1
| #define HAVE_ALLOCA 1
| #define DISABLE_CONFIRM 1
| #define USE_ICONS 1
| #define USE_PNG 1
| #define USE_JPEG 1
| #define HAVE_X11_EXTENSIONS_XRENDER_H 1
| #define USE_XRENDER 1
| #define HAVE_X11_XPM_H 1
| /* end confdefs.h.  */
| #if ! (defined __APPLE__ && defined __MACH__)
| 	   #error "-Werror=unguarded-availability-new not needed here"
| 	  #endif
| 
| int
| main (void)
| {
| 
|   ;
|   return 0;
| }
configure:7092: result: none needed
configure:7101: checking whether XpmAllocColor is declared
configure:7101: musl-gcc -c -I/usr/include/freetype2 -fno-link-libatomic -I/tmp/kyronix-x11-include -I/usr/include/libpng16     conftest.c >&5
configure:7101: $? = 0
configure:7101: result: yes
configure:7116: checking for XpmReadFileToImage in -lXpm
configure:7145: musl-gcc -o conftest -I/usr/include/freetype2 -fno-link-libatomic -I/tmp/kyronix-x11-include -I/usr/include/libpng16    -Wl,--rpath-link,/usr/lib64 -L/usr/lib64 -lX11 -lpng16 -ljpeg -lXrender -lX11 conftest.c -lXpm   >&5
configure:7145: $? = 0
configure:7157: result: yes
configure:7185: checking for XReadBitmapFileData in -lX11
configure:7214: musl-gcc -o conftest -I/usr/include/freetype2 -fno-link-libatomic -I/tmp/kyronix-x11-include -I/usr/include/libpng16    -Wl,--rpath-link,/usr/lib64 -L/usr/lib64 -lX11 -lpng16 -ljpeg -lXrender -lX11 -lXpm conftest.c -lX11   >&5
configure:7214: $? = 0
configure:7226: result: yes
configure:7253: checking for XShapeCombineRectangles in -lXext
configure:7282: musl-gcc -o conftest -I/usr/include/freetype2 -fno-link-libatomic -I/tmp/kyronix-x11-include -I/usr/include/libpng16    -Wl,--rpath-link,/usr/lib64 -L/usr/lib64 -lX11 -lpng16 -ljpeg -lXrender -lX11 -lXpm conftest.c -lXext   >&5
configure:7282: $? = 0
configure:7294: result: yes
configure:7332: checking for XmuDrawRoundedRectangle in -lXmu
configure:7361: musl-gcc -o conftest -I/usr/include/freetype2 -fno-link-libatomic -I/tmp/kyronix-x11-include -I/usr/include/libpng16    -Wl,--rpath-link,/usr/lib64 -L/usr/lib64 -lX11 -lpng16 -ljpeg -lXrender -lX11 -lXpm -lXext conftest.c -lXmu   >&5
configure:7361: $? = 0
configure:7373: result: yes
configure:7401: checking for XineramaQueryExtension in -lXinerama
configure:7430: musl-gcc -o conftest -I/usr/include/freetype2 -fno-link-libatomic -I/tmp/kyronix-x11-include -I/usr/include/libpng16    -Wl,--rpath-link,/usr/lib64 -L/usr/lib64 -lX11 -lpng16 -ljpeg -lXrender -lX11 -lXpm -lXext -lXmu conftest.c -lXinerama   >&5
configure:7430: $? = 0
configure:7442: result: yes
configure:7469: checking build system type
configure:7485: result: x86_64-pc-linux-musl
configure:7505: checking host system type
configure:7520: result: x86_64-pc-linux-musl
configure:7584: checking for ld used by musl-gcc
configure:7714: result: /usr/bin/ld
configure:7721: checking if the linker (/usr/bin/ld) is GNU ld
configure:7738: result: yes
configure:7746: checking for shared library run path origin
configure:7761: result: done
configure:7784: checking 32-bit host C ABI
configure:7823: musl-gcc -c -I/usr/include/freetype2 -fno-link-libatomic -I/tmp/kyronix-x11-include -I/usr/include/libpng16    conftest.c >&5
configure:7823: $? = 0
configure:8029: result: no
configure:8070: checking for the common suffixes of directories in the library search path
configure:8123: result: lib,lib
configure:8624: checking for iconv
configure:8649: musl-gcc -o conftest -I/usr/include/freetype2 -fno-link-libatomic -I/tmp/kyronix-x11-include -I/usr/include/libpng16    -Wl,--rpath-link,/usr/lib64 -L/usr/lib64 -lX11 -lpng16 -ljpeg -lXrender -lX11 -lXpm -lXext -lXmu -lXinerama conftest.c  >&5
configure:8649: $? = 0
configure:8686: result: yes
configure:8689: checking for working iconv
configure:8847: result: guessing yes
configure:8875: checking for iconv declaration
configure:8905: musl-gcc -c -I/usr/include/freetype2 -fno-link-libatomic -I/tmp/kyronix-x11-include -I/usr/include/libpng16    conftest.c >&5
configure:8905: $? = 0
configure:8918: result:
         extern size_t iconv (iconv_t cd, char * *inbuf, size_t *inbytesleft, char * *outbuf, size_t *outbytesleft);
configure:8930: checking for a sed that does not truncate output
configure:9002: result: /usr/bin/sed
configure:9008: checking whether NLS is requested
configure:9019: result: yes
configure:9059: checking for msgfmt
configure: trying /usr/bin/msgfmt...
0 translated messages.
configure:9093: result: /usr/bin/msgfmt
configure:9102: checking for gmsgfmt
configure:9139: result: /usr/bin/msgfmt
configure:9184: checking for xgettext
configure: trying /usr/bin/xgettext...
/usr/bin/xgettext: warning: file '/dev/null' extension '' is unknown; will try C
configure:9218: result: /usr/bin/xgettext
configure:9263: checking for msgmerge
configure: trying /usr/bin/msgmerge...
configure:9296: result: /usr/bin/msgmerge
configure:9344: checking for CFPreferencesCopyAppValue
configure:9363: musl-gcc -o conftest -I/usr/include/freetype2 -fno-link-libatomic -I/tmp/kyronix-x11-include -I/usr/include/libpng16    -Wl,--rpath-link,/usr/lib64 -L/usr/lib64 -lX11 -lpng16 -ljpeg -lXrender -lX11 -lXpm -lXext -lXmu -lXinerama conftest.c  -Wl,-framework -Wl,CoreFoundation >&5
conftest.c:65:10: fatal error: CoreFoundation/CFPreferences.h: No such file or directory
   65 | #include <CoreFoundation/CFPreferences.h>
      |          ^~~~~~~~~~~~~~~~~~~~~~~~~~~~~~~~
compilation terminated.
configure:9363: $? = 1
configure: failed program was:
| /* confdefs.h */
| #define PACKAGE_NAME "jwm"
| #define PACKAGE_TARNAME "jwm"
| #define PACKAGE_VERSION "2.4.7"
| #define PACKAGE_STRING "jwm 2.4.7"
| #define PACKAGE_BUGREPORT "joewing@joewing.net"
| #define PACKAGE_URL ""
| #define PACKAGE "jwm"
| #define VERSION "2.4.7"
| #define _XOPEN_SOURCE 600L
| #define _XOPEN_SOURCE_EXTENDED 1
| #define __EXTENSIONS__ 1
| #define USE_XUTF8 1
| #define HAVE_STDIO_H 1
| #define HAVE_STDLIB_H 1
| #define HAVE_STRING_H 1
| #define HAVE_INTTYPES_H 1
| #define HAVE_STDINT_H 1
| #define HAVE_STRINGS_H 1
| #define HAVE_SYS_STAT_H 1
| #define HAVE_SYS_TYPES_H 1
| #define HAVE_UNISTD_H 1
| #define STDC_HEADERS 1
| #define HAVE_STDARG_H 1
| #define HAVE_STDIO_H 1
| #define HAVE_STDLIB_H 1
| #define HAVE_CTYPE_H 1
| #define HAVE_SYS_SELECT_H 1
| #define HAVE_SIGNAL_H 1
| #define HAVE_UNISTD_H 1
| #define HAVE_TIME_H 1
| #define HAVE_SYS_WAIT_H 1
| #define HAVE_SYS_TIME_H 1
| #define HAVE_LANGINFO_H 1
| #define HAVE_ICONV_H 1
| #define HAVE_LOCALE_H 1
| #define HAVE_LIBINTL_H 1
| #define HAVE_X11_XLIB_H 1
| #define HAVE_X11_XUTIL_H 1
| #define HAVE_X11_CURSORFONT_H 1
| #define HAVE_X11_XPROTO_H 1
| #define HAVE_X11_XATOM_H 1
| #define HAVE_X11_KEYSYM_H 1
| #define HAVE_X11_XRESOURCE_H 1
| #define HAVE_UNSETENV 1
| #define HAVE_PUTENV 1
| #define HAVE_SETLOCALE 1
| #define HAVE_ALLOCA_H 1
| #define HAVE_ALLOCA 1
| #define DISABLE_CONFIRM 1
| #define USE_ICONS 1
| #define USE_PNG 1
| #define USE_JPEG 1
| #define HAVE_X11_EXTENSIONS_XRENDER_H 1
| #define USE_XRENDER 1
| #define HAVE_X11_XPM_H 1
| #define USE_XPM 1
| #define USE_XBM 1
| #define USE_SHAPE 1
| #define USE_XMU 1
| #define USE_XINERAMA 1
| #define HAVE_ICONV 1
| #define ICONV_CONST 
| /* end confdefs.h.  */
| #include <CoreFoundation/CFPreferences.h>
| int
| main (void)
| {
| CFPreferencesCopyAppValue(NULL, NULL)
|   ;
|   return 0;
| }
configure:9375: result: no
configure:9382: checking for CFLocaleCopyCurrent
configure:9401: musl-gcc -o conftest -I/usr/include/freetype2 -fno-link-libatomic -I/tmp/kyronix-x11-include -I/usr/include/libpng16    -Wl,--rpath-link,/usr/lib64 -L/usr/lib64 -lX11 -lpng16 -ljpeg -lXrender -lX11 -lXpm -lXext -lXmu -lXinerama conftest.c  -Wl,-framework -Wl,CoreFoundation >&5
conftest.c:65:10: fatal error: CoreFoundation/CFLocale.h: No such file or directory
   65 | #include <CoreFoundation/CFLocale.h>
      |          ^~~~~~~~~~~~~~~~~~~~~~~~~~~
compilation terminated.
configure:9401: $? = 1
configure: failed program was:
| /* confdefs.h */
| #define PACKAGE_NAME "jwm"
| #define PACKAGE_TARNAME "jwm"
| #define PACKAGE_VERSION "2.4.7"
| #define PACKAGE_STRING "jwm 2.4.7"
| #define PACKAGE_BUGREPORT "joewing@joewing.net"
| #define PACKAGE_URL ""
| #define PACKAGE "jwm"
| #define VERSION "2.4.7"
| #define _XOPEN_SOURCE 600L
| #define _XOPEN_SOURCE_EXTENDED 1
| #define __EXTENSIONS__ 1
| #define USE_XUTF8 1
| #define HAVE_STDIO_H 1
| #define HAVE_STDLIB_H 1
| #define HAVE_STRING_H 1
| #define HAVE_INTTYPES_H 1
| #define HAVE_STDINT_H 1
| #define HAVE_STRINGS_H 1
| #define HAVE_SYS_STAT_H 1
| #define HAVE_SYS_TYPES_H 1
| #define HAVE_UNISTD_H 1
| #define STDC_HEADERS 1
| #define HAVE_STDARG_H 1
| #define HAVE_STDIO_H 1
| #define HAVE_STDLIB_H 1
| #define HAVE_CTYPE_H 1
| #define HAVE_SYS_SELECT_H 1
| #define HAVE_SIGNAL_H 1
| #define HAVE_UNISTD_H 1
| #define HAVE_TIME_H 1
| #define HAVE_SYS_WAIT_H 1
| #define HAVE_SYS_TIME_H 1
| #define HAVE_LANGINFO_H 1
| #define HAVE_ICONV_H 1
| #define HAVE_LOCALE_H 1
| #define HAVE_LIBINTL_H 1
| #define HAVE_X11_XLIB_H 1
| #define HAVE_X11_XUTIL_H 1
| #define HAVE_X11_CURSORFONT_H 1
| #define HAVE_X11_XPROTO_H 1
| #define HAVE_X11_XATOM_H 1
| #define HAVE_X11_KEYSYM_H 1
| #define HAVE_X11_XRESOURCE_H 1
| #define HAVE_UNSETENV 1
| #define HAVE_PUTENV 1
| #define HAVE_SETLOCALE 1
| #define HAVE_ALLOCA_H 1
| #define HAVE_ALLOCA 1
| #define DISABLE_CONFIRM 1
| #define USE_ICONS 1
| #define USE_PNG 1
| #define USE_JPEG 1
| #define HAVE_X11_EXTENSIONS_XRENDER_H 1
| #define USE_XRENDER 1
| #define HAVE_X11_XPM_H 1
| #define USE_XPM 1
| #define USE_XBM 1
| #define USE_SHAPE 1
| #define USE_XMU 1
| #define USE_XINERAMA 1
| #define HAVE_ICONV 1
| #define ICONV_CONST 
| /* end confdefs.h.  */
| #include <CoreFoundation/CFLocale.h>
| int
| main (void)
| {
| CFLocaleCopyCurrent();
|   ;
|   return 0;
| }
configure:9413: result: no
configure:9420: checking for CFLocaleCopyPreferredLanguages
configure:9439: musl-gcc -o conftest -I/usr/include/freetype2 -fno-link-libatomic -I/tmp/kyronix-x11-include -I/usr/include/libpng16    -Wl,--rpath-link,/usr/lib64 -L/usr/lib64 -lX11 -lpng16 -ljpeg -lXrender -lX11 -lXpm -lXext -lXmu -lXinerama conftest.c  -Wl,-framework -Wl,CoreFoundation >&5
conftest.c:65:10: fatal error: CoreFoundation/CFLocale.h: No such file or directory
   65 | #include <CoreFoundation/CFLocale.h>
      |          ^~~~~~~~~~~~~~~~~~~~~~~~~~~
compilation terminated.
configure:9439: $? = 1
configure: failed program was:
| /* confdefs.h */
| #define PACKAGE_NAME "jwm"
| #define PACKAGE_TARNAME "jwm"
| #define PACKAGE_VERSION "2.4.7"
| #define PACKAGE_STRING "jwm 2.4.7"
| #define PACKAGE_BUGREPORT "joewing@joewing.net"
| #define PACKAGE_URL ""
| #define PACKAGE "jwm"
| #define VERSION "2.4.7"
| #define _XOPEN_SOURCE 600L
| #define _XOPEN_SOURCE_EXTENDED 1
| #define __EXTENSIONS__ 1
| #define USE_XUTF8 1
| #define HAVE_STDIO_H 1
| #define HAVE_STDLIB_H 1
| #define HAVE_STRING_H 1
| #define HAVE_INTTYPES_H 1
| #define HAVE_STDINT_H 1
| #define HAVE_STRINGS_H 1
| #define HAVE_SYS_STAT_H 1
| #define HAVE_SYS_TYPES_H 1
| #define HAVE_UNISTD_H 1
| #define STDC_HEADERS 1
| #define HAVE_STDARG_H 1
| #define HAVE_STDIO_H 1
| #define HAVE_STDLIB_H 1
| #define HAVE_CTYPE_H 1
| #define HAVE_SYS_SELECT_H 1
| #define HAVE_SIGNAL_H 1
| #define HAVE_UNISTD_H 1
| #define HAVE_TIME_H 1
| #define HAVE_SYS_WAIT_H 1
| #define HAVE_SYS_TIME_H 1
| #define HAVE_LANGINFO_H 1
| #define HAVE_ICONV_H 1
| #define HAVE_LOCALE_H 1
| #define HAVE_LIBINTL_H 1
| #define HAVE_X11_XLIB_H 1
| #define HAVE_X11_XUTIL_H 1
| #define HAVE_X11_CURSORFONT_H 1
| #define HAVE_X11_XPROTO_H 1
| #define HAVE_X11_XATOM_H 1
| #define HAVE_X11_KEYSYM_H 1
| #define HAVE_X11_XRESOURCE_H 1
| #define HAVE_UNSETENV 1
| #define HAVE_PUTENV 1
| #define HAVE_SETLOCALE 1
| #define HAVE_ALLOCA_H 1
| #define HAVE_ALLOCA 1
| #define DISABLE_CONFIRM 1
| #define USE_ICONS 1
| #define USE_PNG 1
| #define USE_JPEG 1
| #define HAVE_X11_EXTENSIONS_XRENDER_H 1
| #define USE_XRENDER 1
| #define HAVE_X11_XPM_H 1
| #define USE_XPM 1
| #define USE_XBM 1
| #define USE_SHAPE 1
| #define USE_XMU 1
| #define USE_XINERAMA 1
| #define HAVE_ICONV 1
| #define ICONV_CONST 
| /* end confdefs.h.  */
| #include <CoreFoundation/CFLocale.h>
| int
| main (void)
| {
| CFLocaleCopyPreferredLanguages();
|   ;
|   return 0;
| }
configure:9451: result: no
configure:9502: checking for GNU gettext in libc
configure:9532: musl-gcc -o conftest -I/usr/include/freetype2 -fno-link-libatomic -I/tmp/kyronix-x11-include -I/usr/include/libpng16    -Wl,--rpath-link,/usr/lib64 -L/usr/lib64 -lX11 -lpng16 -ljpeg -lXrender -lX11 -lXpm -lXext -lXmu -lXinerama conftest.c  >&5
configure:9532: $? = 0
configure:9544: result: yes
configure:10416: checking whether to use NLS
configure:10418: result: yes
configure:10421: checking where the gettext function comes from
configure:10432: result: libc
configure:10647: checking that generated files are newer than configure
configure:10653: result: done
configure:10696: creating ./config.status

## ---------------------- ##
## Running config.status. ##
## ---------------------- ##

This file was extended by jwm config.status 2.4.7, which was
generated by GNU Autoconf 2.73.  Invocation command line was

  CONFIG_FILES    = 
  CONFIG_HEADERS  = 
  CONFIG_LINKS    = 
  CONFIG_COMMANDS = 
  $ ./config.status 

on laptop

config.status:931: creating po/Makefile.in
config.status:931: creating Makefile
config.status:931: creating src/Makefile
config.status:931: creating contrib/Makefile
config.status:931: creating jwm.1
config.status:931: creating config.h
config.status:1160: executing depfiles commands
config.status:1160: executing po-directories commands

## ---------------- ##
## Cache variables. ##
## ---------------- ##

ac_cv_build=x86_64-pc-linux-musl
ac_cv_c_compiler_gnu=yes
ac_cv_c_future_darwin_options='none needed'
ac_cv_c_undeclared_builtin_options='none needed'
ac_cv_env_CC_set=set
ac_cv_env_CC_value=musl-gcc
ac_cv_env_CFLAGS_set=set
ac_cv_env_CFLAGS_value='-I/usr/include/freetype2 -fno-link-libatomic'
ac_cv_env_CPPFLAGS_set=
ac_cv_env_CPPFLAGS_value=
ac_cv_env_CPP_set=
ac_cv_env_CPP_value=
ac_cv_env_LDFLAGS_set=set
ac_cv_env_LDFLAGS_value=-Wl,--rpath-link,/usr/lib64
ac_cv_env_LIBS_set=
ac_cv_env_LIBS_value=
ac_cv_env_XMKMF_set=
ac_cv_env_XMKMF_value=
ac_cv_env_build_alias_set=
ac_cv_env_build_alias_value=
ac_cv_env_host_alias_set=set
ac_cv_env_host_alias_value=x86_64-linux-musl
ac_cv_env_target_alias_set=
ac_cv_env_target_alias_value=
ac_cv_func_alloca_works=yes
ac_cv_func_putenv=yes
ac_cv_func_setlocale=yes
ac_cv_func_unsetenv=yes
ac_cv_have_decl_XpmAllocColor=yes
ac_cv_have_x='have_x=yes	ac_x_includes='\''/tmp/kyronix-x11-include'\''	ac_x_libraries='\''/usr/lib64'\'''
ac_cv_header_X11_Xatom_h=yes
ac_cv_header_X11_Xlib_h=yes
ac_cv_header_X11_Xproto_h=yes
ac_cv_header_X11_Xresource_h=yes
ac_cv_header_X11_Xutil_h=yes
ac_cv_header_X11_cursorfont_h=yes
ac_cv_header_X11_extensions_Xrender_h=yes
ac_cv_header_X11_keysym_h=yes
ac_cv_header_X11_xpm_h=yes
ac_cv_header_ctype_h=yes
ac_cv_header_iconv_h=yes
ac_cv_header_inttypes_h=yes
ac_cv_header_langinfo_h=yes
ac_cv_header_libintl_h=yes
ac_cv_header_locale_h=yes
ac_cv_header_signal_h=yes
ac_cv_header_stdarg_h=yes
ac_cv_header_stdint_h=yes
ac_cv_header_stdio_h=yes
ac_cv_header_stdlib_h=yes
ac_cv_header_string_h=yes
ac_cv_header_strings_h=yes
ac_cv_header_sys_select_h=yes
ac_cv_header_sys_stat_h=yes
ac_cv_header_sys_time_h=yes
ac_cv_header_sys_types_h=yes
ac_cv_header_sys_wait_h=yes
ac_cv_header_time_h=yes
ac_cv_header_unistd_h=yes
ac_cv_host=x86_64-pc-linux-musl
ac_cv_lib_X11_XOpenDisplay=yes
ac_cv_lib_X11_XReadBitmapFileData=yes
ac_cv_lib_X11_Xutf8TextPropertyToTextList=yes
ac_cv_lib_Xext_XShapeCombineRectangles=yes
ac_cv_lib_Xinerama_XineramaQueryExtension=yes
ac_cv_lib_Xmu_XmuDrawRoundedRectangle=yes
ac_cv_lib_Xpm_XpmReadFileToImage=yes
ac_cv_lib_Xrender_XRenderComposite=yes
ac_cv_objext=o
ac_cv_path_GMSGFMT=/usr/bin/msgfmt
ac_cv_path_MSGFMT=/usr/bin/msgfmt
ac_cv_path_MSGMERGE=/usr/bin/msgmerge
ac_cv_path_SED=/usr/bin/sed
ac_cv_path_XGETTEXT=/usr/bin/xgettext
ac_cv_path_ac_pt_PKGCONFIG=/usr/bin/pkg-config
ac_cv_path_install='/usr/bin/install -c'
ac_cv_path_mkdir=/usr/bin/mkdir
ac_cv_prog_AWK=gawk
ac_cv_prog_CC=musl-gcc
ac_cv_prog_CPP='musl-gcc -E'
ac_cv_prog_ac_ct_STRIP=strip
ac_cv_prog_cc_c11=
ac_cv_prog_cc_c23=no
ac_cv_prog_cc_g=yes
ac_cv_prog_cc_stdc=
ac_cv_prog_make_make_set=yes
ac_cv_type_size_t=yes
ac_cv_working_alloca_h=yes
acl_cv_hardcode_direct=no
acl_cv_hardcode_libdir_flag_spec='${wl}-rpath ${wl}$libdir'
acl_cv_hardcode_libdir_separator=
acl_cv_hardcode_minus_L=no
acl_cv_libdirstems=lib,lib
acl_cv_libext=a
acl_cv_libname_spec='lib$name'
acl_cv_library_names_spec='$libname$shrext'
acl_cv_path_LD=/usr/bin/ld
acl_cv_prog_gnu_ld=yes
acl_cv_rpath=done
acl_cv_shlibext=so
acl_cv_wl=-Wl,
am_cv_CC_dependencies_compiler_type=none
am_cv_filesystem_timestamp_resolution=0.01
am_cv_func_iconv=yes
am_cv_func_iconv_works='guessing yes'
am_cv_lib_iconv=no
am_cv_make_support_nested_variables=yes
am_cv_prog_cc_c_o=yes
am_cv_prog_tar_ustar=gnutar
am_cv_proto_iconv='extern size_t iconv (iconv_t cd, char * *inbuf, size_t *inbytesleft, char * *outbuf, size_t *outbytesleft);'
am_cv_proto_iconv_arg1=
am_cv_sleep_fractional_seconds=yes
am_cv_xargs_n_works=yes
gl_cv_host_cpu_c_abi_32bit=no
gt_cv_func_CFLocaleCopyCurrent=no
gt_cv_func_CFLocaleCopyPreferredLanguages=no
gt_cv_func_CFPreferencesCopyAppValue=no
gt_cv_func_gnugettext1_libc=yes

## ----------------- ##
## Output variables. ##
## ----------------- ##

ACLOCAL='${SHELL} '\''/home/zennix/project/kyronix/ports/jwm/missing'\'' aclocal-1.18'
ALLOCA=''
AMDEPBACKSLASH='\'
AMDEP_FALSE='#'
AMDEP_TRUE=''
AMTAR='$${TAR-tar}'
AM_BACKSLASH='\'
AM_DEFAULT_V='$(AM_DEFAULT_VERBOSITY)'
AM_DEFAULT_VERBOSITY='1'
AM_V='$(V)'
AUTOCONF='${SHELL} '\''/home/zennix/project/kyronix/ports/jwm/missing'\'' autoconf'
AUTOHEADER='${SHELL} '\''/home/zennix/project/kyronix/ports/jwm/missing'\'' autoheader'
AUTOMAKE='${SHELL} '\''/home/zennix/project/kyronix/ports/jwm/missing'\'' automake-1.18'
AWK='gawk'
BINDIR='/usr/local/bin'
CC='musl-gcc'
CCDEPMODE='depmode=none'
CFLAGS='-I/usr/include/freetype2 -fno-link-libatomic -I/tmp/kyronix-x11-include -I/usr/include/libpng16   -DLOCALEDIR=\"/usr/local/share/locale\"'
CPP='musl-gcc -E'
CPPFLAGS=''
CSCOPE='cscope'
CTAGS='ctags'
CYGPATH_W='echo'
DATADIR='/usr/local/share'
DATE='2026-06-27'
DEFS='-DHAVE_CONFIG_H'
DEPDIR='.deps'
ECHO_C=''
ECHO_N='-n'
ECHO_T=''
ETAGS='etags'
EXEEXT=''
GETTEXT_MACRO_VERSION='0.20'
GMSGFMT='/usr/bin/msgfmt'
GMSGFMT_015='/usr/bin/msgfmt'
INSTALL_DATA='${INSTALL} -m 644'
INSTALL_PROGRAM='${INSTALL}'
INSTALL_SCRIPT='${INSTALL}'
INSTALL_STRIP_PROGRAM='$(install_sh) -c -s'
INSTVERSION='247'
INTLLIBS=''
INTL_MACOSX_LIBS=''
LDFLAGS='-Wl,--rpath-link,/usr/lib64 -L/usr/lib64 -lX11 -lpng16 -ljpeg -lXrender -lX11 -lXpm -lXext -lXmu -lXinerama  '
LIBICONV=''
LIBINTL=''
LIBOBJS=''
LIBS=''
LTLIBICONV=''
LTLIBINTL=''
LTLIBOBJS=''
MAKEINFO='${SHELL} '\''/home/zennix/project/kyronix/ports/jwm/missing'\'' makeinfo'
MANDIR='/usr/local/share/man'
MKDIR_P='/usr/bin/mkdir -p'
MSGFMT='/usr/bin/msgfmt'
MSGMERGE='/usr/bin/msgmerge'
MSGMERGE_FOR_MSGFMT_OPTION='--for-msgfmt'
OBJEXT='o'
PACKAGE='jwm'
PACKAGE_BUGREPORT='joewing@joewing.net'
PACKAGE_NAME='jwm'
PACKAGE_STRING='jwm 2.4.7'
PACKAGE_TARNAME='jwm'
PACKAGE_URL=''
PACKAGE_VERSION='2.4.7'
PATH_SEPARATOR=':'
PKGCONFIG='/usr/bin/pkg-config'
POSUB='po'
SED='/usr/bin/sed'
SET_MAKE=''
SHELL='/bin/sh'
STRIP='strip'
SYSCONF='/usr/local/etc'
USE_NLS='yes'
VERSION='2.4.7'
XGETTEXT='/usr/bin/xgettext'
XGETTEXT_015='/usr/bin/xgettext'
XGETTEXT_EXTRA_OPTIONS=''
XMKMF=''
ac_ct_CC=''
am__EXEEXT_FALSE=''
am__EXEEXT_TRUE='#'
am__fastdepCC_FALSE=''
am__fastdepCC_TRUE='#'
am__include='include'
am__isrc=''
am__leading_dot='.'
am__nodep='_no'
am__quote=''
am__rm_f_notfound=''
am__tar='tar --format=ustar -chf - "$$tardir"'
am__untar='tar -xf -'
am__xargs_n='xargs -n'
bindir='${exec_prefix}/bin'
build='x86_64-pc-linux-musl'
build_alias=''
build_cpu='x86_64'
build_os='linux-musl'
build_vendor='pc'
datadir='${datarootdir}'
datarootdir='${prefix}/share'
docdir='${datarootdir}/doc/${PACKAGE_TARNAME}'
dvidir='${docdir}'
exec_prefix='/usr/local'
host='x86_64-pc-linux-musl'
host_alias='x86_64-linux-musl'
host_cpu='x86_64'
host_os='linux-musl'
host_vendor='pc'
htmldir='${docdir}'
includedir='${prefix}/include'
infodir='${datarootdir}/info'
install_sh='${SHELL} /home/zennix/project/kyronix/ports/jwm/install-sh'
libdir='${exec_prefix}/lib'
libexecdir='${exec_prefix}/libexec'
localedir='/usr/local/share/locale'
localstatedir='${prefix}/var'
mandir='${datarootdir}/man'
mkdir_p='$(MKDIR_P)'
oldincludedir='/usr/include'
pdfdir='${docdir}'
prefix='/usr/local'
program_transform_name='s,x,x,'
psdir='${docdir}'
runstatedir='${localstatedir}/run'
sbindir='${exec_prefix}/sbin'
sharedstatedir='${prefix}/com'
sysconfdir='${prefix}/etc'
target_alias=''

## ----------- ##
## confdefs.h. ##
## ----------- ##

/* confdefs.h */
#define PACKAGE_NAME "jwm"
#define PACKAGE_TARNAME "jwm"
#define PACKAGE_VERSION "2.4.7"
#define PACKAGE_STRING "jwm 2.4.7"
#define PACKAGE_BUGREPORT "joewing@joewing.net"
#define PACKAGE_URL ""
#define PACKAGE "jwm"
#define VERSION "2.4.7"
#define _XOPEN_SOURCE 600L
#define _XOPEN_SOURCE_EXTENDED 1
#define __EXTENSIONS__ 1
#define USE_XUTF8 1
#define HAVE_STDIO_H 1
#define HAVE_STDLIB_H 1
#define HAVE_STRING_H 1
#define HAVE_INTTYPES_H 1
#define HAVE_STDINT_H 1
#define HAVE_STRINGS_H 1
#define HAVE_SYS_STAT_H 1
#define HAVE_SYS_TYPES_H 1
#define HAVE_UNISTD_H 1
#define STDC_HEADERS 1
#define HAVE_STDARG_H 1
#define HAVE_STDIO_H 1
#define HAVE_STDLIB_H 1
#define HAVE_CTYPE_H 1
#define HAVE_SYS_SELECT_H 1
#define HAVE_SIGNAL_H 1
#define HAVE_UNISTD_H 1
#define HAVE_TIME_H 1
#define HAVE_SYS_WAIT_H 1
#define HAVE_SYS_TIME_H 1
#define HAVE_LANGINFO_H 1
#define HAVE_ICONV_H 1
#define HAVE_LOCALE_H 1
#define HAVE_LIBINTL_H 1
#define HAVE_X11_XLIB_H 1
#define HAVE_X11_XUTIL_H 1
#define HAVE_X11_CURSORFONT_H 1
#define HAVE_X11_XPROTO_H 1
#define HAVE_X11_XATOM_H 1
#define HAVE_X11_KEYSYM_H 1
#define HAVE_X11_XRESOURCE_H 1
#define HAVE_UNSETENV 1
#define HAVE_PUTENV 1
#define HAVE_SETLOCALE 1
#define HAVE_ALLOCA_H 1
#define HAVE_ALLOCA 1
#define DISABLE_CONFIRM 1
#define USE_ICONS 1
#define USE_PNG 1
#define USE_JPEG 1
#define HAVE_X11_EXTENSIONS_XRENDER_H 1
#define USE_XRENDER 1
#define HAVE_X11_XPM_H 1
#define USE_XPM 1
#define USE_XBM 1
#define USE_SHAPE 1
#define USE_XMU 1
#define USE_XINERAMA 1
#define HAVE_ICONV 1
#define ICONV_CONST 
#define ENABLE_NLS 1
#define HAVE_GETTEXT 1
#define HAVE_DCGETTEXT 1
#define SYSTEM_CONFIG "/usr/local/etc/system.jwmrc"

configure: exit 
